#
# There is insufficient memory for the Java Runtime Environment to continue.
# Native memory allocation (malloc) failed to allocate 1092656 bytes for Chunk::new
# Possible reasons:
#   The system is out of physical RAM or swap space
#   The process is running with CompressedOops enabled, and the Java Heap may be blocking the growth of the native heap
# Possible solutions:
#   Reduce memory load on the system
#   Increase physical memory or swap space
#   Check if swap backing store is full
#   Decrease Java heap size (-Xmx/-Xms)
#   Decrease number of Java threads
#   Decrease Java thread stack sizes (-Xss)
#   Set larger code cache with -XX:ReservedCodeCacheSize=
#   JVM is running with Unscaled Compressed Oops mode in which the Java heap is
#     placed in the first 4GB address space. The Java Heap base address is the
#     maximum limit for the native heap growth. Please use -XX:HeapBaseMinAddress
#     to set the Java Heap base and to place the Java Heap above 4GB virtual address.
# This output file may be truncated or incomplete.
#
#  Out of Memory Error (./src/hotspot/share/memory/arena.cpp:197), pid=2272, tid=788
#
# JRE version: OpenJDK Runtime Environment (11.0.12+7) (build 11.0.12+7-b1504.28-7817840)
# Java VM: OpenJDK 64-Bit Server VM (11.0.12+7-b1504.28-7817840, mixed mode, tiered, compressed oops, g1 gc, windows-amd64)
# No core dump will be written. Minidumps are not enabled by default on client versions of Windows
#

---------------  S U M M A R Y ------------

Command Line: --add-opens=java.base/java.util=ALL-UNNAMED --add-opens=java.base/java.lang=ALL-UNNAMED --add-opens=java.base/java.lang.invoke=ALL-UNNAMED --add-opens=java.base/java.util=ALL-UNNAMED --add-opens=java.prefs/java.util.prefs=ALL-UNNAMED --add-opens=java.prefs/java.util.prefs=ALL-UNNAMED --add-opens=java.base/java.nio.charset=ALL-UNNAMED --add-opens=java.base/java.net=ALL-UNNAMED --add-opens=java.base/java.util.concurrent.atomic=ALL-UNNAMED -Xmx2048m -Dfile.encoding=UTF-8 -Duser.country=US -Duser.language=en -Duser.variant org.gradle.launcher.daemon.bootstrap.GradleDaemon 7.3.3

Host: Intel(R) Core(TM) i5-4590 CPU @ 3.30GHz, 4 cores, 11G,  Windows 10 , 64 bit Build 19041 (10.0.19041.2364)
Time: Thu Jan 26 22:12:33 2023 Caucasus Standard Time elapsed time: 255.490274 seconds (0d 0h 4m 15s)

---------------  T H R E A D  ---------------

Current thread (0x00000259eb3bc800):  JavaThread "C2 CompilerThread0" daemon [_thread_in_native, id=788, stack(0x0000009bca800000,0x0000009bca900000)]


Current CompileTask:
C2: 255490 24529 %     4       com.android.tools.r8.ir.regalloc.b::a @ 626 (1329 bytes)

Stack: [0x0000009bca800000,0x0000009bca900000]
Native frames: (J=compiled Java code, j=interpreted, Vv=VM code, C=native code)
V  [jvm.dll+0x5fbcea]
V  [jvm.dll+0x731905]
V  [jvm.dll+0x732f1d]
V  [jvm.dll+0x7335d3]
V  [jvm.dll+0x247bf8]
V  [jvm.dll+0xc018c]
V  [jvm.dll+0xc06cc]
V  [jvm.dll+0x35b2db]
V  [jvm.dll+0x19cebc]
V  [jvm.dll+0x20070e]
V  [jvm.dll+0x1ff794]
V  [jvm.dll+0x18868c]
V  [jvm.dll+0x20e0d7]
V  [jvm.dll+0x20c901]
V  [jvm.dll+0x6f9b7f]
V  [jvm.dll+0x6f26a5]
V  [jvm.dll+0x5fabf6]
C  [ucrtbase.dll+0x21bb2]
C  [KERNEL32.DLL+0x17614]
C  [ntdll.dll+0x526a1]


---------------  P R O C E S S  ---------------

Threads class SMR info:
_java_thread_list=0x00000259f74d32d0, length=89, elements={
0x00000259cefa9800, 0x00000259eab65800, 0x00000259eab6c000, 0x00000259eb3b4800,
0x00000259eb3b7800, 0x00000259eb3b9000, 0x00000259eb3bc800, 0x00000259eb3c3000,
0x00000259eb3c7800, 0x00000259eb527800, 0x00000259ec312000, 0x00000259ed31e800,
0x00000259ed355000, 0x00000259ec3a0800, 0x00000259ec3a1000, 0x00000259ebbdc000,
0x00000259ebbdb000, 0x00000259ebbdf000, 0x00000259ebbd9800, 0x00000259ebbdd800,
0x00000259ebbdc800, 0x00000259ebbe1800, 0x00000259ebbe2800, 0x00000259ebbe5800,
0x00000259f0166000, 0x00000259f0164000, 0x00000259f0163800, 0x00000259f0168800,
0x00000259f016a000, 0x00000259f016c800, 0x00000259f0166800, 0x00000259f0169000,
0x00000259f016d000, 0x00000259f016b000, 0x00000259f0167800, 0x00000259f0171800,
0x00000259f016f800, 0x00000259f016e000, 0x00000259f016f000, 0x00000259f0170800,
0x00000259f016b800, 0x00000259f0172000, 0x00000259ebbda000, 0x00000259ebbe4000,
0x00000259ebbde800, 0x00000259ebbe0800, 0x00000259ebbe5000, 0x00000259ebbe6800,
0x00000259ebbe8000, 0x00000259ebbe7000, 0x00000259ec39f000, 0x00000259ec39f800,
0x00000259f417f000, 0x00000259f4182800, 0x00000259f4180800, 0x00000259f4181800,
0x00000259f4183000, 0x00000259f4184000, 0x00000259f417e800, 0x00000259f4185800,
0x00000259f4185000, 0x00000259f4180000, 0x00000259f4189000, 0x00000259f4189800,
0x00000259f418b800, 0x00000259f4188000, 0x00000259f418a800, 0x00000259f418c000,
0x00000259f4186800, 0x00000259f418d000, 0x00000259f4187800, 0x00000259eb69d800,
0x00000259eb69c000, 0x00000259eb69e800, 0x00000259eb69f000, 0x00000259eb699800,
0x00000259eb6a0000, 0x00000259eb69b000, 0x00000259eb69a800, 0x00000259eb6a1800,
0x00000259eb6a1000, 0x00000259eb6a2800, 0x00000259eb69c800, 0x00000259eb6a8000,
0x00000259eb6a6800, 0x00000259eb6a7800, 0x00000259eb6a3800, 0x00000259eb6a4000,
0x00000259f6a33000
}

Java Threads: ( => current thread )
  0x00000259cefa9800 JavaThread "main" [_thread_blocked, id=4060, stack(0x0000009bc9c00000,0x0000009bc9d00000)]
  0x00000259eab65800 JavaThread "Reference Handler" daemon [_thread_blocked, id=12168, stack(0x0000009bca300000,0x0000009bca400000)]
  0x00000259eab6c000 JavaThread "Finalizer" daemon [_thread_blocked, id=11848, stack(0x0000009bca400000,0x0000009bca500000)]
  0x00000259eb3b4800 JavaThread "Signal Dispatcher" daemon [_thread_blocked, id=1944, stack(0x0000009bca500000,0x0000009bca600000)]
  0x00000259eb3b7800 JavaThread "Attach Listener" daemon [_thread_blocked, id=1876, stack(0x0000009bca600000,0x0000009bca700000)]
  0x00000259eb3b9000 JavaThread "Service Thread" daemon [_thread_blocked, id=6040, stack(0x0000009bca700000,0x0000009bca800000)]
=>0x00000259eb3bc800 JavaThread "C2 CompilerThread0" daemon [_thread_in_native, id=788, stack(0x0000009bca800000,0x0000009bca900000)]
  0x00000259eb3c3000 JavaThread "C1 CompilerThread0" daemon [_thread_blocked, id=13568, stack(0x0000009bca900000,0x0000009bcaa00000)]
  0x00000259eb3c7800 JavaThread "Sweeper thread" daemon [_thread_blocked, id=4832, stack(0x0000009bcaa00000,0x0000009bcab00000)]
  0x00000259eb527800 JavaThread "Common-Cleaner" daemon [_thread_blocked, id=11608, stack(0x0000009bcab00000,0x0000009bcac00000)]
  0x00000259ec312000 JavaThread "Daemon health stats" [_thread_blocked, id=6516, stack(0x0000009bcad00000,0x0000009bcae00000)]
  0x00000259ed31e800 JavaThread "Incoming local TCP Connector on port 55572" [_thread_in_native, id=7604, stack(0x0000009bcb100000,0x0000009bcb200000)]
  0x00000259ed355000 JavaThread "Daemon periodic checks" [_thread_blocked, id=5856, stack(0x0000009bcb200000,0x0000009bcb300000)]
  0x00000259ec3a0800 JavaThread "Cache worker for journal cache (C:\Users\posox\.gradle\caches\journal-1)" [_thread_blocked, id=6628, stack(0x0000009bcba00000,0x0000009bcbb00000)]
  0x00000259ec3a1000 JavaThread "File lock request listener" [_thread_in_native, id=6220, stack(0x0000009bcbb00000,0x0000009bcbc00000)]
  0x00000259ebbdc000 JavaThread "Cache worker for file hash cache (C:\Users\posox\.gradle\caches\7.3.3\fileHashes)" [_thread_blocked, id=1012, stack(0x0000009bcbd00000,0x0000009bcbe00000)]
  0x00000259ebbdb000 JavaThread "File watcher server" daemon [_thread_in_native, id=10208, stack(0x0000009bcc000000,0x0000009bcc100000)]
  0x00000259ebbdf000 JavaThread "File watcher consumer" daemon [_thread_blocked, id=7296, stack(0x0000009bcc100000,0x0000009bcc200000)]
  0x00000259ebbd9800 JavaThread "jar transforms" [_thread_blocked, id=12192, stack(0x0000009bcc200000,0x0000009bcc300000)]
  0x00000259ebbdd800 JavaThread "jar transforms Thread 2" [_thread_blocked, id=1832, stack(0x0000009bcc300000,0x0000009bcc400000)]
  0x00000259ebbdc800 JavaThread "jar transforms Thread 3" [_thread_blocked, id=3116, stack(0x0000009bcc400000,0x0000009bcc500000)]
  0x00000259ebbe1800 JavaThread "jar transforms Thread 4" [_thread_blocked, id=6652, stack(0x0000009bcc500000,0x0000009bcc600000)]
  0x00000259ebbe2800 JavaThread "Cache worker for execution history cache (C:\Users\posox\.gradle\caches\7.3.3\executionHistory)" [_thread_blocked, id=6964, stack(0x0000009bcc900000,0x0000009bcca00000)]
  0x00000259ebbe5800 JavaThread "Cache worker for file content cache (C:\Users\posox\.gradle\caches\7.3.3\fileContent)" [_thread_blocked, id=10928, stack(0x0000009bcca00000,0x0000009bccb00000)]
  0x00000259f0166000 JavaThread "Memory manager" [_thread_blocked, id=5772, stack(0x0000009bcf500000,0x0000009bcf600000)]
  0x00000259f0164000 JavaThread "Daemon Thread 2" [_thread_blocked, id=2896, stack(0x0000009bc9900000,0x0000009bc9a00000)]
  0x00000259f0163800 JavaThread "Handler for socket connection from /127.0.0.1:55572 to /127.0.0.1:62721" [_thread_in_native, id=14076, stack(0x0000009bc9a00000,0x0000009bc9b00000)]
  0x00000259f0168800 JavaThread "Cancel handler" [_thread_blocked, id=13680, stack(0x0000009bc9b00000,0x0000009bc9c00000)]
  0x00000259f016a000 JavaThread "Daemon worker Thread 2" [_thread_blocked, id=11212, stack(0x0000009bcb300000,0x0000009bcb400000)]
  0x00000259f016c800 JavaThread "Asynchronous log dispatcher for DefaultDaemonConnection: socket connection from /127.0.0.1:55572 to /127.0.0.1:62721" [_thread_blocked, id=11588, stack(0x0000009bcb400000,0x0000009bcb500000)]
  0x00000259f0166800 JavaThread "Stdin handler" [_thread_blocked, id=12928, stack(0x0000009bcb500000,0x0000009bcb600000)]
  0x00000259f0169000 JavaThread "Daemon client event forwarder" [_thread_blocked, id=12820, stack(0x0000009bcb600000,0x0000009bcb700000)]
  0x00000259f016d000 JavaThread "Cache worker for file hash cache (C:\Users\posox\AndroidStudioProjects\LottieIntegrationAdmire\.gradle\7.3.3\fileHashes)" [_thread_blocked, id=7760, stack(0x0000009bcb700000,0x0000009bcb800000)]
  0x00000259f016b000 JavaThread "Cache worker for checksums cache (C:\Users\posox\AndroidStudioProjects\LottieIntegrationAdmire\.gradle\7.3.3\checksums)" [_thread_blocked, id=7832, stack(0x0000009bcb800000,0x0000009bcb900000)]
  0x00000259f0167800 JavaThread "Cache worker for cache directory md-supplier (C:\Users\posox\.gradle\caches\7.3.3\md-supplier)" [_thread_blocked, id=9892, stack(0x0000009bcb900000,0x0000009bcba00000)]
  0x00000259f0171800 JavaThread "Cache worker for cache directory md-rule (C:\Users\posox\.gradle\caches\7.3.3\md-rule)" [_thread_blocked, id=2652, stack(0x0000009bcbc00000,0x0000009bcbd00000)]
  0x00000259f016f800 JavaThread "Cache worker for dependencies-accessors (C:\Users\posox\AndroidStudioProjects\LottieIntegrationAdmire\.gradle\7.3.3\dependencies-accessors)" [_thread_blocked, id=4796, stack(0x0000009bcbe00000,0x0000009bcbf00000)]
  0x00000259f016e000 JavaThread "Cache worker for Build Output Cleanup Cache (C:\Users\posox\AndroidStudioProjects\LottieIntegrationAdmire\.gradle\buildOutputCleanup)" [_thread_blocked, id=9768, stack(0x0000009bcc600000,0x0000009bcc700000)]
  0x00000259f016f000 JavaThread "Unconstrained build operations" [_thread_blocked, id=5412, stack(0x0000009bcc700000,0x0000009bcc800000)]
  0x00000259f0170800 JavaThread "Unconstrained build operations Thread 2" [_thread_blocked, id=204, stack(0x0000009bcc800000,0x0000009bcc900000)]
  0x00000259f016b800 JavaThread "Unconstrained build operations Thread 3" [_thread_blocked, id=11556, stack(0x0000009bccb00000,0x0000009bccc00000)]
  0x00000259f0172000 JavaThread "Unconstrained build operations Thread 4" [_thread_blocked, id=2008, stack(0x0000009bccc00000,0x0000009bccd00000)]
  0x00000259ebbda000 JavaThread "Unconstrained build operations Thread 5" [_thread_blocked, id=9788, stack(0x0000009bccd00000,0x0000009bcce00000)]
  0x00000259ebbe4000 JavaThread "Unconstrained build operations Thread 6" [_thread_blocked, id=12432, stack(0x0000009bcce00000,0x0000009bccf00000)]
  0x00000259ebbde800 JavaThread "Unconstrained build operations Thread 7" [_thread_blocked, id=4080, stack(0x0000009bccf00000,0x0000009bcd000000)]
  0x00000259ebbe0800 JavaThread "Unconstrained build operations Thread 8" [_thread_blocked, id=11112, stack(0x0000009bcd000000,0x0000009bcd100000)]
  0x00000259ebbe5000 JavaThread "Unconstrained build operations Thread 9" [_thread_blocked, id=9984, stack(0x0000009bcd100000,0x0000009bcd200000)]
  0x00000259ebbe6800 JavaThread "Unconstrained build operations Thread 10" [_thread_blocked, id=5916, stack(0x0000009bcd200000,0x0000009bcd300000)]
  0x00000259ebbe8000 JavaThread "Unconstrained build operations Thread 11" [_thread_blocked, id=13232, stack(0x0000009bcd300000,0x0000009bcd400000)]
  0x00000259ebbe7000 JavaThread "Unconstrained build operations Thread 12" [_thread_blocked, id=1940, stack(0x0000009bcd400000,0x0000009bcd500000)]
  0x00000259ec39f000 JavaThread "Unconstrained build operations Thread 13" [_thread_blocked, id=9716, stack(0x0000009bcd500000,0x0000009bcd600000)]
  0x00000259ec39f800 JavaThread "Unconstrained build operations Thread 14" [_thread_blocked, id=2480, stack(0x0000009bcd600000,0x0000009bcd700000)]
  0x00000259f417f000 JavaThread "Unconstrained build operations Thread 15" [_thread_blocked, id=9900, stack(0x0000009bcd700000,0x0000009bcd800000)]
  0x00000259f4182800 JavaThread "Unconstrained build operations Thread 16" [_thread_blocked, id=7432, stack(0x0000009bcd800000,0x0000009bcd900000)]
  0x00000259f4180800 JavaThread "Unconstrained build operations Thread 17" [_thread_blocked, id=3356, stack(0x0000009bcd900000,0x0000009bcda00000)]
  0x00000259f4181800 JavaThread "Unconstrained build operations Thread 18" [_thread_in_Java, id=3728, stack(0x0000009bcda00000,0x0000009bcdb00000)]
  0x00000259f4183000 JavaThread "Unconstrained build operations Thread 19" [_thread_blocked, id=8316, stack(0x0000009bcdb00000,0x0000009bcdc00000)]
  0x00000259f4184000 JavaThread "Unconstrained build operations Thread 20" [_thread_blocked, id=10212, stack(0x0000009bcdc00000,0x0000009bcdd00000)]
  0x00000259f417e800 JavaThread "Unconstrained build operations Thread 21" [_thread_blocked, id=12352, stack(0x0000009bcdd00000,0x0000009bcde00000)]
  0x00000259f4185800 JavaThread "Unconstrained build operations Thread 22" [_thread_blocked, id=2844, stack(0x0000009bcde00000,0x0000009bcdf00000)]
  0x00000259f4185000 JavaThread "Unconstrained build operations Thread 23" [_thread_blocked, id=7592, stack(0x0000009bcdf00000,0x0000009bce000000)]
  0x00000259f4180000 JavaThread "Unconstrained build operations Thread 24" [_thread_blocked, id=11460, stack(0x0000009bce000000,0x0000009bce100000)]
  0x00000259f4189000 JavaThread "Unconstrained build operations Thread 25" [_thread_blocked, id=6596, stack(0x0000009bce100000,0x0000009bce200000)]
  0x00000259f4189800 JavaThread "Unconstrained build operations Thread 26" [_thread_blocked, id=12652, stack(0x0000009bce200000,0x0000009bce300000)]
  0x00000259f418b800 JavaThread "Unconstrained build operations Thread 27" [_thread_blocked, id=4136, stack(0x0000009bce300000,0x0000009bce400000)]
  0x00000259f4188000 JavaThread "Unconstrained build operations Thread 28" [_thread_blocked, id=12720, stack(0x0000009bce400000,0x0000009bce500000)]
  0x00000259f418a800 JavaThread "Unconstrained build operations Thread 29" [_thread_blocked, id=5428, stack(0x0000009bce500000,0x0000009bce600000)]
  0x00000259f418c000 JavaThread "Unconstrained build operations Thread 30" [_thread_blocked, id=6360, stack(0x0000009bce600000,0x0000009bce700000)]
  0x00000259f4186800 JavaThread "Unconstrained build operations Thread 31" [_thread_blocked, id=12392, stack(0x0000009bce700000,0x0000009bce800000)]
  0x00000259f418d000 JavaThread "Unconstrained build operations Thread 32" [_thread_blocked, id=4580, stack(0x0000009bce800000,0x0000009bce900000)]
  0x00000259f4187800 JavaThread "Unconstrained build operations Thread 33" [_thread_blocked, id=11852, stack(0x0000009bce900000,0x0000009bcea00000)]
  0x00000259eb69d800 JavaThread "Unconstrained build operations Thread 34" [_thread_blocked, id=14088, stack(0x0000009bcea00000,0x0000009bceb00000)]
  0x00000259eb69c000 JavaThread "Unconstrained build operations Thread 35" [_thread_blocked, id=7440, stack(0x0000009bceb00000,0x0000009bcec00000)]
  0x00000259eb69e800 JavaThread "Unconstrained build operations Thread 36" [_thread_blocked, id=13080, stack(0x0000009bcec00000,0x0000009bced00000)]
  0x00000259eb69f000 JavaThread "Unconstrained build operations Thread 37" [_thread_in_Java, id=11120, stack(0x0000009bced00000,0x0000009bcee00000)]
  0x00000259eb699800 JavaThread "Unconstrained build operations Thread 38" [_thread_blocked, id=8944, stack(0x0000009bcee00000,0x0000009bcef00000)]
  0x00000259eb6a0000 JavaThread "Unconstrained build operations Thread 39" [_thread_blocked, id=1808, stack(0x0000009bcef00000,0x0000009bcf000000)]
  0x00000259eb69b000 JavaThread "Unconstrained build operations Thread 40" [_thread_blocked, id=12668, stack(0x0000009bcf000000,0x0000009bcf100000)]
  0x00000259eb69a800 JavaThread "build event listener" [_thread_blocked, id=11868, stack(0x0000009bcf100000,0x0000009bcf200000)]
  0x00000259eb6a1800 JavaThread "build event listener" [_thread_blocked, id=3844, stack(0x0000009bcf200000,0x0000009bcf300000)]
  0x00000259eb6a1000 JavaThread "Execution worker for ':'" [_thread_blocked, id=9732, stack(0x0000009bcf300000,0x0000009bcf400000)]
  0x00000259eb6a2800 JavaThread "Execution worker for ':' Thread 2" [_thread_blocked, id=4836, stack(0x0000009bcf400000,0x0000009bcf500000)]
  0x00000259eb69c800 JavaThread "Execution worker for ':' Thread 3" [_thread_blocked, id=5552, stack(0x0000009bcf600000,0x0000009bcf700000)]
  0x00000259eb6a8000 JavaThread "Cache worker for execution history cache (C:\Users\posox\AndroidStudioProjects\LottieIntegrationAdmire\.gradle\7.3.3\executionHistory)" [_thread_blocked, id=6236, stack(0x0000009bcf800000,0x0000009bcf900000)]
  0x00000259eb6a6800 JavaThread "WorkerExecutor Queue" [_thread_blocked, id=5168, stack(0x0000009bcf900000,0x0000009bcfa00000)]
  0x00000259eb6a7800 JavaThread "WorkerExecutor Queue Thread 2" [_thread_blocked, id=12480, stack(0x0000009bcfa00000,0x0000009bcfb00000)]
  0x00000259eb6a3800 JavaThread "WorkerExecutor Queue Thread 3" [_thread_blocked, id=8940, stack(0x0000009bcfb00000,0x0000009bcfc00000)]
  0x00000259eb6a4000 JavaThread "WorkerExecutor Queue Thread 4" [_thread_blocked, id=12124, stack(0x0000009bcfc00000,0x0000009bcfd00000)]
  0x00000259f6a33000 JavaThread "C2 CompilerThread1" daemon [_thread_in_native, id=13924, stack(0x0000009bcbf00000,0x0000009bcc000000)]

Other Threads:
  0x00000259eab4e000 VMThread "VM Thread" [stack: 0x0000009bca200000,0x0000009bca300000] [id=2596]
  0x00000259eb53e000 WatcherThread [stack: 0x0000009bcac00000,0x0000009bcad00000] [id=7160]
  0x00000259cefc3800 GCTaskThread "GC Thread#0" [stack: 0x0000009bc9d00000,0x0000009bc9e00000] [id=10032]
  0x00000259ec06e000 GCTaskThread "GC Thread#1" [stack: 0x0000009bcae00000,0x0000009bcaf00000] [id=1728]
  0x00000259eb76c800 GCTaskThread "GC Thread#2" [stack: 0x0000009bcaf00000,0x0000009bcb000000] [id=8224]
  0x00000259ec20a000 GCTaskThread "GC Thread#3" [stack: 0x0000009bcb000000,0x0000009bcb100000] [id=14264]
  0x00000259ceff5000 ConcurrentGCThread "G1 Main Marker" [stack: 0x0000009bc9e00000,0x0000009bc9f00000] [id=13600]
  0x00000259ceff6000 ConcurrentGCThread "G1 Conc#0" [stack: 0x0000009bc9f00000,0x0000009bca000000] [id=6780]
  0x00000259cf08e000 ConcurrentGCThread "G1 Refine#0" [stack: 0x0000009bca000000,0x0000009bca100000] [id=2660]
  0x00000259ea9a2800 ConcurrentGCThread "G1 Young RemSet Sampling" [stack: 0x0000009bca100000,0x0000009bca200000] [id=9488]

Threads with active compile tasks:
C2 CompilerThread0 255540 24529 %     4       com.android.tools.r8.ir.regalloc.b::a @ 626 (1329 bytes)
C2 CompilerThread1 255540 24535       4       com.android.tools.r8.ir.regalloc.b::a (957 bytes)

VM state:not at safepoint (normal execution)

VM Mutex/Monitor currently owned by a thread: None

Heap address: 0x0000000080000000, size: 2048 MB, Compressed Oops mode: 32-bit
Narrow klass base: 0x0000000000000000, Narrow klass shift: 3
Compressed class space size: 1073741824 Address: 0x0000000100000000

Heap:
 garbage-first heap   total 355328K, used 259950K [0x0000000080000000, 0x0000000100000000)
  region size 1024K, 63 young (64512K), 5 survivors (5120K)
 Metaspace       used 144480K, capacity 148293K, committed 148480K, reserved 1177600K
  class space    used 17916K, capacity 19324K, committed 19456K, reserved 1048576K
Heap Regions: E=young(eden), S=young(survivor), O=old, HS=humongous(starts), HC=humongous(continues), CS=collection set, F=free, A=archive, TAMS=top-at-mark-start (previous, next)
|   0|0x0000000080000000, 0x0000000080100000, 0x0000000080100000|100%| O|  |TAMS 0x0000000080100000, 0x0000000080000000| Untracked 
|   1|0x0000000080100000, 0x0000000080200000, 0x0000000080200000|100%| O|  |TAMS 0x0000000080200000, 0x0000000080100000| Untracked 
|   2|0x0000000080200000, 0x0000000080300000, 0x0000000080300000|100%| O|  |TAMS 0x0000000080300000, 0x0000000080200000| Untracked 
|   3|0x0000000080300000, 0x0000000080400000, 0x0000000080400000|100%|HS|  |TAMS 0x0000000080400000, 0x0000000080300000| Complete 
|   4|0x0000000080400000, 0x0000000080500000, 0x0000000080500000|100%|HC|  |TAMS 0x0000000080500000, 0x0000000080400000| Complete 
|   5|0x0000000080500000, 0x0000000080600000, 0x0000000080600000|100%|HC|  |TAMS 0x0000000080600000, 0x0000000080500000| Complete 
|   6|0x0000000080600000, 0x0000000080700000, 0x0000000080700000|100%| O|  |TAMS 0x0000000080700000, 0x0000000080600000| Untracked 
|   7|0x0000000080700000, 0x0000000080800000, 0x0000000080800000|100%| O|  |TAMS 0x0000000080800000, 0x0000000080700000| Untracked 
|   8|0x0000000080800000, 0x0000000080900000, 0x0000000080900000|100%| O|  |TAMS 0x0000000080900000, 0x0000000080800000| Untracked 
|   9|0x0000000080900000, 0x0000000080a00000, 0x0000000080a00000|100%| O|  |TAMS 0x0000000080a00000, 0x0000000080900000| Untracked 
|  10|0x0000000080a00000, 0x0000000080b00000, 0x0000000080b00000|100%| O|  |TAMS 0x0000000080b00000, 0x0000000080a00000| Untracked 
|  11|0x0000000080b00000, 0x0000000080c00000, 0x0000000080c00000|100%| O|  |TAMS 0x0000000080c00000, 0x0000000080b00000| Untracked 
|  12|0x0000000080c00000, 0x0000000080d00000, 0x0000000080d00000|100%| O|  |TAMS 0x0000000080d00000, 0x0000000080c00000| Untracked 
|  13|0x0000000080d00000, 0x0000000080e00000, 0x0000000080e00000|100%|HS|  |TAMS 0x0000000080e00000, 0x0000000080d00000| Complete 
|  14|0x0000000080e00000, 0x0000000080f00000, 0x0000000080f00000|100%|HC|  |TAMS 0x0000000080f00000, 0x0000000080e00000| Complete 
|  15|0x0000000080f00000, 0x0000000081000000, 0x0000000081000000|100%|HS|  |TAMS 0x0000000081000000, 0x0000000080f00000| Complete 
|  16|0x0000000081000000, 0x0000000081100000, 0x0000000081100000|100%|HC|  |TAMS 0x0000000081100000, 0x0000000081000000| Complete 
|  17|0x0000000081100000, 0x0000000081200000, 0x0000000081200000|100%|HC|  |TAMS 0x0000000081200000, 0x0000000081100000| Complete 
|  18|0x0000000081200000, 0x0000000081300000, 0x0000000081300000|100%|HS|  |TAMS 0x0000000081300000, 0x0000000081200000| Complete 
|  19|0x0000000081300000, 0x0000000081400000, 0x0000000081400000|100%|HS|  |TAMS 0x0000000081400000, 0x0000000081300000| Complete 
|  20|0x0000000081400000, 0x0000000081500000, 0x0000000081500000|100%|HC|  |TAMS 0x0000000081500000, 0x0000000081400000| Complete 
|  21|0x0000000081500000, 0x0000000081600000, 0x0000000081600000|100%|HC|  |TAMS 0x0000000081600000, 0x0000000081500000| Complete 
|  22|0x0000000081600000, 0x0000000081700000, 0x0000000081700000|100%|HC|  |TAMS 0x0000000081700000, 0x0000000081600000| Complete 
|  23|0x0000000081700000, 0x0000000081800000, 0x0000000081800000|100%|HS|  |TAMS 0x0000000081800000, 0x0000000081700000| Complete 
|  24|0x0000000081800000, 0x0000000081900000, 0x0000000081900000|100%| O|  |TAMS 0x0000000081900000, 0x0000000081800000| Untracked 
|  25|0x0000000081900000, 0x0000000081a00000, 0x0000000081a00000|100%| O|  |TAMS 0x0000000081a00000, 0x0000000081900000| Untracked 
|  26|0x0000000081a00000, 0x0000000081b00000, 0x0000000081b00000|100%|HS|  |TAMS 0x0000000081b00000, 0x0000000081a00000| Complete 
|  27|0x0000000081b00000, 0x0000000081c00000, 0x0000000081c00000|100%|HS|  |TAMS 0x0000000081c00000, 0x0000000081b00000| Complete 
|  28|0x0000000081c00000, 0x0000000081d00000, 0x0000000081d00000|100%|HC|  |TAMS 0x0000000081d00000, 0x0000000081c00000| Complete 
|  29|0x0000000081d00000, 0x0000000081e00000, 0x0000000081e00000|100%|HC|  |TAMS 0x0000000081e00000, 0x0000000081d00000| Complete 
|  30|0x0000000081e00000, 0x0000000081f00000, 0x0000000081f00000|100%| O|  |TAMS 0x0000000081f00000, 0x0000000081e00000| Untracked 
|  31|0x0000000081f00000, 0x0000000082000000, 0x0000000082000000|100%| O|  |TAMS 0x0000000082000000, 0x0000000081f00000| Untracked 
|  32|0x0000000082000000, 0x0000000082100000, 0x0000000082100000|100%| O|  |TAMS 0x0000000082100000, 0x0000000082000000| Untracked 
|  33|0x0000000082100000, 0x0000000082200000, 0x0000000082200000|100%| O|  |TAMS 0x0000000082200000, 0x0000000082100000| Untracked 
|  34|0x0000000082200000, 0x0000000082300000, 0x0000000082300000|100%| O|  |TAMS 0x0000000082300000, 0x0000000082200000| Untracked 
|  35|0x0000000082300000, 0x0000000082400000, 0x0000000082400000|100%| O|  |TAMS 0x0000000082400000, 0x0000000082300000| Untracked 
|  36|0x0000000082400000, 0x0000000082500000, 0x0000000082500000|100%| O|  |TAMS 0x0000000082500000, 0x0000000082400000| Untracked 
|  37|0x0000000082500000, 0x0000000082600000, 0x0000000082600000|100%| O|  |TAMS 0x0000000082600000, 0x0000000082500000| Untracked 
|  38|0x0000000082600000, 0x0000000082700000, 0x0000000082700000|100%| O|  |TAMS 0x0000000082700000, 0x0000000082600000| Untracked 
|  39|0x0000000082700000, 0x0000000082800000, 0x0000000082800000|100%| O|  |TAMS 0x0000000082800000, 0x0000000082700000| Untracked 
|  40|0x0000000082800000, 0x0000000082900000, 0x0000000082900000|100%| O|  |TAMS 0x0000000082900000, 0x0000000082800000| Untracked 
|  41|0x0000000082900000, 0x0000000082a00000, 0x0000000082a00000|100%| O|  |TAMS 0x0000000082a00000, 0x0000000082900000| Untracked 
|  42|0x0000000082a00000, 0x0000000082b00000, 0x0000000082b00000|100%| O|  |TAMS 0x0000000082b00000, 0x0000000082a00000| Untracked 
|  43|0x0000000082b00000, 0x0000000082c00000, 0x0000000082c00000|100%| O|  |TAMS 0x0000000082c00000, 0x0000000082b00000| Untracked 
|  44|0x0000000082c00000, 0x0000000082d00000, 0x0000000082d00000|100%| O|  |TAMS 0x0000000082d00000, 0x0000000082c00000| Untracked 
|  45|0x0000000082d00000, 0x0000000082e00000, 0x0000000082e00000|100%| O|  |TAMS 0x0000000082e00000, 0x0000000082d00000| Untracked 
|  46|0x0000000082e00000, 0x0000000082f00000, 0x0000000082f00000|100%| O|  |TAMS 0x0000000082f00000, 0x0000000082e00000| Untracked 
|  47|0x0000000082f00000, 0x0000000083000000, 0x0000000083000000|100%|HS|  |TAMS 0x0000000083000000, 0x0000000082f00000| Complete 
|  48|0x0000000083000000, 0x0000000083100000, 0x0000000083100000|100%|HC|  |TAMS 0x0000000083100000, 0x0000000083000000| Complete 
|  49|0x0000000083100000, 0x0000000083200000, 0x0000000083200000|100%|HC|  |TAMS 0x0000000083200000, 0x0000000083100000| Complete 
|  50|0x0000000083200000, 0x0000000083300000, 0x0000000083300000|100%|HC|  |TAMS 0x0000000083300000, 0x0000000083200000| Complete 
|  51|0x0000000083300000, 0x0000000083400000, 0x0000000083400000|100%|HS|  |TAMS 0x0000000083400000, 0x0000000083300000| Complete 
|  52|0x0000000083400000, 0x0000000083500000, 0x0000000083500000|100%|HS|  |TAMS 0x0000000083500000, 0x0000000083400000| Complete 
|  53|0x0000000083500000, 0x0000000083600000, 0x0000000083600000|100%|HS|  |TAMS 0x0000000083600000, 0x0000000083500000| Complete 
|  54|0x0000000083600000, 0x0000000083700000, 0x0000000083700000|100%|HC|  |TAMS 0x0000000083700000, 0x0000000083600000| Complete 
|  55|0x0000000083700000, 0x0000000083800000, 0x0000000083800000|100%|HC|  |TAMS 0x0000000083800000, 0x0000000083700000| Complete 
|  56|0x0000000083800000, 0x0000000083900000, 0x0000000083900000|100%|HS|  |TAMS 0x0000000083900000, 0x0000000083800000| Complete 
|  57|0x0000000083900000, 0x0000000083a00000, 0x0000000083a00000|100%|HC|  |TAMS 0x0000000083a00000, 0x0000000083900000| Complete 
|  58|0x0000000083a00000, 0x0000000083b00000, 0x0000000083b00000|100%| O|  |TAMS 0x0000000083b00000, 0x0000000083a00000| Untracked 
|  59|0x0000000083b00000, 0x0000000083c00000, 0x0000000083c00000|100%| O|  |TAMS 0x0000000083c00000, 0x0000000083b00000| Untracked 
|  60|0x0000000083c00000, 0x0000000083d00000, 0x0000000083d00000|100%| O|  |TAMS 0x0000000083d00000, 0x0000000083c00000| Untracked 
|  61|0x0000000083d00000, 0x0000000083e00000, 0x0000000083e00000|100%| O|  |TAMS 0x0000000083e00000, 0x0000000083d00000| Untracked 
|  62|0x0000000083e00000, 0x0000000083f00000, 0x0000000083f00000|100%| O|  |TAMS 0x0000000083f00000, 0x0000000083e00000| Untracked 
|  63|0x0000000083f00000, 0x0000000084000000, 0x0000000084000000|100%| O|  |TAMS 0x0000000084000000, 0x0000000083f00000| Untracked 
|  64|0x0000000084000000, 0x0000000084100000, 0x0000000084100000|100%| O|  |TAMS 0x0000000084100000, 0x0000000084000000| Untracked 
|  65|0x0000000084100000, 0x0000000084200000, 0x0000000084200000|100%| O|  |TAMS 0x0000000084200000, 0x0000000084100000| Untracked 
|  66|0x0000000084200000, 0x0000000084300000, 0x0000000084300000|100%| O|  |TAMS 0x0000000084300000, 0x0000000084200000| Untracked 
|  67|0x0000000084300000, 0x0000000084400000, 0x0000000084400000|100%| O|  |TAMS 0x0000000084400000, 0x0000000084300000| Untracked 
|  68|0x0000000084400000, 0x0000000084500000, 0x0000000084500000|100%| O|  |TAMS 0x0000000084500000, 0x0000000084400000| Untracked 
|  69|0x0000000084500000, 0x0000000084600000, 0x0000000084600000|100%| O|  |TAMS 0x0000000084600000, 0x0000000084500000| Untracked 
|  70|0x0000000084600000, 0x0000000084700000, 0x0000000084700000|100%| O|  |TAMS 0x0000000084700000, 0x0000000084600000| Untracked 
|  71|0x0000000084700000, 0x0000000084800000, 0x0000000084800000|100%| O|  |TAMS 0x0000000084800000, 0x0000000084700000| Untracked 
|  72|0x0000000084800000, 0x0000000084900000, 0x0000000084900000|100%| O|  |TAMS 0x0000000084900000, 0x0000000084800000| Untracked 
|  73|0x0000000084900000, 0x0000000084a00000, 0x0000000084a00000|100%| O|  |TAMS 0x0000000084a00000, 0x0000000084900000| Untracked 
|  74|0x0000000084a00000, 0x0000000084b00000, 0x0000000084b00000|100%| O|  |TAMS 0x0000000084b00000, 0x0000000084a00000| Untracked 
|  75|0x0000000084b00000, 0x0000000084c00000, 0x0000000084c00000|100%| O|  |TAMS 0x0000000084c00000, 0x0000000084b00000| Untracked 
|  76|0x0000000084c00000, 0x0000000084d00000, 0x0000000084d00000|100%| O|  |TAMS 0x0000000084d00000, 0x0000000084c00000| Untracked 
|  77|0x0000000084d00000, 0x0000000084e00000, 0x0000000084e00000|100%| O|  |TAMS 0x0000000084e00000, 0x0000000084d00000| Untracked 
|  78|0x0000000084e00000, 0x0000000084f00000, 0x0000000084f00000|100%| O|  |TAMS 0x0000000084f00000, 0x0000000084e00000| Untracked 
|  79|0x0000000084f00000, 0x0000000085000000, 0x0000000085000000|100%| O|  |TAMS 0x0000000085000000, 0x0000000084f00000| Untracked 
|  80|0x0000000085000000, 0x0000000085100000, 0x0000000085100000|100%|HS|  |TAMS 0x0000000085100000, 0x0000000085000000| Complete 
|  81|0x0000000085100000, 0x0000000085200000, 0x0000000085200000|100%|HC|  |TAMS 0x0000000085200000, 0x0000000085100000| Complete 
|  82|0x0000000085200000, 0x0000000085300000, 0x0000000085300000|100%|HS|  |TAMS 0x0000000085300000, 0x0000000085200000| Complete 
|  83|0x0000000085300000, 0x0000000085400000, 0x0000000085400000|100%|HC|  |TAMS 0x0000000085400000, 0x0000000085300000| Complete 
|  84|0x0000000085400000, 0x0000000085500000, 0x0000000085500000|100%|HC|  |TAMS 0x0000000085500000, 0x0000000085400000| Complete 
|  85|0x0000000085500000, 0x0000000085600000, 0x0000000085600000|100%|HS|  |TAMS 0x0000000085600000, 0x0000000085500000| Complete 
|  86|0x0000000085600000, 0x0000000085700000, 0x0000000085700000|100%| O|  |TAMS 0x0000000085700000, 0x0000000085600000| Untracked 
|  87|0x0000000085700000, 0x0000000085800000, 0x0000000085800000|100%| O|  |TAMS 0x0000000085800000, 0x0000000085700000| Untracked 
|  88|0x0000000085800000, 0x0000000085900000, 0x0000000085900000|100%| O|  |TAMS 0x0000000085900000, 0x0000000085800000| Untracked 
|  89|0x0000000085900000, 0x0000000085a00000, 0x0000000085a00000|100%| O|  |TAMS 0x0000000085a00000, 0x0000000085900000| Untracked 
|  90|0x0000000085a00000, 0x0000000085b00000, 0x0000000085b00000|100%|HS|  |TAMS 0x0000000085b00000, 0x0000000085a00000| Complete 
|  91|0x0000000085b00000, 0x0000000085c00000, 0x0000000085c00000|100%|HC|  |TAMS 0x0000000085c00000, 0x0000000085b00000| Complete 
|  92|0x0000000085c00000, 0x0000000085d00000, 0x0000000085d00000|100%|HC|  |TAMS 0x0000000085d00000, 0x0000000085c00000| Complete 
|  93|0x0000000085d00000, 0x0000000085e00000, 0x0000000085e00000|100%|HC|  |TAMS 0x0000000085e00000, 0x0000000085d00000| Complete 
|  94|0x0000000085e00000, 0x0000000085f00000, 0x0000000085f00000|100%| O|  |TAMS 0x0000000085f00000, 0x0000000085e00000| Untracked 
|  95|0x0000000085f00000, 0x0000000086000000, 0x0000000086000000|100%| O|  |TAMS 0x0000000086000000, 0x0000000085f00000| Untracked 
|  96|0x0000000086000000, 0x0000000086100000, 0x0000000086100000|100%| O|  |TAMS 0x0000000086100000, 0x0000000086000000| Untracked 
|  97|0x0000000086100000, 0x0000000086200000, 0x0000000086200000|100%| O|  |TAMS 0x0000000086200000, 0x0000000086100000| Untracked 
|  98|0x0000000086200000, 0x0000000086300000, 0x0000000086300000|100%| O|  |TAMS 0x0000000086300000, 0x0000000086200000| Untracked 
|  99|0x0000000086300000, 0x0000000086400000, 0x0000000086400000|100%| O|  |TAMS 0x0000000086400000, 0x0000000086300000| Untracked 
| 100|0x0000000086400000, 0x0000000086500000, 0x0000000086500000|100%| O|  |TAMS 0x0000000086500000, 0x0000000086400000| Untracked 
| 101|0x0000000086500000, 0x0000000086600000, 0x0000000086600000|100%| O|  |TAMS 0x0000000086600000, 0x0000000086500000| Untracked 
| 102|0x0000000086600000, 0x0000000086700000, 0x0000000086700000|100%| O|  |TAMS 0x0000000086700000, 0x0000000086600000| Untracked 
| 103|0x0000000086700000, 0x0000000086800000, 0x0000000086800000|100%| O|  |TAMS 0x0000000086800000, 0x0000000086700000| Untracked 
| 104|0x0000000086800000, 0x0000000086900000, 0x0000000086900000|100%| O|  |TAMS 0x0000000086900000, 0x0000000086800000| Untracked 
| 105|0x0000000086900000, 0x0000000086a00000, 0x0000000086a00000|100%| O|  |TAMS 0x0000000086a00000, 0x0000000086900000| Untracked 
| 106|0x0000000086a00000, 0x0000000086b00000, 0x0000000086b00000|100%| O|  |TAMS 0x0000000086b00000, 0x0000000086a00000| Untracked 
| 107|0x0000000086b00000, 0x0000000086c00000, 0x0000000086c00000|100%| O|  |TAMS 0x0000000086c00000, 0x0000000086b00000| Untracked 
| 108|0x0000000086c00000, 0x0000000086d00000, 0x0000000086d00000|100%| O|  |TAMS 0x0000000086d00000, 0x0000000086c00000| Untracked 
| 109|0x0000000086d00000, 0x0000000086e00000, 0x0000000086e00000|100%| O|  |TAMS 0x0000000086e00000, 0x0000000086d00000| Untracked 
| 110|0x0000000086e00000, 0x0000000086f00000, 0x0000000086f00000|100%| O|  |TAMS 0x0000000086f00000, 0x0000000086e00000| Untracked 
| 111|0x0000000086f00000, 0x0000000087000000, 0x0000000087000000|100%| O|  |TAMS 0x0000000087000000, 0x0000000086f00000| Untracked 
| 112|0x0000000087000000, 0x0000000087100000, 0x0000000087100000|100%| O|  |TAMS 0x0000000087100000, 0x0000000087000000| Untracked 
| 113|0x0000000087100000, 0x0000000087200000, 0x0000000087200000|100%| O|  |TAMS 0x0000000087200000, 0x0000000087100000| Untracked 
| 114|0x0000000087200000, 0x0000000087300000, 0x0000000087300000|100%| O|  |TAMS 0x0000000087300000, 0x0000000087200000| Untracked 
| 115|0x0000000087300000, 0x0000000087400000, 0x0000000087400000|100%| O|  |TAMS 0x0000000087400000, 0x0000000087300000| Untracked 
| 116|0x0000000087400000, 0x0000000087500000, 0x0000000087500000|100%| O|  |TAMS 0x0000000087500000, 0x0000000087400000| Untracked 
| 117|0x0000000087500000, 0x0000000087600000, 0x0000000087600000|100%| O|  |TAMS 0x0000000087600000, 0x0000000087500000| Untracked 
| 118|0x0000000087600000, 0x0000000087700000, 0x0000000087700000|100%| O|  |TAMS 0x0000000087700000, 0x0000000087600000| Untracked 
| 119|0x0000000087700000, 0x0000000087800000, 0x0000000087800000|100%| O|  |TAMS 0x0000000087800000, 0x0000000087700000| Untracked 
| 120|0x0000000087800000, 0x0000000087900000, 0x0000000087900000|100%| O|  |TAMS 0x0000000087900000, 0x0000000087800000| Untracked 
| 121|0x0000000087900000, 0x0000000087a00000, 0x0000000087a00000|100%| O|  |TAMS 0x0000000087a00000, 0x0000000087900000| Untracked 
| 122|0x0000000087a00000, 0x0000000087b00000, 0x0000000087b00000|100%| O|  |TAMS 0x0000000087b00000, 0x0000000087a00000| Untracked 
| 123|0x0000000087b00000, 0x0000000087c00000, 0x0000000087c00000|100%| O|  |TAMS 0x0000000087c00000, 0x0000000087b00000| Untracked 
| 124|0x0000000087c00000, 0x0000000087d00000, 0x0000000087d00000|100%| O|  |TAMS 0x0000000087d00000, 0x0000000087c00000| Untracked 
| 125|0x0000000087d00000, 0x0000000087e00000, 0x0000000087e00000|100%| O|  |TAMS 0x0000000087e00000, 0x0000000087d00000| Untracked 
| 126|0x0000000087e00000, 0x0000000087f00000, 0x0000000087f00000|100%| O|  |TAMS 0x0000000087f00000, 0x0000000087e00000| Untracked 
| 127|0x0000000087f00000, 0x0000000088000000, 0x0000000088000000|100%| O|  |TAMS 0x0000000088000000, 0x0000000087f00000| Untracked 
| 128|0x0000000088000000, 0x0000000088100000, 0x0000000088100000|100%| O|  |TAMS 0x0000000088100000, 0x0000000088000000| Untracked 
| 129|0x0000000088100000, 0x0000000088200000, 0x0000000088200000|100%| O|  |TAMS 0x0000000088200000, 0x0000000088100000| Untracked 
| 130|0x0000000088200000, 0x0000000088300000, 0x0000000088300000|100%| O|  |TAMS 0x0000000088300000, 0x0000000088200000| Untracked 
| 131|0x0000000088300000, 0x0000000088400000, 0x0000000088400000|100%| O|  |TAMS 0x0000000088400000, 0x0000000088300000| Untracked 
| 132|0x0000000088400000, 0x0000000088500000, 0x0000000088500000|100%| O|  |TAMS 0x0000000088500000, 0x0000000088400000| Untracked 
| 133|0x0000000088500000, 0x0000000088600000, 0x0000000088600000|100%| O|  |TAMS 0x0000000088600000, 0x0000000088500000| Untracked 
| 134|0x0000000088600000, 0x0000000088700000, 0x0000000088700000|100%| O|  |TAMS 0x0000000088700000, 0x0000000088600000| Untracked 
| 135|0x0000000088700000, 0x0000000088800000, 0x0000000088800000|100%| O|  |TAMS 0x0000000088800000, 0x0000000088700000| Untracked 
| 136|0x0000000088800000, 0x0000000088900000, 0x0000000088900000|100%| O|  |TAMS 0x0000000088900000, 0x0000000088800000| Untracked 
| 137|0x0000000088900000, 0x0000000088a00000, 0x0000000088a00000|100%| O|  |TAMS 0x0000000088a00000, 0x0000000088900000| Untracked 
| 138|0x0000000088a00000, 0x0000000088b00000, 0x0000000088b00000|100%| O|  |TAMS 0x0000000088b00000, 0x0000000088a00000| Untracked 
| 139|0x0000000088b00000, 0x0000000088c00000, 0x0000000088c00000|100%| O|  |TAMS 0x0000000088c00000, 0x0000000088b00000| Untracked 
| 140|0x0000000088c00000, 0x0000000088d00000, 0x0000000088d00000|100%| O|  |TAMS 0x0000000088d00000, 0x0000000088c00000| Untracked 
| 141|0x0000000088d00000, 0x0000000088e00000, 0x0000000088e00000|100%| O|  |TAMS 0x0000000088e00000, 0x0000000088d00000| Untracked 
| 142|0x0000000088e00000, 0x0000000088f00000, 0x0000000088f00000|100%| O|  |TAMS 0x0000000088f00000, 0x0000000088e00000| Untracked 
| 143|0x0000000088f00000, 0x0000000089000000, 0x0000000089000000|100%| O|  |TAMS 0x0000000088fd3200, 0x0000000088f00000| Untracked 
| 144|0x0000000089000000, 0x0000000089100000, 0x0000000089100000|100%| O|  |TAMS 0x0000000089000000, 0x0000000089000000| Untracked 
| 145|0x0000000089100000, 0x0000000089200000, 0x0000000089200000|100%| O|  |TAMS 0x0000000089100000, 0x0000000089100000| Untracked 
| 146|0x0000000089200000, 0x0000000089300000, 0x0000000089300000|100%| O|  |TAMS 0x0000000089200000, 0x0000000089200000| Untracked 
| 147|0x0000000089300000, 0x000000008930bc00, 0x0000000089400000|  4%| O|  |TAMS 0x0000000089300000, 0x0000000089300000| Untracked 
| 148|0x0000000089400000, 0x0000000089500000, 0x0000000089500000|100%| O|  |TAMS 0x0000000089500000, 0x0000000089400000| Untracked 
| 149|0x0000000089500000, 0x0000000089600000, 0x0000000089600000|100%| O|  |TAMS 0x0000000089600000, 0x0000000089500000| Untracked 
| 150|0x0000000089600000, 0x0000000089700000, 0x0000000089700000|100%| O|  |TAMS 0x0000000089700000, 0x0000000089600000| Untracked 
| 151|0x0000000089700000, 0x0000000089800000, 0x0000000089800000|100%| O|  |TAMS 0x0000000089800000, 0x0000000089700000| Untracked 
| 152|0x0000000089800000, 0x0000000089800000, 0x0000000089900000|  0%| F|  |TAMS 0x0000000089800000, 0x0000000089800000| Untracked 
| 153|0x0000000089900000, 0x0000000089900000, 0x0000000089a00000|  0%| F|  |TAMS 0x0000000089900000, 0x0000000089900000| Untracked 
| 154|0x0000000089a00000, 0x0000000089b00000, 0x0000000089b00000|100%| O|  |TAMS 0x0000000089b00000, 0x0000000089a00000| Untracked 
| 155|0x0000000089b00000, 0x0000000089c00000, 0x0000000089c00000|100%| O|  |TAMS 0x0000000089c00000, 0x0000000089b00000| Untracked 
| 156|0x0000000089c00000, 0x0000000089d00000, 0x0000000089d00000|100%| O|  |TAMS 0x0000000089d00000, 0x0000000089c00000| Untracked 
| 157|0x0000000089d00000, 0x0000000089e00000, 0x0000000089e00000|100%| O|  |TAMS 0x0000000089e00000, 0x0000000089d00000| Untracked 
| 158|0x0000000089e00000, 0x0000000089f00000, 0x0000000089f00000|100%| O|  |TAMS 0x0000000089f00000, 0x0000000089e00000| Untracked 
| 159|0x0000000089f00000, 0x000000008a000000, 0x000000008a000000|100%| O|  |TAMS 0x000000008a000000, 0x0000000089f00000| Untracked 
| 160|0x000000008a000000, 0x000000008a000000, 0x000000008a100000|  0%| F|  |TAMS 0x000000008a000000, 0x000000008a000000| Untracked 
| 161|0x000000008a100000, 0x000000008a100000, 0x000000008a200000|  0%| F|  |TAMS 0x000000008a100000, 0x000000008a100000| Untracked 
| 162|0x000000008a200000, 0x000000008a300000, 0x000000008a300000|100%| O|  |TAMS 0x000000008a300000, 0x000000008a200000| Untracked 
| 163|0x000000008a300000, 0x000000008a400000, 0x000000008a400000|100%| O|  |TAMS 0x000000008a400000, 0x000000008a300000| Untracked 
| 164|0x000000008a400000, 0x000000008a400000, 0x000000008a500000|  0%| F|  |TAMS 0x000000008a400000, 0x000000008a400000| Untracked 
| 165|0x000000008a500000, 0x000000008a500000, 0x000000008a600000|  0%| F|  |TAMS 0x000000008a500000, 0x000000008a500000| Untracked 
| 166|0x000000008a600000, 0x000000008a700000, 0x000000008a700000|100%| O|  |TAMS 0x000000008a700000, 0x000000008a600000| Untracked 
| 167|0x000000008a700000, 0x000000008a700000, 0x000000008a800000|  0%| F|  |TAMS 0x000000008a700000, 0x000000008a700000| Untracked 
| 168|0x000000008a800000, 0x000000008a800000, 0x000000008a900000|  0%| F|  |TAMS 0x000000008a800000, 0x000000008a800000| Untracked 
| 169|0x000000008a900000, 0x000000008aa00000, 0x000000008aa00000|100%| O|  |TAMS 0x000000008aa00000, 0x000000008a900000| Untracked 
| 170|0x000000008aa00000, 0x000000008aa00000, 0x000000008ab00000|  0%| F|  |TAMS 0x000000008aa00000, 0x000000008aa00000| Untracked 
| 171|0x000000008ab00000, 0x000000008ac00000, 0x000000008ac00000|100%| O|  |TAMS 0x000000008ac00000, 0x000000008ab00000| Untracked 
| 172|0x000000008ac00000, 0x000000008ad00000, 0x000000008ad00000|100%| O|  |TAMS 0x000000008ad00000, 0x000000008ac00000| Untracked 
| 173|0x000000008ad00000, 0x000000008ae00000, 0x000000008ae00000|100%| O|  |TAMS 0x000000008ae00000, 0x000000008ad00000| Untracked 
| 174|0x000000008ae00000, 0x000000008af00000, 0x000000008af00000|100%| O|  |TAMS 0x000000008af00000, 0x000000008ae00000| Untracked 
| 175|0x000000008af00000, 0x000000008af00000, 0x000000008b000000|  0%| F|  |TAMS 0x000000008af00000, 0x000000008af00000| Untracked 
| 176|0x000000008b000000, 0x000000008b100000, 0x000000008b100000|100%| O|  |TAMS 0x000000008b100000, 0x000000008b000000| Untracked 
| 177|0x000000008b100000, 0x000000008b200000, 0x000000008b200000|100%| O|  |TAMS 0x000000008b200000, 0x000000008b100000| Untracked 
| 178|0x000000008b200000, 0x000000008b300000, 0x000000008b300000|100%| O|  |TAMS 0x000000008b300000, 0x000000008b200000| Untracked 
| 179|0x000000008b300000, 0x000000008b400000, 0x000000008b400000|100%| O|  |TAMS 0x000000008b400000, 0x000000008b300000| Untracked 
| 180|0x000000008b400000, 0x000000008b400000, 0x000000008b500000|  0%| F|  |TAMS 0x000000008b400000, 0x000000008b400000| Untracked 
| 181|0x000000008b500000, 0x000000008b500000, 0x000000008b600000|  0%| F|  |TAMS 0x000000008b500000, 0x000000008b500000| Untracked 
| 182|0x000000008b600000, 0x000000008b700000, 0x000000008b700000|100%| O|  |TAMS 0x000000008b700000, 0x000000008b600000| Untracked 
| 183|0x000000008b700000, 0x000000008b800000, 0x000000008b800000|100%| O|  |TAMS 0x000000008b800000, 0x000000008b700000| Untracked 
| 184|0x000000008b800000, 0x000000008b900000, 0x000000008b900000|100%| O|  |TAMS 0x000000008b900000, 0x000000008b800000| Untracked 
| 185|0x000000008b900000, 0x000000008ba00000, 0x000000008ba00000|100%| O|  |TAMS 0x000000008ba00000, 0x000000008b900000| Untracked 
| 186|0x000000008ba00000, 0x000000008bb00000, 0x000000008bb00000|100%| O|  |TAMS 0x000000008bb00000, 0x000000008ba00000| Untracked 
| 187|0x000000008bb00000, 0x000000008bc00000, 0x000000008bc00000|100%| O|  |TAMS 0x000000008bc00000, 0x000000008bb00000| Untracked 
| 188|0x000000008bc00000, 0x000000008bd00000, 0x000000008bd00000|100%| O|  |TAMS 0x000000008bd00000, 0x000000008bc00000| Untracked 
| 189|0x000000008bd00000, 0x000000008be00000, 0x000000008be00000|100%| O|  |TAMS 0x000000008be00000, 0x000000008bd00000| Untracked 
| 190|0x000000008be00000, 0x000000008bf00000, 0x000000008bf00000|100%| O|  |TAMS 0x000000008bf00000, 0x000000008be00000| Untracked 
| 191|0x000000008bf00000, 0x000000008c000000, 0x000000008c000000|100%| O|  |TAMS 0x000000008c000000, 0x000000008bf00000| Untracked 
| 192|0x000000008c000000, 0x000000008c100000, 0x000000008c100000|100%| O|  |TAMS 0x000000008c100000, 0x000000008c000000| Untracked 
| 193|0x000000008c100000, 0x000000008c200000, 0x000000008c200000|100%| O|  |TAMS 0x000000008c200000, 0x000000008c100000| Untracked 
| 194|0x000000008c200000, 0x000000008c300000, 0x000000008c300000|100%| O|  |TAMS 0x000000008c300000, 0x000000008c200000| Untracked 
| 195|0x000000008c300000, 0x000000008c400000, 0x000000008c400000|100%| O|  |TAMS 0x000000008c400000, 0x000000008c300000| Untracked 
| 196|0x000000008c400000, 0x000000008c500000, 0x000000008c500000|100%| O|  |TAMS 0x000000008c500000, 0x000000008c400000| Untracked 
| 197|0x000000008c500000, 0x000000008c600000, 0x000000008c600000|100%| O|  |TAMS 0x000000008c600000, 0x000000008c500000| Untracked 
| 198|0x000000008c600000, 0x000000008c700000, 0x000000008c700000|100%| O|  |TAMS 0x000000008c700000, 0x000000008c600000| Untracked 
| 199|0x000000008c700000, 0x000000008c800000, 0x000000008c800000|100%| O|  |TAMS 0x000000008c800000, 0x000000008c700000| Untracked 
| 200|0x000000008c800000, 0x000000008c900000, 0x000000008c900000|100%| O|  |TAMS 0x000000008c900000, 0x000000008c800000| Untracked 
| 201|0x000000008c900000, 0x000000008ca00000, 0x000000008ca00000|100%| O|  |TAMS 0x000000008ca00000, 0x000000008c900000| Untracked 
| 202|0x000000008ca00000, 0x000000008cb00000, 0x000000008cb00000|100%| O|  |TAMS 0x000000008cb00000, 0x000000008ca00000| Untracked 
| 203|0x000000008cb00000, 0x000000008cc00000, 0x000000008cc00000|100%| O|  |TAMS 0x000000008cc00000, 0x000000008cb00000| Untracked 
| 204|0x000000008cc00000, 0x000000008cd00000, 0x000000008cd00000|100%| O|  |TAMS 0x000000008cd00000, 0x000000008cc00000| Untracked 
| 205|0x000000008cd00000, 0x000000008cd00000, 0x000000008ce00000|  0%| F|  |TAMS 0x000000008cd00000, 0x000000008cd00000| Untracked 
| 206|0x000000008ce00000, 0x000000008ce00000, 0x000000008cf00000|  0%| F|  |TAMS 0x000000008ce00000, 0x000000008ce00000| Untracked 
| 207|0x000000008cf00000, 0x000000008cf00000, 0x000000008d000000|  0%| F|  |TAMS 0x000000008cf00000, 0x000000008cf00000| Untracked 
| 208|0x000000008d000000, 0x000000008d000000, 0x000000008d100000|  0%| F|  |TAMS 0x000000008d000000, 0x000000008d000000| Untracked 
| 209|0x000000008d100000, 0x000000008d100000, 0x000000008d200000|  0%| F|  |TAMS 0x000000008d100000, 0x000000008d100000| Untracked 
| 210|0x000000008d200000, 0x000000008d200000, 0x000000008d300000|  0%| F|  |TAMS 0x000000008d200000, 0x000000008d200000| Untracked 
| 211|0x000000008d300000, 0x000000008d300000, 0x000000008d400000|  0%| F|  |TAMS 0x000000008d300000, 0x000000008d300000| Untracked 
| 212|0x000000008d400000, 0x000000008d400000, 0x000000008d500000|  0%| F|  |TAMS 0x000000008d400000, 0x000000008d400000| Untracked 
| 213|0x000000008d500000, 0x000000008d500000, 0x000000008d600000|  0%| F|  |TAMS 0x000000008d500000, 0x000000008d500000| Untracked 
| 214|0x000000008d600000, 0x000000008d600000, 0x000000008d700000|  0%| F|  |TAMS 0x000000008d600000, 0x000000008d600000| Untracked 
| 215|0x000000008d700000, 0x000000008d700000, 0x000000008d800000|  0%| F|  |TAMS 0x000000008d700000, 0x000000008d700000| Untracked 
| 216|0x000000008d800000, 0x000000008d800000, 0x000000008d900000|  0%| F|  |TAMS 0x000000008d800000, 0x000000008d800000| Untracked 
| 217|0x000000008d900000, 0x000000008d900000, 0x000000008da00000|  0%| F|  |TAMS 0x000000008d900000, 0x000000008d900000| Untracked 
| 218|0x000000008da00000, 0x000000008da00000, 0x000000008db00000|  0%| F|  |TAMS 0x000000008da00000, 0x000000008da00000| Untracked 
| 219|0x000000008db00000, 0x000000008db00000, 0x000000008dc00000|  0%| F|  |TAMS 0x000000008db00000, 0x000000008db00000| Untracked 
| 220|0x000000008dc00000, 0x000000008dc00000, 0x000000008dd00000|  0%| F|  |TAMS 0x000000008dc00000, 0x000000008dc00000| Untracked 
| 221|0x000000008dd00000, 0x000000008dd00000, 0x000000008de00000|  0%| F|  |TAMS 0x000000008dd00000, 0x000000008dd00000| Untracked 
| 222|0x000000008de00000, 0x000000008de00000, 0x000000008df00000|  0%| F|  |TAMS 0x000000008de00000, 0x000000008de00000| Untracked 
| 223|0x000000008df00000, 0x000000008df00000, 0x000000008e000000|  0%| F|  |TAMS 0x000000008df00000, 0x000000008df00000| Untracked 
| 224|0x000000008e000000, 0x000000008e000000, 0x000000008e100000|  0%| F|  |TAMS 0x000000008e000000, 0x000000008e000000| Untracked 
| 225|0x000000008e100000, 0x000000008e100000, 0x000000008e200000|  0%| F|  |TAMS 0x000000008e100000, 0x000000008e100000| Untracked 
| 226|0x000000008e200000, 0x000000008e200000, 0x000000008e300000|  0%| F|  |TAMS 0x000000008e200000, 0x000000008e200000| Untracked 
| 227|0x000000008e300000, 0x000000008e300000, 0x000000008e400000|  0%| F|  |TAMS 0x000000008e300000, 0x000000008e300000| Untracked 
| 228|0x000000008e400000, 0x000000008e400000, 0x000000008e500000|  0%| F|  |TAMS 0x000000008e400000, 0x000000008e400000| Untracked 
| 229|0x000000008e500000, 0x000000008e500000, 0x000000008e600000|  0%| F|  |TAMS 0x000000008e500000, 0x000000008e500000| Untracked 
| 230|0x000000008e600000, 0x000000008e600000, 0x000000008e700000|  0%| F|  |TAMS 0x000000008e600000, 0x000000008e600000| Untracked 
| 231|0x000000008e700000, 0x000000008e700000, 0x000000008e800000|  0%| F|  |TAMS 0x000000008e700000, 0x000000008e700000| Untracked 
| 232|0x000000008e800000, 0x000000008e800000, 0x000000008e900000|  0%| F|  |TAMS 0x000000008e800000, 0x000000008e800000| Untracked 
| 233|0x000000008e900000, 0x000000008e900000, 0x000000008ea00000|  0%| F|  |TAMS 0x000000008e900000, 0x000000008e900000| Untracked 
| 234|0x000000008ea00000, 0x000000008ea00000, 0x000000008eb00000|  0%| F|  |TAMS 0x000000008ea00000, 0x000000008ea00000| Untracked 
| 235|0x000000008eb00000, 0x000000008eb00000, 0x000000008ec00000|  0%| F|  |TAMS 0x000000008eb00000, 0x000000008eb00000| Untracked 
| 236|0x000000008ec00000, 0x000000008ec00000, 0x000000008ed00000|  0%| F|  |TAMS 0x000000008ec00000, 0x000000008ec00000| Untracked 
| 237|0x000000008ed00000, 0x000000008ed00000, 0x000000008ee00000|  0%| F|  |TAMS 0x000000008ed00000, 0x000000008ed00000| Untracked 
| 238|0x000000008ee00000, 0x000000008ee00000, 0x000000008ef00000|  0%| F|  |TAMS 0x000000008ee00000, 0x000000008ee00000| Untracked 
| 239|0x000000008ef00000, 0x000000008efcfce0, 0x000000008f000000| 81%| S|CS|TAMS 0x000000008ef00000, 0x000000008ef00000| Complete 
| 240|0x000000008f000000, 0x000000008f000000, 0x000000008f100000|  0%| F|  |TAMS 0x000000008f000000, 0x000000008f000000| Untracked 
| 241|0x000000008f100000, 0x000000008f100000, 0x000000008f200000|  0%| F|  |TAMS 0x000000008f100000, 0x000000008f100000| Untracked 
| 242|0x000000008f200000, 0x000000008f200000, 0x000000008f300000|  0%| F|  |TAMS 0x000000008f200000, 0x000000008f200000| Untracked 
| 243|0x000000008f300000, 0x000000008f300000, 0x000000008f400000|  0%| F|  |TAMS 0x000000008f300000, 0x000000008f300000| Untracked 
| 244|0x000000008f400000, 0x000000008f400000, 0x000000008f500000|  0%| F|  |TAMS 0x000000008f400000, 0x000000008f400000| Untracked 
| 245|0x000000008f500000, 0x000000008f600000, 0x000000008f600000|100%| S|CS|TAMS 0x000000008f500000, 0x000000008f500000| Complete 
| 246|0x000000008f600000, 0x000000008f700000, 0x000000008f700000|100%| S|CS|TAMS 0x000000008f600000, 0x000000008f600000| Complete 
| 247|0x000000008f700000, 0x000000008f800000, 0x000000008f800000|100%| S|CS|TAMS 0x000000008f700000, 0x000000008f700000| Complete 
| 248|0x000000008f800000, 0x000000008f900000, 0x000000008f900000|100%| S|CS|TAMS 0x000000008f800000, 0x000000008f800000| Complete 
| 249|0x000000008f900000, 0x000000008f900000, 0x000000008fa00000|  0%| F|  |TAMS 0x000000008f900000, 0x000000008f900000| Untracked 
| 250|0x000000008fa00000, 0x000000008fa00000, 0x000000008fb00000|  0%| F|  |TAMS 0x000000008fa00000, 0x000000008fa00000| Untracked 
| 251|0x000000008fb00000, 0x000000008fb00000, 0x000000008fc00000|  0%| F|  |TAMS 0x000000008fb00000, 0x000000008fb00000| Untracked 
| 252|0x000000008fc00000, 0x000000008fc00000, 0x000000008fd00000|  0%| F|  |TAMS 0x000000008fc00000, 0x000000008fc00000| Untracked 
| 253|0x000000008fd00000, 0x000000008fd00000, 0x000000008fe00000|  0%| F|  |TAMS 0x000000008fd00000, 0x000000008fd00000| Untracked 
| 254|0x000000008fe00000, 0x000000008fe00000, 0x000000008ff00000|  0%| F|  |TAMS 0x000000008fe00000, 0x000000008fe00000| Untracked 
| 255|0x000000008ff00000, 0x000000008ff00000, 0x0000000090000000|  0%| F|  |TAMS 0x000000008ff00000, 0x000000008ff00000| Untracked 
| 256|0x0000000090000000, 0x0000000090000000, 0x0000000090100000|  0%| F|  |TAMS 0x0000000090000000, 0x0000000090000000| Untracked 
| 257|0x0000000090100000, 0x0000000090100000, 0x0000000090200000|  0%| F|  |TAMS 0x0000000090100000, 0x0000000090100000| Untracked 
| 258|0x0000000090200000, 0x0000000090200000, 0x0000000090300000|  0%| F|  |TAMS 0x0000000090200000, 0x0000000090200000| Untracked 
| 259|0x0000000090300000, 0x0000000090300000, 0x0000000090400000|  0%| F|  |TAMS 0x0000000090300000, 0x0000000090300000| Untracked 
| 260|0x0000000090400000, 0x0000000090400000, 0x0000000090500000|  0%| F|  |TAMS 0x0000000090400000, 0x0000000090400000| Untracked 
| 261|0x0000000090500000, 0x0000000090500000, 0x0000000090600000|  0%| F|  |TAMS 0x0000000090500000, 0x0000000090500000| Untracked 
| 262|0x0000000090600000, 0x0000000090600000, 0x0000000090700000|  0%| F|  |TAMS 0x0000000090600000, 0x0000000090600000| Untracked 
| 263|0x0000000090700000, 0x0000000090700000, 0x0000000090800000|  0%| F|  |TAMS 0x0000000090700000, 0x0000000090700000| Untracked 
| 264|0x0000000090800000, 0x0000000090800000, 0x0000000090900000|  0%| F|  |TAMS 0x0000000090800000, 0x0000000090800000| Untracked 
| 265|0x0000000090900000, 0x0000000090900000, 0x0000000090a00000|  0%| F|  |TAMS 0x0000000090900000, 0x0000000090900000| Untracked 
| 266|0x0000000090a00000, 0x0000000090a00000, 0x0000000090b00000|  0%| F|  |TAMS 0x0000000090a00000, 0x0000000090a00000| Untracked 
| 267|0x0000000090b00000, 0x0000000090b00000, 0x0000000090c00000|  0%| F|  |TAMS 0x0000000090b00000, 0x0000000090b00000| Untracked 
| 268|0x0000000090c00000, 0x0000000090c00000, 0x0000000090d00000|  0%| F|  |TAMS 0x0000000090c00000, 0x0000000090c00000| Untracked 
| 269|0x0000000090d00000, 0x0000000090d00000, 0x0000000090e00000|  0%| F|  |TAMS 0x0000000090d00000, 0x0000000090d00000| Untracked 
| 270|0x0000000090e00000, 0x0000000090e00000, 0x0000000090f00000|  0%| F|  |TAMS 0x0000000090e00000, 0x0000000090e00000| Untracked 
| 271|0x0000000090f00000, 0x0000000090f00000, 0x0000000091000000|  0%| F|  |TAMS 0x0000000090f00000, 0x0000000090f00000| Untracked 
| 272|0x0000000091000000, 0x0000000091000000, 0x0000000091100000|  0%| F|  |TAMS 0x0000000091000000, 0x0000000091000000| Untracked 
| 273|0x0000000091100000, 0x0000000091100000, 0x0000000091200000|  0%| F|  |TAMS 0x0000000091100000, 0x0000000091100000| Untracked 
| 274|0x0000000091200000, 0x0000000091200000, 0x0000000091300000|  0%| F|  |TAMS 0x0000000091200000, 0x0000000091200000| Untracked 
| 275|0x0000000091300000, 0x0000000091300000, 0x0000000091400000|  0%| F|  |TAMS 0x0000000091300000, 0x0000000091300000| Untracked 
| 276|0x0000000091400000, 0x0000000091400000, 0x0000000091500000|  0%| F|  |TAMS 0x0000000091400000, 0x0000000091400000| Untracked 
| 277|0x0000000091500000, 0x0000000091500000, 0x0000000091600000|  0%| F|  |TAMS 0x0000000091500000, 0x0000000091500000| Untracked 
| 278|0x0000000091600000, 0x0000000091600000, 0x0000000091700000|  0%| F|  |TAMS 0x0000000091600000, 0x0000000091600000| Untracked 
| 279|0x0000000091700000, 0x0000000091700000, 0x0000000091800000|  0%| F|  |TAMS 0x0000000091700000, 0x0000000091700000| Untracked 
| 280|0x0000000091800000, 0x0000000091800000, 0x0000000091900000|  0%| F|  |TAMS 0x0000000091800000, 0x0000000091800000| Untracked 
| 281|0x0000000091900000, 0x0000000091900000, 0x0000000091a00000|  0%| F|  |TAMS 0x0000000091900000, 0x0000000091900000| Untracked 
| 282|0x0000000091a00000, 0x0000000091a00000, 0x0000000091b00000|  0%| F|  |TAMS 0x0000000091a00000, 0x0000000091a00000| Untracked 
| 283|0x0000000091b00000, 0x0000000091b00000, 0x0000000091c00000|  0%| F|  |TAMS 0x0000000091b00000, 0x0000000091b00000| Untracked 
| 284|0x0000000091c00000, 0x0000000091c00000, 0x0000000091d00000|  0%| F|  |TAMS 0x0000000091c00000, 0x0000000091c00000| Untracked 
| 285|0x0000000091d00000, 0x0000000091d00000, 0x0000000091e00000|  0%| F|  |TAMS 0x0000000091d00000, 0x0000000091d00000| Untracked 
| 286|0x0000000091e00000, 0x0000000091e00000, 0x0000000091f00000|  0%| F|  |TAMS 0x0000000091e00000, 0x0000000091e00000| Untracked 
| 287|0x0000000091f00000, 0x0000000091f80800, 0x0000000092000000| 50%| E|  |TAMS 0x0000000091f00000, 0x0000000091f00000| Complete 
| 288|0x0000000092000000, 0x0000000092100000, 0x0000000092100000|100%| E|CS|TAMS 0x0000000092000000, 0x0000000092000000| Complete 
| 289|0x0000000092100000, 0x0000000092200000, 0x0000000092200000|100%| E|CS|TAMS 0x0000000092100000, 0x0000000092100000| Complete 
| 290|0x0000000092200000, 0x0000000092300000, 0x0000000092300000|100%| E|CS|TAMS 0x0000000092200000, 0x0000000092200000| Complete 
| 291|0x0000000092300000, 0x0000000092400000, 0x0000000092400000|100%| E|CS|TAMS 0x0000000092300000, 0x0000000092300000| Complete 
| 292|0x0000000092400000, 0x0000000092500000, 0x0000000092500000|100%| E|CS|TAMS 0x0000000092400000, 0x0000000092400000| Complete 
| 293|0x0000000092500000, 0x0000000092600000, 0x0000000092600000|100%| E|CS|TAMS 0x0000000092500000, 0x0000000092500000| Complete 
| 294|0x0000000092600000, 0x0000000092700000, 0x0000000092700000|100%| E|CS|TAMS 0x0000000092600000, 0x0000000092600000| Complete 
| 295|0x0000000092700000, 0x0000000092800000, 0x0000000092800000|100%| E|CS|TAMS 0x0000000092700000, 0x0000000092700000| Complete 
| 296|0x0000000092800000, 0x0000000092900000, 0x0000000092900000|100%| E|CS|TAMS 0x0000000092800000, 0x0000000092800000| Complete 
| 297|0x0000000092900000, 0x0000000092a00000, 0x0000000092a00000|100%| E|CS|TAMS 0x0000000092900000, 0x0000000092900000| Complete 
| 298|0x0000000092a00000, 0x0000000092b00000, 0x0000000092b00000|100%| E|CS|TAMS 0x0000000092a00000, 0x0000000092a00000| Complete 
| 299|0x0000000092b00000, 0x0000000092c00000, 0x0000000092c00000|100%| E|CS|TAMS 0x0000000092b00000, 0x0000000092b00000| Complete 
| 300|0x0000000092c00000, 0x0000000092d00000, 0x0000000092d00000|100%| E|CS|TAMS 0x0000000092c00000, 0x0000000092c00000| Complete 
| 301|0x0000000092d00000, 0x0000000092e00000, 0x0000000092e00000|100%| E|CS|TAMS 0x0000000092d00000, 0x0000000092d00000| Complete 
| 302|0x0000000092e00000, 0x0000000092f00000, 0x0000000092f00000|100%| E|CS|TAMS 0x0000000092e00000, 0x0000000092e00000| Complete 
| 303|0x0000000092f00000, 0x0000000093000000, 0x0000000093000000|100%| E|CS|TAMS 0x0000000092f00000, 0x0000000092f00000| Complete 
| 304|0x0000000093000000, 0x0000000093100000, 0x0000000093100000|100%| E|CS|TAMS 0x0000000093000000, 0x0000000093000000| Complete 
| 305|0x0000000093100000, 0x0000000093200000, 0x0000000093200000|100%| E|CS|TAMS 0x0000000093100000, 0x0000000093100000| Complete 
| 306|0x0000000093200000, 0x0000000093300000, 0x0000000093300000|100%| E|CS|TAMS 0x0000000093200000, 0x0000000093200000| Complete 
| 307|0x0000000093300000, 0x0000000093400000, 0x0000000093400000|100%| E|CS|TAMS 0x0000000093300000, 0x0000000093300000| Complete 
| 308|0x0000000093400000, 0x0000000093500000, 0x0000000093500000|100%| E|CS|TAMS 0x0000000093400000, 0x0000000093400000| Complete 
| 309|0x0000000093500000, 0x0000000093600000, 0x0000000093600000|100%| E|CS|TAMS 0x0000000093500000, 0x0000000093500000| Complete 
| 310|0x0000000093600000, 0x0000000093700000, 0x0000000093700000|100%| E|CS|TAMS 0x0000000093600000, 0x0000000093600000| Complete 
| 311|0x0000000093700000, 0x0000000093800000, 0x0000000093800000|100%| E|CS|TAMS 0x0000000093700000, 0x0000000093700000| Complete 
| 312|0x0000000093800000, 0x0000000093900000, 0x0000000093900000|100%| E|CS|TAMS 0x0000000093800000, 0x0000000093800000| Complete 
| 313|0x0000000093900000, 0x0000000093a00000, 0x0000000093a00000|100%| E|CS|TAMS 0x0000000093900000, 0x0000000093900000| Complete 
| 314|0x0000000093a00000, 0x0000000093b00000, 0x0000000093b00000|100%| E|CS|TAMS 0x0000000093a00000, 0x0000000093a00000| Complete 
| 315|0x0000000093b00000, 0x0000000093c00000, 0x0000000093c00000|100%| E|CS|TAMS 0x0000000093b00000, 0x0000000093b00000| Complete 
| 316|0x0000000093c00000, 0x0000000093d00000, 0x0000000093d00000|100%| E|CS|TAMS 0x0000000093c00000, 0x0000000093c00000| Complete 
| 317|0x0000000093d00000, 0x0000000093e00000, 0x0000000093e00000|100%| E|CS|TAMS 0x0000000093d00000, 0x0000000093d00000| Complete 
| 318|0x0000000093e00000, 0x0000000093f00000, 0x0000000093f00000|100%| E|CS|TAMS 0x0000000093e00000, 0x0000000093e00000| Complete 
| 319|0x0000000093f00000, 0x0000000094000000, 0x0000000094000000|100%| E|CS|TAMS 0x0000000093f00000, 0x0000000093f00000| Complete 
| 320|0x0000000094000000, 0x0000000094100000, 0x0000000094100000|100%| E|CS|TAMS 0x0000000094000000, 0x0000000094000000| Complete 
| 321|0x0000000094100000, 0x0000000094200000, 0x0000000094200000|100%| E|CS|TAMS 0x0000000094100000, 0x0000000094100000| Complete 
| 322|0x0000000094200000, 0x0000000094300000, 0x0000000094300000|100%| E|CS|TAMS 0x0000000094200000, 0x0000000094200000| Complete 
| 323|0x0000000094300000, 0x0000000094400000, 0x0000000094400000|100%| E|CS|TAMS 0x0000000094300000, 0x0000000094300000| Complete 
| 324|0x0000000094400000, 0x0000000094500000, 0x0000000094500000|100%| E|CS|TAMS 0x0000000094400000, 0x0000000094400000| Complete 
| 325|0x0000000094500000, 0x0000000094600000, 0x0000000094600000|100%| E|CS|TAMS 0x0000000094500000, 0x0000000094500000| Complete 
| 326|0x0000000094600000, 0x0000000094700000, 0x0000000094700000|100%| E|CS|TAMS 0x0000000094600000, 0x0000000094600000| Complete 
| 327|0x0000000094700000, 0x0000000094800000, 0x0000000094800000|100%| E|CS|TAMS 0x0000000094700000, 0x0000000094700000| Complete 
| 328|0x0000000094800000, 0x0000000094900000, 0x0000000094900000|100%| E|CS|TAMS 0x0000000094800000, 0x0000000094800000| Complete 
| 329|0x0000000094900000, 0x0000000094a00000, 0x0000000094a00000|100%| E|CS|TAMS 0x0000000094900000, 0x0000000094900000| Complete 
| 330|0x0000000094a00000, 0x0000000094b00000, 0x0000000094b00000|100%| E|CS|TAMS 0x0000000094a00000, 0x0000000094a00000| Complete 
| 331|0x0000000094b00000, 0x0000000094c00000, 0x0000000094c00000|100%| E|CS|TAMS 0x0000000094b00000, 0x0000000094b00000| Complete 
| 332|0x0000000094c00000, 0x0000000094d00000, 0x0000000094d00000|100%| E|CS|TAMS 0x0000000094c00000, 0x0000000094c00000| Complete 
| 333|0x0000000094d00000, 0x0000000094e00000, 0x0000000094e00000|100%| E|CS|TAMS 0x0000000094d00000, 0x0000000094d00000| Complete 
| 334|0x0000000094e00000, 0x0000000094f00000, 0x0000000094f00000|100%| E|CS|TAMS 0x0000000094e00000, 0x0000000094e00000| Complete 
| 335|0x0000000094f00000, 0x0000000095000000, 0x0000000095000000|100%| E|CS|TAMS 0x0000000094f00000, 0x0000000094f00000| Complete 
| 336|0x0000000095000000, 0x0000000095100000, 0x0000000095100000|100%| E|CS|TAMS 0x0000000095000000, 0x0000000095000000| Complete 
| 337|0x0000000095100000, 0x0000000095200000, 0x0000000095200000|100%| E|CS|TAMS 0x0000000095100000, 0x0000000095100000| Complete 
| 338|0x0000000095200000, 0x0000000095300000, 0x0000000095300000|100%| E|CS|TAMS 0x0000000095200000, 0x0000000095200000| Complete 
| 339|0x0000000095300000, 0x0000000095400000, 0x0000000095400000|100%| E|CS|TAMS 0x0000000095300000, 0x0000000095300000| Complete 
| 340|0x0000000095400000, 0x0000000095500000, 0x0000000095500000|100%| E|CS|TAMS 0x0000000095400000, 0x0000000095400000| Complete 
| 341|0x0000000095500000, 0x0000000095600000, 0x0000000095600000|100%| E|CS|TAMS 0x0000000095500000, 0x0000000095500000| Complete 
| 342|0x0000000095600000, 0x0000000095700000, 0x0000000095700000|100%| E|CS|TAMS 0x0000000095600000, 0x0000000095600000| Complete 
| 343|0x0000000095700000, 0x0000000095800000, 0x0000000095800000|100%| E|CS|TAMS 0x0000000095700000, 0x0000000095700000| Complete 
| 344|0x0000000095800000, 0x0000000095900000, 0x0000000095900000|100%| E|CS|TAMS 0x0000000095800000, 0x0000000095800000| Complete 
| 345|0x0000000095900000, 0x0000000095a00000, 0x0000000095a00000|100%| E|CS|TAMS 0x0000000095900000, 0x0000000095900000| Complete 
| 346|0x0000000095a00000, 0x0000000095b00000, 0x0000000095b00000|100%| E|CS|TAMS 0x0000000095a00000, 0x0000000095a00000| Complete 

Card table byte_map: [0x00000259e3ce0000,0x00000259e40e0000] _byte_map_base: 0x00000259e38e0000

Marking Bits (Prev, Next): (CMBitMap*) 0x00000259cefec238, (CMBitMap*) 0x00000259cefec270
 Prev Bits: [0x00000259e44e0000, 0x00000259e64e0000)
 Next Bits: [0x00000259e64e0000, 0x00000259e84e0000)

Polling page: 0x00000259cf090000

Metaspace:

Usage:
  Non-class:    125.95 MB capacity,   123.60 MB ( 98%) used,     1.90 MB (  2%) free+waste,   463.50 KB ( <1%) overhead. 
      Class:     18.87 MB capacity,    17.50 MB ( 93%) used,     1.18 MB (  6%) free+waste,   201.44 KB (  1%) overhead. 
       Both:    144.82 MB capacity,   141.09 MB ( 97%) used,     3.07 MB (  2%) free+waste,   664.94 KB ( <1%) overhead. 

Virtual space:
  Non-class space:      126.00 MB reserved,     126.00 MB (100%) committed 
      Class space:        1.00 GB reserved,      19.00 MB (  2%) committed 
             Both:        1.12 GB reserved,     145.00 MB ( 13%) committed 

Chunk freelists:
   Non-Class:  0 bytes
       Class:  36.00 KB
        Both:  36.00 KB

MaxMetaspaceSize: 17179869184.00 GB
CompressedClassSpaceSize: 1.00 GB
Initial GC threshold: 20.80 MB
Current GC threshold: 240.63 MB
CDS: off

CodeHeap 'non-profiled nmethods': size=120064Kb used=16025Kb max_used=16285Kb free=104039Kb
 bounds [0x00000259dbd80000, 0x00000259dcdb0000, 0x00000259e32c0000]
CodeHeap 'profiled nmethods': size=120000Kb used=50267Kb max_used=51468Kb free=69732Kb
 bounds [0x00000259d4850000, 0x00000259d7b60000, 0x00000259dbd80000]
CodeHeap 'non-nmethods': size=5696Kb used=2500Kb max_used=2629Kb free=3195Kb
 bounds [0x00000259d42c0000, 0x00000259d4570000, 0x00000259d4850000]
 total_blobs=22343 nmethods=21303 adapters=950
 compilation: enabled
              stopped_count=0, restarted_count=0
 full_count=0

Compilation events (20 events):
Event: 255.074 Thread 0x00000259eb3bc800 nmethod 23413 0x00000259dc851210 code [0x00000259dc8513a0, 0x00000259dc851438]
Event: 255.074 Thread 0x00000259eb3bc800 23683       4       com.android.tools.r8.ir.regalloc.b::b (26 bytes)
Event: 255.089 Thread 0x00000259eb3c3000 24530       2       com.android.tools.r8.internal.l7::a (107 bytes)
Event: 255.089 Thread 0x00000259eb3bc800 nmethod 23683 0x00000259dc51de10 code [0x00000259dc51e020, 0x00000259dc51e9b8]
Event: 255.089 Thread 0x00000259eb3bc800 24529 %     4       com.android.tools.r8.ir.regalloc.b::a @ 626 (1329 bytes)
Event: 255.090 Thread 0x00000259eb3c3000 nmethod 24530 0x00000259d6adf410 code [0x00000259d6adf620, 0x00000259d6adfa58]
Event: 255.102 Thread 0x00000259f6a33000 nmethod 24509 0x00000259dc44c190 code [0x00000259dc44c3c0, 0x00000259dc44ddd8]
Event: 255.102 Thread 0x00000259f6a33000 23460       4       com.android.tools.r8.internal.Ko::c (50 bytes)
Event: 255.121 Thread 0x00000259f6a33000 nmethod 23460 0x00000259dbdec390 code [0x00000259dbdec540, 0x00000259dbded078]
Event: 255.121 Thread 0x00000259f6a33000 23515       4       com.android.tools.r8.internal.Rk::n2 (81 bytes)
Event: 255.122 Thread 0x00000259f6a33000 nmethod 23515 0x00000259dbfae410 code [0x00000259dbfae5c0, 0x00000259dbfae6b8]
Event: 255.123 Thread 0x00000259f6a33000 23488       4       com.android.tools.r8.internal.h4::X (36 bytes)
Event: 255.134 Thread 0x00000259f6a33000 nmethod 23488 0x00000259dc76bf10 code [0x00000259dc76c120, 0x00000259dc76cb08]
Event: 255.134 Thread 0x00000259f6a33000 24535       4       com.android.tools.r8.ir.regalloc.b::a (957 bytes)
Event: 255.134 Thread 0x00000259eb3c3000 24537       3       com.android.tools.r8.ir.conversion.r::a (354 bytes)
Event: 255.138 Thread 0x00000259eb3c3000 nmethod 24537 0x00000259d6abc890 code [0x00000259d6abcee0, 0x00000259d6ac0518]
Event: 255.285 Thread 0x00000259eb3c3000 24539       2       com.android.tools.r8.internal.LD::b (32 bytes)
Event: 255.285 Thread 0x00000259eb3c3000 nmethod 24539 0x00000259d55b6c10 code [0x00000259d55b6de0, 0x00000259d55b7038]
Event: 255.285 Thread 0x00000259eb3c3000 24540       2       com.android.tools.r8.code.x2::<init> (35 bytes)
Event: 255.285 Thread 0x00000259eb3c3000 nmethod 24540 0x00000259d549aa10 code [0x00000259d549abc0, 0x00000259d549ace8]

GC Heap History (20 events):
Event: 251.548 GC heap before
{Heap before GC invocations=106 (full 0):
 garbage-first heap   total 295936K, used 259717K [0x0000000080000000, 0x0000000100000000)
  region size 1024K, 63 young (64512K), 3 survivors (3072K)
 Metaspace       used 143880K, capacity 147639K, committed 148224K, reserved 1177600K
  class space    used 17857K, capacity 19228K, committed 19456K, reserved 1048576K
}
Event: 251.558 GC heap after
{Heap after GC invocations=107 (full 0):
 garbage-first heap   total 295936K, used 198738K [0x0000000080000000, 0x0000000100000000)
  region size 1024K, 3 young (3072K), 3 survivors (3072K)
 Metaspace       used 143880K, capacity 147639K, committed 148224K, reserved 1177600K
  class space    used 17857K, capacity 19228K, committed 19456K, reserved 1048576K
}
Event: 251.732 GC heap before
{Heap before GC invocations=107 (full 0):
 garbage-first heap   total 295936K, used 261202K [0x0000000080000000, 0x0000000100000000)
  region size 1024K, 64 young (65536K), 3 survivors (3072K)
 Metaspace       used 143889K, capacity 147642K, committed 148224K, reserved 1177600K
  class space    used 17857K, capacity 19228K, committed 19456K, reserved 1048576K
}
Event: 251.738 GC heap after
{Heap after GC invocations=108 (full 0):
 garbage-first heap   total 295936K, used 199976K [0x0000000080000000, 0x0000000100000000)
  region size 1024K, 4 young (4096K), 4 survivors (4096K)
 Metaspace       used 143889K, capacity 147642K, committed 148224K, reserved 1177600K
  class space    used 17857K, capacity 19228K, committed 19456K, reserved 1048576K
}
Event: 251.929 GC heap before
{Heap before GC invocations=108 (full 0):
 garbage-first heap   total 295936K, used 261416K [0x0000000080000000, 0x0000000100000000)
  region size 1024K, 64 young (65536K), 4 survivors (4096K)
 Metaspace       used 143895K, capacity 147642K, committed 148224K, reserved 1177600K
  class space    used 17857K, capacity 19228K, committed 19456K, reserved 1048576K
}
Event: 251.934 GC heap after
{Heap after GC invocations=109 (full 0):
 garbage-first heap   total 295936K, used 199707K [0x0000000080000000, 0x0000000100000000)
  region size 1024K, 4 young (4096K), 4 survivors (4096K)
 Metaspace       used 143895K, capacity 147642K, committed 148224K, reserved 1177600K
  class space    used 17857K, capacity 19228K, committed 19456K, reserved 1048576K
}
Event: 252.206 GC heap before
{Heap before GC invocations=109 (full 0):
 garbage-first heap   total 295936K, used 261147K [0x0000000080000000, 0x0000000100000000)
  region size 1024K, 64 young (65536K), 4 survivors (4096K)
 Metaspace       used 143948K, capacity 147707K, committed 148224K, reserved 1177600K
  class space    used 17857K, capacity 19228K, committed 19456K, reserved 1048576K
}
Event: 252.212 GC heap after
{Heap after GC invocations=110 (full 0):
 garbage-first heap   total 295936K, used 199996K [0x0000000080000000, 0x0000000100000000)
  region size 1024K, 4 young (4096K), 4 survivors (4096K)
 Metaspace       used 143948K, capacity 147707K, committed 148224K, reserved 1177600K
  class space    used 17857K, capacity 19228K, committed 19456K, reserved 1048576K
}
Event: 252.520 GC heap before
{Heap before GC invocations=110 (full 0):
 garbage-first heap   total 295936K, used 260412K [0x0000000080000000, 0x0000000100000000)
  region size 1024K, 64 young (65536K), 4 survivors (4096K)
 Metaspace       used 143950K, capacity 147707K, committed 148224K, reserved 1177600K
  class space    used 17857K, capacity 19228K, committed 19456K, reserved 1048576K
}
Event: 252.526 GC heap after
{Heap after GC invocations=111 (full 0):
 garbage-first heap   total 295936K, used 199906K [0x0000000080000000, 0x0000000100000000)
  region size 1024K, 4 young (4096K), 4 survivors (4096K)
 Metaspace       used 143950K, capacity 147707K, committed 148224K, reserved 1177600K
  class space    used 17857K, capacity 19228K, committed 19456K, reserved 1048576K
}
Event: 252.714 GC heap before
{Heap before GC invocations=111 (full 0):
 garbage-first heap   total 295936K, used 261346K [0x0000000080000000, 0x0000000100000000)
  region size 1024K, 64 young (65536K), 4 survivors (4096K)
 Metaspace       used 143959K, capacity 147708K, committed 148224K, reserved 1177600K
  class space    used 17857K, capacity 19228K, committed 19456K, reserved 1048576K
}
Event: 252.724 GC heap after
{Heap after GC invocations=112 (full 0):
 garbage-first heap   total 355328K, used 200213K [0x0000000080000000, 0x0000000100000000)
  region size 1024K, 5 young (5120K), 5 survivors (5120K)
 Metaspace       used 143959K, capacity 147708K, committed 148224K, reserved 1177600K
  class space    used 17857K, capacity 19228K, committed 19456K, reserved 1048576K
}
Event: 253.363 GC heap before
{Heap before GC invocations=112 (full 0):
 garbage-first heap   total 355328K, used 291349K [0x0000000080000000, 0x0000000100000000)
  region size 1024K, 94 young (96256K), 5 survivors (5120K)
 Metaspace       used 144325K, capacity 148200K, committed 148480K, reserved 1177600K
  class space    used 17915K, capacity 19322K, committed 19456K, reserved 1048576K
}
Event: 253.374 GC heap after
{Heap after GC invocations=113 (full 0):
 garbage-first heap   total 355328K, used 201557K [0x0000000080000000, 0x0000000100000000)
  region size 1024K, 6 young (6144K), 6 survivors (6144K)
 Metaspace       used 144325K, capacity 148200K, committed 148480K, reserved 1177600K
  class space    used 17915K, capacity 19322K, committed 19456K, reserved 1048576K
}
Event: 253.904 GC heap before
{Heap before GC invocations=113 (full 0):
 garbage-first heap   total 355328K, used 295765K [0x0000000080000000, 0x0000000100000000)
  region size 1024K, 97 young (99328K), 6 survivors (6144K)
 Metaspace       used 144459K, capacity 148291K, committed 148480K, reserved 1177600K
  class space    used 17916K, capacity 19324K, committed 19456K, reserved 1048576K
}
Event: 253.913 GC heap after
{Heap after GC invocations=114 (full 0):
 garbage-first heap   total 355328K, used 200396K [0x0000000080000000, 0x0000000100000000)
  region size 1024K, 4 young (4096K), 4 survivors (4096K)
 Metaspace       used 144459K, capacity 148291K, committed 148480K, reserved 1177600K
  class space    used 17916K, capacity 19324K, committed 19456K, reserved 1048576K
}
Event: 254.610 GC heap before
{Heap before GC invocations=114 (full 0):
 garbage-first heap   total 355328K, used 300748K [0x0000000080000000, 0x0000000100000000)
  region size 1024K, 102 young (104448K), 4 survivors (4096K)
 Metaspace       used 144469K, capacity 148291K, committed 148480K, reserved 1177600K
  class space    used 17916K, capacity 19324K, committed 19456K, reserved 1048576K
}
Event: 254.619 GC heap after
{Heap after GC invocations=115 (full 0):
 garbage-first heap   total 355328K, used 201281K [0x0000000080000000, 0x0000000100000000)
  region size 1024K, 5 young (5120K), 5 survivors (5120K)
 Metaspace       used 144469K, capacity 148291K, committed 148480K, reserved 1177600K
  class space    used 17916K, capacity 19324K, committed 19456K, reserved 1048576K
}
Event: 255.109 GC heap before
{Heap before GC invocations=115 (full 0):
 garbage-first heap   total 355328K, used 301633K [0x0000000080000000, 0x0000000100000000)
  region size 1024K, 103 young (105472K), 5 survivors (5120K)
 Metaspace       used 144475K, capacity 148293K, committed 148480K, reserved 1177600K
  class space    used 17916K, capacity 19324K, committed 19456K, reserved 1048576K
}
Event: 255.119 GC heap after
{Heap after GC invocations=116 (full 0):
 garbage-first heap   total 355328K, used 201582K [0x0000000080000000, 0x0000000100000000)
  region size 1024K, 5 young (5120K), 5 survivors (5120K)
 Metaspace       used 144475K, capacity 148293K, committed 148480K, reserved 1177600K
  class space    used 17916K, capacity 19324K, committed 19456K, reserved 1048576K
}

Deoptimization events (20 events):
Event: 254.756 Thread 0x00000259f4181800 DEOPT PACKING pc=0x00000259dc43146c sp=0x0000009bcdaf9540
Event: 254.756 Thread 0x00000259f4181800 DEOPT UNPACKING pc=0x00000259d430a1af sp=0x0000009bcdaf9438 mode 2
Event: 254.791 Thread 0x00000259eb69f000 DEOPT PACKING pc=0x00000259d7b4cad0 sp=0x0000009bcedf9280
Event: 254.791 Thread 0x00000259eb69f000 DEOPT UNPACKING pc=0x00000259d430a95e sp=0x0000009bcedf8b00 mode 0
Event: 254.990 Thread 0x00000259f4181800 Uncommon trap: trap_request=0xffffffde fr.pc=0x00000259dcc00110 relative=0x0000000000005e90
Event: 254.990 Thread 0x00000259f4181800 Uncommon trap: reason=class_check action=maybe_recompile pc=0x00000259dcc00110 method=com.android.tools.r8.internal.lY.a0()I @ 19 c2
Event: 254.990 Thread 0x00000259f4181800 DEOPT PACKING pc=0x00000259dcc00110 sp=0x0000009bcdaf9530
Event: 254.990 Thread 0x00000259f4181800 DEOPT UNPACKING pc=0x00000259d430a1af sp=0x0000009bcdaf94a0 mode 2
Event: 255.089 Thread 0x00000259eb69f000 DEOPT PACKING pc=0x00000259d748bfc9 sp=0x0000009bcedf98c0
Event: 255.089 Thread 0x00000259eb69f000 DEOPT UNPACKING pc=0x00000259d430a95e sp=0x0000009bcedf8de8 mode 0
Event: 255.203 Thread 0x00000259f4181800 DEOPT PACKING pc=0x00000259d75d7e5e sp=0x0000009bcdaf9170
Event: 255.203 Thread 0x00000259f4181800 DEOPT UNPACKING pc=0x00000259d430a95e sp=0x0000009bcdaf8810 mode 0
Event: 255.209 Thread 0x00000259f4181800 DEOPT PACKING pc=0x00000259d7b4cad0 sp=0x0000009bcdaf8f90
Event: 255.209 Thread 0x00000259f4181800 DEOPT UNPACKING pc=0x00000259d430a95e sp=0x0000009bcdaf8810 mode 0
Event: 255.212 Thread 0x00000259f4181800 DEOPT PACKING pc=0x00000259d7b4cad0 sp=0x0000009bcdaf8b00
Event: 255.212 Thread 0x00000259f4181800 DEOPT UNPACKING pc=0x00000259d430a95e sp=0x0000009bcdaf8380 mode 0
Event: 255.284 Thread 0x00000259f4181800 DEOPT PACKING pc=0x00000259d7b4cad0 sp=0x0000009bcdaf8b00
Event: 255.284 Thread 0x00000259f4181800 DEOPT UNPACKING pc=0x00000259d430a95e sp=0x0000009bcdaf8380 mode 0
Event: 255.290 Thread 0x00000259f4181800 DEOPT PACKING pc=0x00000259d7b4cad0 sp=0x0000009bcdaf8b00
Event: 255.290 Thread 0x00000259f4181800 DEOPT UNPACKING pc=0x00000259d430a95e sp=0x0000009bcdaf8380 mode 0

Classes redefined (0 events):
No events

Internal exceptions (20 events):
Event: 238.212 Thread 0x00000259f417e800 Exception <a 'java/lang/NoSuchMethodError'{0x000000008ef61170}: 'void java.lang.invoke.DirectMethodHandle$Holder.invokeSpecial(java.lang.Object, java.lang.Object, int, java.lang.Object)'> (0x000000008ef61170) thrown at [./src/hotspot/share/interpreter/linkResolver.cpp, line 773]
Event: 238.212 Thread 0x00000259f4181800 Exception <a 'java/lang/NoSuchMethodError'{0x000000008f0b46a8}: 'void java.lang.invoke.DirectMethodHandle$Holder.invokeSpecial(java.lang.Object, java.lang.Object, int, java.lang.Object)'> (0x000000008f0b46a8) thrown at [./src/hotspot/share/interpreter/linkResolver.cpp, line 773]
Event: 238.214 Thread 0x00000259eb699800 Exception <a 'java/lang/NoSuchMethodError'{0x000000008f416e18}: 'void java.lang.invoke.DirectMethodHandle$Holder.invokeSpecial(java.lang.Object, java.lang.Object, int, java.lang.Object)'> (0x000000008f416e18) thrown at [./src/hotspot/share/interpreter/linkResolver.cpp, line 773]
Event: 238.921 Thread 0x00000259f417e800 Exception <a 'java/lang/NoSuchMethodError'{0x000000008ea24a88}: 'java.lang.Object java.lang.invoke.DirectMethodHandle$Holder.newInvokeSpecial(java.lang.Object, int)'> (0x000000008ea24a88) thrown at [./src/hotspot/share/interpreter/linkResolver.cpp, line 773]
Event: 238.922 Thread 0x00000259f4181800 Exception <a 'java/lang/NoSuchMethodError'{0x000000008ed75828}: 'java.lang.Object java.lang.invoke.DirectMethodHandle$Holder.newInvokeSpecial(java.lang.Object, int)'> (0x000000008ed75828) thrown at [./src/hotspot/share/interpreter/linkResolver.cpp, line 773]
Event: 239.212 Thread 0x00000259eb69f000 Exception <a 'java/lang/NoSuchMethodError'{0x000000009124e8e0}: 'java.lang.Object java.lang.invoke.Invokers$Holder.linkToTargetMethod(java.lang.Object, int, java.lang.Object, java.lang.Object, java.lang.Object, java.lang.Object)'> (0x000000009124e8e0) thrown at [./src/hotspot/share/interpreter/linkResolver.cpp, line 773]
Event: 239.214 Thread 0x00000259eb69f000 Exception <a 'java/lang/NoSuchMethodError'{0x000000009111bac8}: 'java.lang.Object java.lang.invoke.DirectMethodHandle$Holder.invokeStatic(java.lang.Object, java.lang.Object, java.lang.Object, java.lang.Object, int, java.lang.Object, java.lang.Object)'> (0x000000009111bac8) thrown at [./src/hotspot/share/interpreter/linkResolver.cpp, line 773]
Event: 239.214 Thread 0x00000259eb69f000 Exception <a 'java/lang/NoSuchMethodError'{0x0000000091131cf8}: 'java.lang.Object java.lang.invoke.Invokers$Holder.linkToTargetMethod(java.lang.Object, java.lang.Object, java.lang.Object, int, java.lang.Object, java.lang.Object, java.lang.Object)'> (0x0000000091131cf8) thrown at [./src/hotspot/share/interpreter/linkResolver.cpp, line 773]
Event: 239.215 Thread 0x00000259eb69f000 Exception <a 'java/lang/NoSuchMethodError'{0x0000000091147340}: 'void java.lang.invoke.DirectMethodHandle$Holder.invokeStatic(java.lang.Object, java.lang.Object, java.lang.Object, java.lang.Object, java.lang.Object, java.lang.Object, java.lang.Object, java.lang.Object)'> (0x0000000091147340) thrown at [./src/hotspot/share/interpreter/linkResolver.cpp, line 773]
Event: 239.335 Thread 0x00000259eb69f000 Exception <a 'java/lang/IncompatibleClassChangeError'{0x000000009063ae20}: Found class java.lang.Object, but interface was expected> (0x000000009063ae20) thrown at [./src/hotspot/share/interpreter/linkResolver.cpp, line 839]
Event: 239.433 Thread 0x00000259eb69f000 Exception <a 'java/lang/NoSuchMethodError'{0x000000008ff67eb0}: 'void java.lang.invoke.DirectMethodHandle$Holder.invokeSpecial(java.lang.Object, java.lang.Object, int)'> (0x000000008ff67eb0) thrown at [./src/hotspot/share/interpreter/linkResolver.cpp, line 773]
Event: 239.467 Thread 0x00000259eb69f000 Exception <a 'sun/nio/fs/WindowsException'{0x000000008fc27790}> (0x000000008fc27790) thrown at [./src/hotspot/share/prims/jni.cpp, line 615]
Event: 240.095 Thread 0x00000259eb699800 Exception <a 'java/lang/NoSuchMethodError'{0x0000000090db2a70}: 'int java.lang.invoke.DirectMethodHandle$Holder.invokeInterface(java.lang.Object, java.lang.Object, int)'> (0x0000000090db2a70) thrown at [./src/hotspot/share/interpreter/linkResolver.cpp, line 773]
Event: 241.921 Thread 0x00000259f417e800 Exception <a 'sun/nio/fs/WindowsException'{0x00000000919973d8}> (0x00000000919973d8) thrown at [./src/hotspot/share/prims/jni.cpp, line 615]
Event: 242.409 Thread 0x00000259eb69f000 Exception <a 'sun/nio/fs/WindowsException'{0x000000008ead8e90}> (0x000000008ead8e90) thrown at [./src/hotspot/share/prims/jni.cpp, line 615]
Event: 245.653 Thread 0x00000259eb69f000 Exception <a 'java/lang/NoSuchMethodError'{0x00000000901132c8}: 'java.lang.Object java.lang.invoke.DirectMethodHandle$Holder.invokeSpecial(java.lang.Object, java.lang.Object, java.lang.Object, java.lang.Object, java.lang.Object, java.lang.Object, java.lang.Object, java.lang.Object, java.lang.Object, java.lang.Object, java.lang.Object)'> (0x00000000901132c8) thrown at [./src/hotspot/share/interpreter/linkResolver.cpp, line 773]
Event: 245.654 Thread 0x00000259eb69f000 Exception <a 'java/lang/NoSuchMethodError'{0x000000009011ec68}: 'java.lang.Object java.lang.invoke.Invokers$Holder.linkToTargetMethod(java.lang.Object, java.lang.Object, java.lang.Object, java.lang.Object, java.lang.Object, java.lang.Object, java.lang.Object, java.lang.Object, java.lang.Object, java.lang.Object)'> (0x000000009011ec68) thrown at [./src/hotspot/share/interpreter/linkResolver.cpp, line 773]
Event: 246.035 Thread 0x00000259eb69f000 Exception <a 'java/lang/IncompatibleClassChangeError'{0x0000000090186c38}: Found class java.lang.Object, but interface was expected> (0x0000000090186c38) thrown at [./src/hotspot/share/interpreter/linkResolver.cpp, line 839]
Event: 252.775 Thread 0x00000259eb699800 Implicit null exception at 0x00000259dc2164ef to 0x00000259dc21662c
Event: 253.573 Thread 0x00000259eb699800 Exception <a 'sun/nio/fs/WindowsException'{0x0000000093939250}> (0x0000000093939250) thrown at [./src/hotspot/share/prims/jni.cpp, line 615]

Events (20 events):
Event: 253.462 Thread 0x00000259eb3c7800 flushing nmethod 0x00000259d6dc7390
Event: 253.462 Thread 0x00000259eb3c7800 flushing nmethod 0x00000259d6dd3090
Event: 253.462 Thread 0x00000259eb3c7800 flushing nmethod 0x00000259d6de9490
Event: 253.462 Thread 0x00000259eb3c7800 flushing nmethod 0x00000259d6ded310
Event: 253.463 Thread 0x00000259eb3c7800 flushing nmethod 0x00000259d6dff490
Event: 253.463 Thread 0x00000259eb3c7800 flushing nmethod 0x00000259d6e01110
Event: 253.463 Thread 0x00000259eb3c7800 flushing nmethod 0x00000259d6e04810
Event: 253.463 Thread 0x00000259eb3c7800 flushing nmethod 0x00000259d6e0fe90
Event: 253.593 loading class org/gradle/workers/internal/WorkerDaemonExpiration$SimpleMemoryExpirationSelector
Event: 253.593 loading class org/gradle/workers/internal/WorkerDaemonExpiration$SimpleMemoryExpirationSelector done
Event: 253.594 loading class org/gradle/workers/internal/WorkerDaemonClient
Event: 253.594 loading class org/gradle/workers/internal/WorkerDaemonClient done
Event: 253.822 Executing VM operation: ICBufferFull
Event: 253.822 Executing VM operation: ICBufferFull done
Event: 253.903 Executing VM operation: G1CollectForAllocation
Event: 253.913 Executing VM operation: G1CollectForAllocation done
Event: 254.610 Executing VM operation: G1CollectForAllocation
Event: 254.619 Executing VM operation: G1CollectForAllocation done
Event: 255.109 Executing VM operation: G1CollectForAllocation
Event: 255.119 Executing VM operation: G1CollectForAllocation done


Dynamic libraries:
0x00007ff6bb690000 - 0x00007ff6bb69a000 	D:\Android Studio\jre\bin\java.exe
0x00007ffe0eef0000 - 0x00007ffe0f0e8000 	C:\Windows\SYSTEM32\ntdll.dll
0x00007ffe0d070000 - 0x00007ffe0d12f000 	C:\Windows\System32\KERNEL32.DLL
0x00007ffe0cb60000 - 0x00007ffe0ce32000 	C:\Windows\System32\KERNELBASE.dll
0x00007ffe0c9b0000 - 0x00007ffe0cab0000 	C:\Windows\System32\ucrtbase.dll
0x00007ffdeed10000 - 0x00007ffdeed27000 	D:\Android Studio\jre\bin\VCRUNTIME140.dll
0x00007ffdf29f0000 - 0x00007ffdf2a09000 	D:\Android Studio\jre\bin\jli.dll
0x00007ffdfcb20000 - 0x00007ffdfcdba000 	C:\Windows\WinSxS\amd64_microsoft.windows.common-controls_6595b64144ccf1df_6.0.19041.1110_none_60b5254171f9507e\COMCTL32.dll
0x00007ffe0ec70000 - 0x00007ffe0ee11000 	C:\Windows\System32\USER32.dll
0x00007ffe0ded0000 - 0x00007ffe0df6e000 	C:\Windows\System32\msvcrt.dll
0x00007ffe0d040000 - 0x00007ffe0d06b000 	C:\Windows\System32\GDI32.dll
0x00007ffe0cf00000 - 0x00007ffe0cf22000 	C:\Windows\System32\win32u.dll
0x00007ffe0c7e0000 - 0x00007ffe0c8ef000 	C:\Windows\System32\gdi32full.dll
0x00007ffe0c5e0000 - 0x00007ffe0c67d000 	C:\Windows\System32\msvcp_win.dll
0x00007ffe0de30000 - 0x00007ffe0de62000 	C:\Windows\System32\IMM32.DLL
0x00007ffdb3ba0000 - 0x00007ffdb3c3d000 	D:\Android Studio\jre\bin\msvcp140.dll
0x00007ffdaf640000 - 0x00007ffdb0125000 	D:\Android Studio\jre\bin\server\jvm.dll
0x00007ffe0d690000 - 0x00007ffe0d73e000 	C:\Windows\System32\ADVAPI32.dll
0x00007ffe0dc10000 - 0x00007ffe0dcac000 	C:\Windows\System32\sechost.dll
0x00007ffe0e890000 - 0x00007ffe0e9b5000 	C:\Windows\System32\RPCRT4.dll
0x00007ffe0eea0000 - 0x00007ffe0eea8000 	C:\Windows\System32\PSAPI.DLL
0x00007ffe09da0000 - 0x00007ffe09da9000 	C:\Windows\SYSTEM32\WSOCK32.dll
0x00007ffe0d1b0000 - 0x00007ffe0d21b000 	C:\Windows\System32\WS2_32.dll
0x00007ffdfc800000 - 0x00007ffdfc827000 	C:\Windows\SYSTEM32\WINMM.dll
0x00007ffe06070000 - 0x00007ffe0607a000 	C:\Windows\SYSTEM32\VERSION.dll
0x00007ffe0a4c0000 - 0x00007ffe0a4d2000 	C:\Windows\SYSTEM32\kernel.appcore.dll
0x00007ffe02530000 - 0x00007ffe02541000 	D:\Android Studio\jre\bin\verify.dll
0x00007ffdf5740000 - 0x00007ffdf5924000 	C:\Windows\SYSTEM32\DBGHELP.DLL
0x00007ffdf52b0000 - 0x00007ffdf52e5000 	C:\Windows\SYSTEM32\dbgcore.DLL
0x00007ffe0c8f0000 - 0x00007ffe0c972000 	C:\Windows\System32\bcryptPrimitives.dll
0x00007ffdfc680000 - 0x00007ffdfc6a9000 	D:\Android Studio\jre\bin\java.dll
0x00007ffe08010000 - 0x00007ffe0801b000 	D:\Android Studio\jre\bin\jimage.dll
0x00007ffdfc660000 - 0x00007ffdfc678000 	D:\Android Studio\jre\bin\zip.dll
0x00007ffe0e120000 - 0x00007ffe0e864000 	C:\Windows\System32\SHELL32.dll
0x00007ffe0a6c0000 - 0x00007ffe0ae52000 	C:\Windows\SYSTEM32\windows.storage.dll
0x00007ffe0d740000 - 0x00007ffe0da95000 	C:\Windows\System32\combase.dll
0x00007ffe0bfd0000 - 0x00007ffe0c000000 	C:\Windows\SYSTEM32\Wldp.dll
0x00007ffe0e9c0000 - 0x00007ffe0ea6d000 	C:\Windows\System32\SHCORE.dll
0x00007ffe0ee20000 - 0x00007ffe0ee75000 	C:\Windows\System32\shlwapi.dll
0x00007ffe0c520000 - 0x00007ffe0c53f000 	C:\Windows\SYSTEM32\profapi.dll
0x00007ffdfc5f0000 - 0x00007ffdfc60a000 	D:\Android Studio\jre\bin\net.dll
0x00007ffe076a0000 - 0x00007ffe077ac000 	C:\Windows\SYSTEM32\WINHTTP.dll
0x00007ffe0bcc0000 - 0x00007ffe0bd2a000 	C:\Windows\system32\mswsock.dll
0x00007ffdf93f0000 - 0x00007ffdf9404000 	D:\Android Studio\jre\bin\nio.dll
0x00007ffdf16e0000 - 0x00007ffdf1707000 	C:\Users\posox\.gradle\native\e1d6ef7f7dcc3fd88c89a11ec53ec762bb8ba0a96d01ffa2cd45eb1d1d8dd5c5\windows-amd64\native-platform.dll
0x00007ffdb3320000 - 0x00007ffdb3464000 	C:\Users\posox\.gradle\native\5664cfc778a61ccfe75a443a1ab52a65af34e5dc3c78e0209fed803814484fcb\windows-amd64\native-platform-file-events.dll
0x00007ffe02420000 - 0x00007ffe0242a000 	D:\Android Studio\jre\bin\management.dll
0x00007ffdfc5b0000 - 0x00007ffdfc5bd000 	D:\Android Studio\jre\bin\management_ext.dll
0x00007ffe0beb0000 - 0x00007ffe0bec8000 	C:\Windows\SYSTEM32\CRYPTSP.dll
0x00007ffe0b5e0000 - 0x00007ffe0b614000 	C:\Windows\system32\rsaenh.dll
0x00007ffe0c980000 - 0x00007ffe0c9a7000 	C:\Windows\System32\bcrypt.dll
0x00007ffe0c4e0000 - 0x00007ffe0c50e000 	C:\Windows\SYSTEM32\USERENV.dll
0x00007ffe0bed0000 - 0x00007ffe0bedc000 	C:\Windows\SYSTEM32\CRYPTBASE.dll
0x00007ffe0b9b0000 - 0x00007ffe0b9eb000 	C:\Windows\SYSTEM32\IPHLPAPI.DLL
0x00007ffe0e870000 - 0x00007ffe0e878000 	C:\Windows\System32\NSI.dll
0x00007ffe06e70000 - 0x00007ffe06e87000 	C:\Windows\SYSTEM32\dhcpcsvc6.DLL
0x00007ffe06e50000 - 0x00007ffe06e6d000 	C:\Windows\SYSTEM32\dhcpcsvc.DLL
0x00007ffe0b9f0000 - 0x00007ffe0baba000 	C:\Windows\SYSTEM32\DNSAPI.dll
0x00007ffdf7b30000 - 0x00007ffdf7b57000 	D:\Android Studio\jre\bin\sunec.dll
0x00007ffe05f80000 - 0x00007ffe05f8a000 	C:\Windows\System32\rasadhlp.dll
0x00007ffe05390000 - 0x00007ffe05410000 	C:\Windows\System32\fwpuclnt.dll
0x00007ffe0b700000 - 0x00007ffe0b733000 	C:\Windows\SYSTEM32\ntmarta.dll

dbghelp: loaded successfully - version: 4.0.5 - missing functions: none
symbol engine: initialized successfully - sym options: 0x614 - pdb path: .;D:\Android Studio\jre\bin;C:\Windows\SYSTEM32;C:\Windows\WinSxS\amd64_microsoft.windows.common-controls_6595b64144ccf1df_6.0.19041.1110_none_60b5254171f9507e;D:\Android Studio\jre\bin\server;C:\Users\posox\.gradle\native\e1d6ef7f7dcc3fd88c89a11ec53ec762bb8ba0a96d01ffa2cd45eb1d1d8dd5c5\windows-amd64;C:\Users\posox\.gradle\native\5664cfc778a61ccfe75a443a1ab52a65af34e5dc3c78e0209fed803814484fcb\windows-amd64

VM Arguments:
jvm_args: --add-opens=java.base/java.util=ALL-UNNAMED --add-opens=java.base/java.lang=ALL-UNNAMED --add-opens=java.base/java.lang.invoke=ALL-UNNAMED --add-opens=java.base/java.util=ALL-UNNAMED --add-opens=java.prefs/java.util.prefs=ALL-UNNAMED --add-opens=java.prefs/java.util.prefs=ALL-UNNAMED --add-opens=java.base/java.nio.charset=ALL-UNNAMED --add-opens=java.base/java.net=ALL-UNNAMED --add-opens=java.base/java.util.concurrent.atomic=ALL-UNNAMED -Xmx2048m -Dfile.encoding=UTF-8 -Duser.country=US -Duser.language=en -Duser.variant 
java_command: org.gradle.launcher.daemon.bootstrap.GradleDaemon 7.3.3
java_class_path (initial): C:\Users\posox\.gradle\wrapper\dists\gradle-7.3.3-bin\6a41zxkdtcxs8rphpq6y0069z\gradle-7.3.3\lib\gradle-launcher-7.3.3.jar
Launcher Type: SUN_STANDARD

[Global flags]
     intx CICompilerCount                          = 3                                         {product} {ergonomic}
     uint ConcGCThreads                            = 1                                         {product} {ergonomic}
     uint G1ConcRefinementThreads                  = 4                                         {product} {ergonomic}
   size_t G1HeapRegionSize                         = 1048576                                   {product} {ergonomic}
    uintx GCDrainStackTargetSize                   = 64                                        {product} {ergonomic}
   size_t InitialHeapSize                          = 201326592                                 {product} {ergonomic}
   size_t MarkStackSize                            = 4194304                                   {product} {ergonomic}
   size_t MaxHeapSize                              = 2147483648                                {product} {command line}
   size_t MaxNewSize                               = 1287651328                                {product} {ergonomic}
   size_t MinHeapDeltaBytes                        = 1048576                                   {product} {ergonomic}
    uintx NonNMethodCodeHeapSize                   = 5830732                                {pd product} {ergonomic}
    uintx NonProfiledCodeHeapSize                  = 122913754                              {pd product} {ergonomic}
    uintx ProfiledCodeHeapSize                     = 122913754                              {pd product} {ergonomic}
    uintx ReservedCodeCacheSize                    = 251658240                              {pd product} {ergonomic}
     bool SegmentedCodeCache                       = true                                      {product} {ergonomic}
     bool UseCompressedClassPointers               = true                                 {lp64_product} {ergonomic}
     bool UseCompressedOops                        = true                                 {lp64_product} {ergonomic}
     bool UseG1GC                                  = true                                      {product} {ergonomic}
     bool UseLargePagesIndividualAllocation        = false                                  {pd product} {ergonomic}

Logging:
Log output configuration:
 #0: stdout all=warning uptime,level,tags
 #1: stderr all=off uptime,level,tags

Environment Variables:
JAVA_HOME=C:\Program Files\Java\jdk-18.0.2.1
PATH=C:\Program Files\Common Files\Oracle\Java\javapath;C:\Windows\system32;C:\Windows;C:\Windows\System32\Wbem;C:\Windows\System32\WindowsPowerShell\v1.0\;C:\Windows\System32\OpenSSH\;C:\Program Files\Git\cmd;C:\Program Files\Java\jdk-18.0.2.1\bin;;C:\Program Files (x86)\NVIDIA Corporation\PhysX\Common;C:\Users\posox\AppData\Local\Microsoft\WindowsApps;
USERNAME=posox
OS=Windows_NT
PROCESSOR_IDENTIFIER=Intel64 Family 6 Model 60 Stepping 3, GenuineIntel



---------------  S Y S T E M  ---------------

OS: Windows 10 , 64 bit Build 19041 (10.0.19041.2364)
OS uptime: 1 days 4:06 hours

CPU:total 4 (initial active 4) (4 cores per cpu, 1 threads per core) family 6 model 60 stepping 3 microcode 0x27, cmov, cx8, fxsr, mmx, sse, sse2, sse3, ssse3, sse4.1, sse4.2, popcnt, avx, avx2, aes, clmul, erms, lzcnt, tsc, tscinvbit, bmi1, bmi2, fma

Memory: 4k page, system-wide physical 12175M (884M free)
TotalPageFile size 14223M (AvailPageFile size 2M)
current process WorkingSet (physical memory assigned to process): 816M, peak: 822M
current process commit charge ("private bytes"): 872M, peak: 889M

vm_info: OpenJDK 64-Bit Server VM (11.0.12+7-b1504.28-7817840) for windows-amd64 JRE (11.0.12+7-b1504.28-7817840), built on Oct 13 2021 22:12:33 by "builder" with MS VC++ 14.0 (VS2015)

END.
