#
# There is insufficient memory for the Java Runtime Environment to continue.
# Native memory allocation (mmap) failed to map 80740352 bytes for Failed to commit area from 0x0000000091600000 to 0x0000000096300000 of length 80740352.
# Possible reasons:
#   The system is out of physical RAM or swap space
#   The process is running with CompressedOops enabled, and the Java Heap may be blocking the growth of the native heap
# Possible solutions:
#   Reduce memory load on the system
#   Increase physical memory or swap space
#   Check if swap backing store is full
#   Decrease Java heap size (-Xmx/-Xms)
#   Decrease number of Java threads
#   Decrease Java thread stack sizes (-Xss)
#   Set larger code cache with -XX:ReservedCodeCacheSize=
#   JVM is running with Unscaled Compressed Oops mode in which the Java heap is
#     placed in the first 4GB address space. The Java Heap base address is the
#     maximum limit for the native heap growth. Please use -XX:HeapBaseMinAddress
#     to set the Java Heap base and to place the Java Heap above 4GB virtual address.
# This output file may be truncated or incomplete.
#
#  Out of Memory Error (./src/hotspot/os/windows/os_windows.cpp:3521), pid=7440, tid=2444
#
# JRE version: OpenJDK Runtime Environment (11.0.12+7) (build 11.0.12+7-b1504.28-7817840)
# Java VM: OpenJDK 64-Bit Server VM (11.0.12+7-b1504.28-7817840, mixed mode, tiered, compressed oops, g1 gc, windows-amd64)
# No core dump will be written. Minidumps are not enabled by default on client versions of Windows
#

---------------  S U M M A R Y ------------

Command Line: --add-opens=java.base/java.util=ALL-UNNAMED --add-opens=java.base/java.lang=ALL-UNNAMED --add-opens=java.base/java.lang.invoke=ALL-UNNAMED --add-opens=java.base/java.util=ALL-UNNAMED --add-opens=java.prefs/java.util.prefs=ALL-UNNAMED --add-opens=java.prefs/java.util.prefs=ALL-UNNAMED --add-opens=java.base/java.nio.charset=ALL-UNNAMED --add-opens=java.base/java.net=ALL-UNNAMED --add-opens=java.base/java.util.concurrent.atomic=ALL-UNNAMED -Xmx2048m -Dfile.encoding=UTF-8 -Duser.country=US -Duser.language=en -Duser.variant org.gradle.launcher.daemon.bootstrap.GradleDaemon 7.3.3

Host: Intel(R) Core(TM) i5-4590 CPU @ 3.30GHz, 4 cores, 11G,  Windows 10 , 64 bit Build 19041 (10.0.19041.2364)
Time: Thu Jan 26 22:16:48 2023 Caucasus Standard Time elapsed time: 60.624685 seconds (0d 0h 1m 0s)

---------------  T H R E A D  ---------------

Current thread (0x0000012a2101f000):  VMThread "VM Thread" [stack: 0x000000234b800000,0x000000234b900000] [id=2444]

Stack: [0x000000234b800000,0x000000234b900000]
[error occurred during error reporting (printing stack bounds), id 0xc0000005, EXCEPTION_ACCESS_VIOLATION (0xc0000005) at pc=0x0000012a0af1112d]

Native frames: (J=compiled Java code, j=interpreted, Vv=VM code, C=native code)
V  [jvm.dll+0x5fbcea]
V  [jvm.dll+0x731905]
V  [jvm.dll+0x732f1d]
V  [jvm.dll+0x733535]
V  [jvm.dll+0x7334eb]
V  [jvm.dll+0x5fb080]
V  [jvm.dll+0x5fb818]
C  [ntdll.dll+0xa241f]
C  [ntdll.dll+0x514a4]
C  [ntdll.dll+0xa0f4e]
C  0x0000012a0af1112d

VM_Operation (0x000000234f3f8e40): G1CollectForAllocation, mode: safepoint, requested by thread 0x0000012a24671800


---------------  P R O C E S S  ---------------

Threads class SMR info:
_java_thread_list=0x0000012a2ab00ab0, length=89, elements={
0x0000012a073f9800, 0x0000012a21036800, 0x0000012a2103e800, 0x0000012a2188b800,
0x0000012a2188d000, 0x0000012a2188f000, 0x0000012a2189f800, 0x0000012a218a1000,
0x0000012a218a6000, 0x0000012a21a08800, 0x0000012a24067800, 0x0000012a241aa000,
0x0000012a246d8800, 0x0000012a238f5000, 0x0000012a24c15800, 0x0000012a24256800,
0x0000012a24255800, 0x0000012a24257000, 0x0000012a24cb1000, 0x0000012a24cb2000,
0x0000012a24cb2800, 0x0000012a24cb0800, 0x0000012a24cae000, 0x0000012a24cb4800,
0x0000012a24cb8800, 0x0000012a24cba000, 0x0000012a26fe7000, 0x0000012a26feb000,
0x0000012a26fe5000, 0x0000012a26feb800, 0x0000012a26fe9000, 0x0000012a26fe7800,
0x0000012a26fe6000, 0x0000012a26fed800, 0x0000012a26fee000, 0x0000012a26fe8800,
0x0000012a26fef000, 0x0000012a26ff0000, 0x0000012a26ff0800, 0x0000012a26fec800,
0x0000012a26ff1800, 0x0000012a26ff2000, 0x0000012a26ff3000, 0x0000012a26ff4000,
0x0000012a24cb3800, 0x0000012a24cae800, 0x0000012a24cb5000, 0x0000012a24caf800,
0x0000012a24cbb800, 0x0000012a24cbc800, 0x0000012a24cb7000, 0x0000012a24258000,
0x0000012a2466e800, 0x0000012a24670000, 0x0000012a2466f000, 0x0000012a24671800,
0x0000012a24672800, 0x0000012a24671000, 0x0000012a24673800, 0x0000012a24675000,
0x0000012a24674000, 0x0000012a29453800, 0x0000012a29452000, 0x0000012a29450000,
0x0000012a29454800, 0x0000012a29452800, 0x0000012a29455000, 0x0000012a29456800,
0x0000012a29456000, 0x0000012a29451000, 0x0000012a2945b000, 0x0000012a2945b800,
0x0000012a2945c800, 0x0000012a2945d800, 0x0000012a29457800, 0x0000012a2945e000,
0x0000012a29458800, 0x0000012a2945f000, 0x0000012a29459000, 0x0000012a2945a000,
0x0000012a2bc4a800, 0x0000012a2bc50000, 0x0000012a2bc4f800, 0x0000012a2bc51000,
0x0000012a275c8000, 0x0000012a2bc4e000, 0x0000012a2bc4d000, 0x0000012a2bc4b800,
0x0000012a2bc4e800
}

Java Threads: ( => current thread )
  0x0000012a073f9800 JavaThread "main" [_thread_blocked, id=11152, stack(0x000000234b200000,0x000000234b300000)]
  0x0000012a21036800 JavaThread "Reference Handler" daemon [_thread_blocked, id=10508, stack(0x000000234b900000,0x000000234ba00000)]
  0x0000012a2103e800 JavaThread "Finalizer" daemon [_thread_blocked, id=1632, stack(0x000000234ba00000,0x000000234bb00000)]
  0x0000012a2188b800 JavaThread "Signal Dispatcher" daemon [_thread_blocked, id=6648, stack(0x000000234bb00000,0x000000234bc00000)]
  0x0000012a2188d000 JavaThread "Attach Listener" daemon [_thread_blocked, id=8420, stack(0x000000234bc00000,0x000000234bd00000)]
  0x0000012a2188f000 JavaThread "Service Thread" daemon [_thread_blocked, id=11804, stack(0x000000234bd00000,0x000000234be00000)]
  0x0000012a2189f800 JavaThread "C2 CompilerThread0" daemon [_thread_blocked, id=3960, stack(0x000000234be00000,0x000000234bf00000)]
  0x0000012a218a1000 JavaThread "C1 CompilerThread0" daemon [_thread_blocked, id=9560, stack(0x000000234bf00000,0x000000234c000000)]
  0x0000012a218a6000 JavaThread "Sweeper thread" daemon [_thread_blocked, id=8572, stack(0x000000234c000000,0x000000234c100000)]
  0x0000012a21a08800 JavaThread "Common-Cleaner" daemon [_thread_blocked, id=12704, stack(0x000000234c100000,0x000000234c200000)]
  0x0000012a24067800 JavaThread "Daemon health stats" [_thread_blocked, id=1888, stack(0x000000234c700000,0x000000234c800000)]
  0x0000012a241aa000 JavaThread "Incoming local TCP Connector on port 62925" [_thread_in_native, id=11084, stack(0x000000234c800000,0x000000234c900000)]
  0x0000012a246d8800 JavaThread "Daemon periodic checks" [_thread_blocked, id=6236, stack(0x000000234c900000,0x000000234ca00000)]
  0x0000012a238f5000 JavaThread "Daemon" [_thread_blocked, id=5916, stack(0x000000234ca00000,0x000000234cb00000)]
  0x0000012a24c15800 JavaThread "Daemon worker" [_thread_blocked, id=13592, stack(0x000000234cd00000,0x000000234ce00000)]
  0x0000012a24256800 JavaThread "Cache worker for journal cache (C:\Users\posox\.gradle\caches\journal-1)" [_thread_blocked, id=11028, stack(0x000000234d100000,0x000000234d200000)]
  0x0000012a24255800 JavaThread "File lock request listener" [_thread_in_native, id=3488, stack(0x000000234d200000,0x000000234d300000)]
  0x0000012a24257000 JavaThread "Cache worker for file hash cache (C:\Users\posox\.gradle\caches\7.3.3\fileHashes)" [_thread_blocked, id=10600, stack(0x000000234d300000,0x000000234d400000)]
  0x0000012a24cb1000 JavaThread "File watcher server" daemon [_thread_blocked, id=6984, stack(0x000000234d500000,0x000000234d600000)]
  0x0000012a24cb2000 JavaThread "File watcher consumer" daemon [_thread_blocked, id=6324, stack(0x000000234d600000,0x000000234d700000)]
  0x0000012a24cb2800 JavaThread "jar transforms" [_thread_blocked, id=8540, stack(0x000000234d700000,0x000000234d800000)]
  0x0000012a24cb0800 JavaThread "jar transforms Thread 2" [_thread_blocked, id=10100, stack(0x000000234d800000,0x000000234d900000)]
  0x0000012a24cae000 JavaThread "jar transforms Thread 3" [_thread_blocked, id=9380, stack(0x000000234d900000,0x000000234da00000)]
  0x0000012a24cb4800 JavaThread "jar transforms Thread 4" [_thread_blocked, id=6396, stack(0x000000234da00000,0x000000234db00000)]
  0x0000012a24cb8800 JavaThread "Cache worker for execution history cache (C:\Users\posox\.gradle\caches\7.3.3\executionHistory)" [_thread_blocked, id=7144, stack(0x000000234de00000,0x000000234df00000)]
  0x0000012a24cba000 JavaThread "Cache worker for file content cache (C:\Users\posox\.gradle\caches\7.3.3\fileContent)" [_thread_blocked, id=9488, stack(0x000000234df00000,0x000000234e000000)]
  0x0000012a26fe7000 JavaThread "Memory manager" [_thread_blocked, id=10788, stack(0x0000002350b00000,0x0000002350c00000)]
  0x0000012a26feb000 JavaThread "Handler for socket connection from /127.0.0.1:62925 to /127.0.0.1:62958" [_thread_in_native, id=8736, stack(0x000000234c300000,0x000000234c400000)]
  0x0000012a26fe5000 JavaThread "Cancel handler" [_thread_blocked, id=4548, stack(0x000000234cb00000,0x000000234cc00000)]
  0x0000012a26feb800 JavaThread "Asynchronous log dispatcher for DefaultDaemonConnection: socket connection from /127.0.0.1:62925 to /127.0.0.1:62958" [_thread_blocked, id=7500, stack(0x000000234cc00000,0x000000234cd00000)]
  0x0000012a26fe9000 JavaThread "Stdin handler" [_thread_blocked, id=5476, stack(0x000000234ce00000,0x000000234cf00000)]
  0x0000012a26fe7800 JavaThread "Daemon client event forwarder" [_thread_blocked, id=2408, stack(0x000000234cf00000,0x000000234d000000)]
  0x0000012a26fe6000 JavaThread "Cache worker for file hash cache (C:\Users\posox\AndroidStudioProjects\LottieIntegrationAdmire\.gradle\7.3.3\fileHashes)" [_thread_blocked, id=13336, stack(0x000000234d000000,0x000000234d100000)]
  0x0000012a26fed800 JavaThread "Cache worker for checksums cache (C:\Users\posox\AndroidStudioProjects\LottieIntegrationAdmire\.gradle\7.3.3\checksums)" [_thread_blocked, id=504, stack(0x000000234db00000,0x000000234dc00000)]
  0x0000012a26fee000 JavaThread "Cache worker for cache directory md-supplier (C:\Users\posox\.gradle\caches\7.3.3\md-supplier)" [_thread_blocked, id=12472, stack(0x000000234dc00000,0x000000234dd00000)]
  0x0000012a26fe8800 JavaThread "Cache worker for cache directory md-rule (C:\Users\posox\.gradle\caches\7.3.3\md-rule)" [_thread_blocked, id=10212, stack(0x000000234dd00000,0x000000234de00000)]
  0x0000012a26fef000 JavaThread "Cache worker for dependencies-accessors (C:\Users\posox\AndroidStudioProjects\LottieIntegrationAdmire\.gradle\7.3.3\dependencies-accessors)" [_thread_blocked, id=1720, stack(0x000000234e000000,0x000000234e100000)]
  0x0000012a26ff0000 JavaThread "Cache worker for Build Output Cleanup Cache (C:\Users\posox\AndroidStudioProjects\LottieIntegrationAdmire\.gradle\buildOutputCleanup)" [_thread_blocked, id=6632, stack(0x000000234e100000,0x000000234e200000)]
  0x0000012a26ff0800 JavaThread "Unconstrained build operations" [_thread_blocked, id=2440, stack(0x000000234e200000,0x000000234e300000)]
  0x0000012a26fec800 JavaThread "Unconstrained build operations Thread 2" [_thread_blocked, id=14216, stack(0x000000234e300000,0x000000234e400000)]
  0x0000012a26ff1800 JavaThread "Unconstrained build operations Thread 3" [_thread_blocked, id=7780, stack(0x000000234e400000,0x000000234e500000)]
  0x0000012a26ff2000 JavaThread "Unconstrained build operations Thread 4" [_thread_blocked, id=12936, stack(0x000000234e500000,0x000000234e600000)]
  0x0000012a26ff3000 JavaThread "Unconstrained build operations Thread 5" [_thread_blocked, id=9840, stack(0x000000234e600000,0x000000234e700000)]
  0x0000012a26ff4000 JavaThread "Unconstrained build operations Thread 6" [_thread_blocked, id=2196, stack(0x000000234e700000,0x000000234e800000)]
  0x0000012a24cb3800 JavaThread "Unconstrained build operations Thread 7" [_thread_blocked, id=2144, stack(0x000000234e800000,0x000000234e900000)]
  0x0000012a24cae800 JavaThread "Unconstrained build operations Thread 8" [_thread_blocked, id=9192, stack(0x000000234e900000,0x000000234ea00000)]
  0x0000012a24cb5000 JavaThread "Unconstrained build operations Thread 9" [_thread_blocked, id=8848, stack(0x000000234ea00000,0x000000234eb00000)]
  0x0000012a24caf800 JavaThread "Unconstrained build operations Thread 10" [_thread_blocked, id=2104, stack(0x000000234eb00000,0x000000234ec00000)]
  0x0000012a24cbb800 JavaThread "Unconstrained build operations Thread 11" [_thread_blocked, id=5808, stack(0x000000234ec00000,0x000000234ed00000)]
  0x0000012a24cbc800 JavaThread "Unconstrained build operations Thread 12" [_thread_blocked, id=12468, stack(0x000000234ed00000,0x000000234ee00000)]
  0x0000012a24cb7000 JavaThread "Unconstrained build operations Thread 13" [_thread_blocked, id=10316, stack(0x000000234ee00000,0x000000234ef00000)]
  0x0000012a24258000 JavaThread "Unconstrained build operations Thread 14" [_thread_blocked, id=14188, stack(0x000000234ef00000,0x000000234f000000)]
  0x0000012a2466e800 JavaThread "Unconstrained build operations Thread 15" [_thread_blocked, id=7460, stack(0x000000234f000000,0x000000234f100000)]
  0x0000012a24670000 JavaThread "Unconstrained build operations Thread 16" [_thread_blocked, id=14148, stack(0x000000234f100000,0x000000234f200000)]
  0x0000012a2466f000 JavaThread "Unconstrained build operations Thread 17" [_thread_blocked, id=2464, stack(0x000000234f200000,0x000000234f300000)]
  0x0000012a24671800 JavaThread "Unconstrained build operations Thread 18" [_thread_blocked, id=12016, stack(0x000000234f300000,0x000000234f400000)]
  0x0000012a24672800 JavaThread "Unconstrained build operations Thread 19" [_thread_blocked, id=9672, stack(0x000000234f400000,0x000000234f500000)]
  0x0000012a24671000 JavaThread "Unconstrained build operations Thread 20" [_thread_blocked, id=6876, stack(0x000000234f500000,0x000000234f600000)]
  0x0000012a24673800 JavaThread "Unconstrained build operations Thread 21" [_thread_blocked, id=5736, stack(0x000000234f600000,0x000000234f700000)]
  0x0000012a24675000 JavaThread "Unconstrained build operations Thread 22" [_thread_blocked, id=3220, stack(0x000000234f700000,0x000000234f800000)]
  0x0000012a24674000 JavaThread "Unconstrained build operations Thread 23" [_thread_blocked, id=7940, stack(0x000000234f800000,0x000000234f900000)]
  0x0000012a29453800 JavaThread "Unconstrained build operations Thread 24" [_thread_blocked, id=9420, stack(0x000000234f900000,0x000000234fa00000)]
  0x0000012a29452000 JavaThread "Unconstrained build operations Thread 25" [_thread_blocked, id=4816, stack(0x000000234fa00000,0x000000234fb00000)]
  0x0000012a29450000 JavaThread "Unconstrained build operations Thread 26" [_thread_blocked, id=11908, stack(0x000000234fb00000,0x000000234fc00000)]
  0x0000012a29454800 JavaThread "Unconstrained build operations Thread 27" [_thread_blocked, id=12908, stack(0x000000234fc00000,0x000000234fd00000)]
  0x0000012a29452800 JavaThread "Unconstrained build operations Thread 28" [_thread_blocked, id=13796, stack(0x000000234fd00000,0x000000234fe00000)]
  0x0000012a29455000 JavaThread "Unconstrained build operations Thread 29" [_thread_blocked, id=4044, stack(0x000000234fe00000,0x000000234ff00000)]
  0x0000012a29456800 JavaThread "Unconstrained build operations Thread 30" [_thread_blocked, id=2412, stack(0x000000234ff00000,0x0000002350000000)]
  0x0000012a29456000 JavaThread "Unconstrained build operations Thread 31" [_thread_blocked, id=7420, stack(0x0000002350000000,0x0000002350100000)]
  0x0000012a29451000 JavaThread "Unconstrained build operations Thread 32" [_thread_blocked, id=3532, stack(0x0000002350100000,0x0000002350200000)]
  0x0000012a2945b000 JavaThread "Unconstrained build operations Thread 33" [_thread_blocked, id=10932, stack(0x0000002350200000,0x0000002350300000)]
  0x0000012a2945b800 JavaThread "Unconstrained build operations Thread 34" [_thread_blocked, id=9328, stack(0x0000002350300000,0x0000002350400000)]
  0x0000012a2945c800 JavaThread "Unconstrained build operations Thread 35" [_thread_blocked, id=13316, stack(0x0000002350400000,0x0000002350500000)]
  0x0000012a2945d800 JavaThread "Unconstrained build operations Thread 36" [_thread_blocked, id=5716, stack(0x0000002350500000,0x0000002350600000)]
  0x0000012a29457800 JavaThread "Unconstrained build operations Thread 37" [_thread_blocked, id=2000, stack(0x0000002350600000,0x0000002350700000)]
  0x0000012a2945e000 JavaThread "Unconstrained build operations Thread 38" [_thread_blocked, id=9432, stack(0x0000002350700000,0x0000002350800000)]
  0x0000012a29458800 JavaThread "Unconstrained build operations Thread 39" [_thread_blocked, id=7712, stack(0x0000002350800000,0x0000002350900000)]
  0x0000012a2945f000 JavaThread "Unconstrained build operations Thread 40" [_thread_blocked, id=548, stack(0x0000002350900000,0x0000002350a00000)]
  0x0000012a29459000 JavaThread "build event listener" [_thread_blocked, id=1116, stack(0x0000002350c00000,0x0000002350d00000)]
  0x0000012a2945a000 JavaThread "build event listener" [_thread_blocked, id=3184, stack(0x0000002351000000,0x0000002351100000)]
  0x0000012a2bc4a800 JavaThread "Execution worker for ':'" [_thread_blocked, id=4008, stack(0x0000002351100000,0x0000002351200000)]
  0x0000012a2bc50000 JavaThread "Execution worker for ':' Thread 2" [_thread_blocked, id=11372, stack(0x0000002351200000,0x0000002351300000)]
  0x0000012a2bc4f800 JavaThread "Execution worker for ':' Thread 3" [_thread_blocked, id=12608, stack(0x0000002351300000,0x0000002351400000)]
  0x0000012a2bc51000 JavaThread "Cache worker for execution history cache (C:\Users\posox\AndroidStudioProjects\LottieIntegrationAdmire\.gradle\7.3.3\executionHistory)" [_thread_blocked, id=1900, stack(0x0000002351400000,0x0000002351500000)]
  0x0000012a275c8000 JavaThread "C2 CompilerThread1" daemon [_thread_blocked, id=6096, stack(0x000000234d400000,0x000000234d500000)]
  0x0000012a2bc4e000 JavaThread "WorkerExecutor Queue" [_thread_blocked, id=6516, stack(0x0000002351500000,0x0000002351600000)]
  0x0000012a2bc4d000 JavaThread "WorkerExecutor Queue Thread 2" [_thread_blocked, id=7948, stack(0x0000002351600000,0x0000002351700000)]
  0x0000012a2bc4b800 JavaThread "WorkerExecutor Queue Thread 3" [_thread_blocked, id=2388, stack(0x0000002351700000,0x0000002351800000)]
  0x0000012a2bc4e800 JavaThread "WorkerExecutor Queue Thread 4" [_thread_blocked, id=1728, stack(0x0000002351800000,0x0000002351900000)]

Other Threads:
=>0x0000012a2101f000 VMThread "VM Thread" [stack: 0x000000234b800000,0x000000234b900000] [id=2444]
  0x0000012a21a15000 WatcherThread [stack: 0x000000234c200000,0x000000234c300000] [id=11932]
  0x0000012a07415800 GCTaskThread "GC Thread#0" [stack: 0x000000234b300000,0x000000234b400000] [id=13724]
  0x0000012a21f5c000 GCTaskThread "GC Thread#1" [stack: 0x000000234c400000,0x000000234c500000] [id=4708]
  0x0000012a2236f800 GCTaskThread "GC Thread#2" [stack: 0x000000234c500000,0x000000234c600000] [id=1956]
  0x0000012a21bb8800 GCTaskThread "GC Thread#3" [stack: 0x000000234c600000,0x000000234c700000] [id=13104]
  0x0000012a07447800 ConcurrentGCThread "G1 Main Marker" [stack: 0x000000234b400000,0x000000234b500000] [id=8744]
  0x0000012a07448800 ConcurrentGCThread "G1 Conc#0" [stack: 0x000000234b500000,0x000000234b600000] [id=9608]
  0x0000012a074de000 ConcurrentGCThread "G1 Refine#0" [stack: 0x000000234b600000,0x000000234b700000] [id=7248]
  0x0000012a2760e000 ConcurrentGCThread "G1 Refine#1" [stack: 0x0000002350a00000,0x0000002350b00000] [id=1092]
  0x0000012a20e74800 ConcurrentGCThread "G1 Young RemSet Sampling" [stack: 0x000000234b700000,0x000000234b800000] [id=8216]

Threads with active compile tasks:
C2 CompilerThread0  60649 23899 %     4       com.android.tools.r8.ir.regalloc.b::a @ 281 (957 bytes)
C2 CompilerThread1  60649 23892 %     4       com.android.tools.r8.ir.regalloc.b::i @ 335 (614 bytes)

VM state:at safepoint (normal execution)

VM Mutex/Monitor currently owned by a thread:  ([mutex/lock_event])
[0x0000012a073f8f10] Threads_lock - owner thread: 0x0000012a2101f000
[0x0000012a073f72f0] Heap_lock - owner thread: 0x0000012a24671800

Heap address: 0x0000000080000000, size: 2048 MB, Compressed Oops mode: 32-bit
Narrow klass base: 0x0000000000000000, Narrow klass shift: 3
Compressed class space size: 1073741824 Address: 0x0000000100000000

Heap:
 garbage-first heap   total 363520K, used 176513K [0x0000000080000000, 0x0000000100000000)
  region size 1024K, 2 young (2048K), 2 survivors (2048K)
 Metaspace       used 143478K, capacity 147396K, committed 147660K, reserved 1177600K
  class space    used 17867K, capacity 19278K, committed 19404K, reserved 1048576K
Heap Regions: E=young(eden), S=young(survivor), O=old, HS=humongous(starts), HC=humongous(continues), CS=collection set, F=free, A=archive, TAMS=top-at-mark-start (previous, next)
|   0|0x0000000080000000, 0x0000000080100000, 0x0000000080100000|100%| O|  |TAMS 0x0000000080100000, 0x0000000080000000| Untracked 
|   1|0x0000000080100000, 0x0000000080200000, 0x0000000080200000|100%| O|  |TAMS 0x0000000080200000, 0x0000000080100000| Untracked 
|   2|0x0000000080200000, 0x0000000080300000, 0x0000000080300000|100%| O|  |TAMS 0x0000000080300000, 0x0000000080200000| Untracked 
|   3|0x0000000080300000, 0x0000000080400000, 0x0000000080400000|100%|HS|  |TAMS 0x0000000080400000, 0x0000000080300000| Complete 
|   4|0x0000000080400000, 0x0000000080500000, 0x0000000080500000|100%|HC|  |TAMS 0x0000000080500000, 0x0000000080400000| Complete 
|   5|0x0000000080500000, 0x0000000080600000, 0x0000000080600000|100%|HC|  |TAMS 0x0000000080600000, 0x0000000080500000| Complete 
|   6|0x0000000080600000, 0x0000000080700000, 0x0000000080700000|100%| O|  |TAMS 0x0000000080700000, 0x0000000080600000| Untracked 
|   7|0x0000000080700000, 0x0000000080800000, 0x0000000080800000|100%| O|  |TAMS 0x0000000080800000, 0x0000000080700000| Untracked 
|   8|0x0000000080800000, 0x0000000080900000, 0x0000000080900000|100%| O|  |TAMS 0x0000000080900000, 0x0000000080800000| Untracked 
|   9|0x0000000080900000, 0x0000000080a00000, 0x0000000080a00000|100%| O|  |TAMS 0x0000000080a00000, 0x0000000080900000| Untracked 
|  10|0x0000000080a00000, 0x0000000080b00000, 0x0000000080b00000|100%| O|  |TAMS 0x0000000080b00000, 0x0000000080a00000| Untracked 
|  11|0x0000000080b00000, 0x0000000080c00000, 0x0000000080c00000|100%| O|  |TAMS 0x0000000080c00000, 0x0000000080b00000| Untracked 
|  12|0x0000000080c00000, 0x0000000080d00000, 0x0000000080d00000|100%| O|  |TAMS 0x0000000080d00000, 0x0000000080c00000| Untracked 
|  13|0x0000000080d00000, 0x0000000080e00000, 0x0000000080e00000|100%| O|  |TAMS 0x0000000080e00000, 0x0000000080d00000| Untracked 
|  14|0x0000000080e00000, 0x0000000080f00000, 0x0000000080f00000|100%| O|  |TAMS 0x0000000080f00000, 0x0000000080e00000| Untracked 
|  15|0x0000000080f00000, 0x0000000081000000, 0x0000000081000000|100%| O|  |TAMS 0x0000000081000000, 0x0000000080f00000| Untracked 
|  16|0x0000000081000000, 0x0000000081100000, 0x0000000081100000|100%| O|  |TAMS 0x0000000081100000, 0x0000000081000000| Untracked 
|  17|0x0000000081100000, 0x0000000081200000, 0x0000000081200000|100%|HS|  |TAMS 0x0000000081200000, 0x0000000081100000| Complete 
|  18|0x0000000081200000, 0x0000000081300000, 0x0000000081300000|100%|HC|  |TAMS 0x0000000081300000, 0x0000000081200000| Complete 
|  19|0x0000000081300000, 0x0000000081400000, 0x0000000081400000|100%|HS|  |TAMS 0x0000000081400000, 0x0000000081300000| Complete 
|  20|0x0000000081400000, 0x0000000081500000, 0x0000000081500000|100%|HC|  |TAMS 0x0000000081500000, 0x0000000081400000| Complete 
|  21|0x0000000081500000, 0x0000000081600000, 0x0000000081600000|100%|HC|  |TAMS 0x0000000081600000, 0x0000000081500000| Complete 
|  22|0x0000000081600000, 0x0000000081700000, 0x0000000081700000|100%|HS|  |TAMS 0x0000000081700000, 0x0000000081600000| Complete 
|  23|0x0000000081700000, 0x0000000081800000, 0x0000000081800000|100%|HS|  |TAMS 0x0000000081800000, 0x0000000081700000| Complete 
|  24|0x0000000081800000, 0x0000000081900000, 0x0000000081900000|100%|HC|  |TAMS 0x0000000081900000, 0x0000000081800000| Complete 
|  25|0x0000000081900000, 0x0000000081a00000, 0x0000000081a00000|100%|HC|  |TAMS 0x0000000081a00000, 0x0000000081900000| Complete 
|  26|0x0000000081a00000, 0x0000000081b00000, 0x0000000081b00000|100%|HC|  |TAMS 0x0000000081b00000, 0x0000000081a00000| Complete 
|  27|0x0000000081b00000, 0x0000000081c00000, 0x0000000081c00000|100%| O|  |TAMS 0x0000000081c00000, 0x0000000081b00000| Untracked 
|  28|0x0000000081c00000, 0x0000000081d00000, 0x0000000081d00000|100%| O|  |TAMS 0x0000000081d00000, 0x0000000081c00000| Untracked 
|  29|0x0000000081d00000, 0x0000000081e00000, 0x0000000081e00000|100%| O|  |TAMS 0x0000000081e00000, 0x0000000081d00000| Untracked 
|  30|0x0000000081e00000, 0x0000000081f00000, 0x0000000081f00000|100%|HS|  |TAMS 0x0000000081f00000, 0x0000000081e00000| Complete 
|  31|0x0000000081f00000, 0x0000000082000000, 0x0000000082000000|100%|HS|  |TAMS 0x0000000082000000, 0x0000000081f00000| Complete 
|  32|0x0000000082000000, 0x0000000082100000, 0x0000000082100000|100%|HC|  |TAMS 0x0000000082100000, 0x0000000082000000| Complete 
|  33|0x0000000082100000, 0x0000000082200000, 0x0000000082200000|100%|HC|  |TAMS 0x0000000082200000, 0x0000000082100000| Complete 
|  34|0x0000000082200000, 0x0000000082300000, 0x0000000082300000|100%| O|  |TAMS 0x0000000082300000, 0x0000000082200000| Untracked 
|  35|0x0000000082300000, 0x0000000082400000, 0x0000000082400000|100%| O|  |TAMS 0x0000000082400000, 0x0000000082300000| Untracked 
|  36|0x0000000082400000, 0x0000000082500000, 0x0000000082500000|100%|HS|  |TAMS 0x0000000082500000, 0x0000000082400000| Complete 
|  37|0x0000000082500000, 0x0000000082600000, 0x0000000082600000|100%|HC|  |TAMS 0x0000000082600000, 0x0000000082500000| Complete 
|  38|0x0000000082600000, 0x0000000082700000, 0x0000000082700000|100%|HC|  |TAMS 0x0000000082700000, 0x0000000082600000| Complete 
|  39|0x0000000082700000, 0x0000000082800000, 0x0000000082800000|100%|HC|  |TAMS 0x0000000082800000, 0x0000000082700000| Complete 
|  40|0x0000000082800000, 0x0000000082900000, 0x0000000082900000|100%| O|  |TAMS 0x0000000082900000, 0x0000000082800000| Untracked 
|  41|0x0000000082900000, 0x0000000082a00000, 0x0000000082a00000|100%| O|  |TAMS 0x0000000082a00000, 0x0000000082900000| Untracked 
|  42|0x0000000082a00000, 0x0000000082b00000, 0x0000000082b00000|100%| O|  |TAMS 0x0000000082b00000, 0x0000000082a00000| Untracked 
|  43|0x0000000082b00000, 0x0000000082c00000, 0x0000000082c00000|100%| O|  |TAMS 0x0000000082c00000, 0x0000000082b00000| Untracked 
|  44|0x0000000082c00000, 0x0000000082d00000, 0x0000000082d00000|100%| O|  |TAMS 0x0000000082d00000, 0x0000000082c00000| Untracked 
|  45|0x0000000082d00000, 0x0000000082e00000, 0x0000000082e00000|100%| O|  |TAMS 0x0000000082e00000, 0x0000000082d00000| Untracked 
|  46|0x0000000082e00000, 0x0000000082f00000, 0x0000000082f00000|100%| O|  |TAMS 0x0000000082f00000, 0x0000000082e00000| Untracked 
|  47|0x0000000082f00000, 0x0000000083000000, 0x0000000083000000|100%| O|  |TAMS 0x0000000083000000, 0x0000000082f00000| Untracked 
|  48|0x0000000083000000, 0x0000000083100000, 0x0000000083100000|100%| O|  |TAMS 0x0000000083100000, 0x0000000083000000| Untracked 
|  49|0x0000000083100000, 0x0000000083200000, 0x0000000083200000|100%| O|  |TAMS 0x0000000083200000, 0x0000000083100000| Untracked 
|  50|0x0000000083200000, 0x0000000083300000, 0x0000000083300000|100%|HS|  |TAMS 0x0000000083300000, 0x0000000083200000| Complete 
|  51|0x0000000083300000, 0x0000000083400000, 0x0000000083400000|100%|HS|  |TAMS 0x0000000083400000, 0x0000000083300000| Complete 
|  52|0x0000000083400000, 0x0000000083500000, 0x0000000083500000|100%|HS|  |TAMS 0x0000000083500000, 0x0000000083400000| Complete 
|  53|0x0000000083500000, 0x0000000083600000, 0x0000000083600000|100%|HS|  |TAMS 0x0000000083600000, 0x0000000083500000| Complete 
|  54|0x0000000083600000, 0x0000000083700000, 0x0000000083700000|100%|HC|  |TAMS 0x0000000083700000, 0x0000000083600000| Complete 
|  55|0x0000000083700000, 0x0000000083800000, 0x0000000083800000|100%|HC|  |TAMS 0x0000000083800000, 0x0000000083700000| Complete 
|  56|0x0000000083800000, 0x0000000083900000, 0x0000000083900000|100%|HS|  |TAMS 0x0000000083900000, 0x0000000083800000| Complete 
|  57|0x0000000083900000, 0x0000000083a00000, 0x0000000083a00000|100%|HC|  |TAMS 0x0000000083a00000, 0x0000000083900000| Complete 
|  58|0x0000000083a00000, 0x0000000083b00000, 0x0000000083b00000|100%| O|  |TAMS 0x0000000083b00000, 0x0000000083a00000| Untracked 
|  59|0x0000000083b00000, 0x0000000083c00000, 0x0000000083c00000|100%| O|  |TAMS 0x0000000083b00000, 0x0000000083b00000| Untracked 
|  60|0x0000000083c00000, 0x0000000083d00000, 0x0000000083d00000|100%| O|  |TAMS 0x0000000083d00000, 0x0000000083c00000| Untracked 
|  61|0x0000000083d00000, 0x0000000083e00000, 0x0000000083e00000|100%| O|  |TAMS 0x0000000083e00000, 0x0000000083d00000| Untracked 
|  62|0x0000000083e00000, 0x0000000083f00000, 0x0000000083f00000|100%| O|  |TAMS 0x0000000083f00000, 0x0000000083e00000| Untracked 
|  63|0x0000000083f00000, 0x0000000084000000, 0x0000000084000000|100%| O|  |TAMS 0x0000000084000000, 0x0000000083f00000| Untracked 
|  64|0x0000000084000000, 0x0000000084100000, 0x0000000084100000|100%| O|  |TAMS 0x0000000084100000, 0x0000000084000000| Untracked 
|  65|0x0000000084100000, 0x0000000084200000, 0x0000000084200000|100%| O|  |TAMS 0x0000000084200000, 0x0000000084100000| Untracked 
|  66|0x0000000084200000, 0x0000000084300000, 0x0000000084300000|100%| O|  |TAMS 0x0000000084300000, 0x0000000084200000| Untracked 
|  67|0x0000000084300000, 0x0000000084400000, 0x0000000084400000|100%| O|  |TAMS 0x0000000084400000, 0x0000000084300000| Untracked 
|  68|0x0000000084400000, 0x0000000084500000, 0x0000000084500000|100%| O|  |TAMS 0x0000000084500000, 0x0000000084400000| Untracked 
|  69|0x0000000084500000, 0x0000000084600000, 0x0000000084600000|100%| O|  |TAMS 0x0000000084600000, 0x0000000084500000| Untracked 
|  70|0x0000000084600000, 0x0000000084700000, 0x0000000084700000|100%| O|  |TAMS 0x0000000084700000, 0x0000000084600000| Untracked 
|  71|0x0000000084700000, 0x0000000084800000, 0x0000000084800000|100%| O|  |TAMS 0x0000000084800000, 0x0000000084700000| Untracked 
|  72|0x0000000084800000, 0x0000000084900000, 0x0000000084900000|100%| O|  |TAMS 0x0000000084900000, 0x0000000084800000| Untracked 
|  73|0x0000000084900000, 0x0000000084a00000, 0x0000000084a00000|100%| O|  |TAMS 0x0000000084a00000, 0x0000000084900000| Untracked 
|  74|0x0000000084a00000, 0x0000000084b00000, 0x0000000084b00000|100%| O|  |TAMS 0x0000000084b00000, 0x0000000084a00000| Untracked 
|  75|0x0000000084b00000, 0x0000000084c00000, 0x0000000084c00000|100%| O|  |TAMS 0x0000000084c00000, 0x0000000084b00000| Untracked 
|  76|0x0000000084c00000, 0x0000000084d00000, 0x0000000084d00000|100%| O|  |TAMS 0x0000000084d00000, 0x0000000084c00000| Untracked 
|  77|0x0000000084d00000, 0x0000000084e00000, 0x0000000084e00000|100%| O|  |TAMS 0x0000000084e00000, 0x0000000084d00000| Untracked 
|  78|0x0000000084e00000, 0x0000000084f00000, 0x0000000084f00000|100%| O|  |TAMS 0x0000000084f00000, 0x0000000084e00000| Untracked 
|  79|0x0000000084f00000, 0x0000000085000000, 0x0000000085000000|100%| O|  |TAMS 0x0000000085000000, 0x0000000084f00000| Untracked 
|  80|0x0000000085000000, 0x0000000085100000, 0x0000000085100000|100%| O|  |TAMS 0x0000000085100000, 0x0000000085000000| Untracked 
|  81|0x0000000085100000, 0x0000000085200000, 0x0000000085200000|100%| O|  |TAMS 0x0000000085100000, 0x0000000085100000| Untracked 
|  82|0x0000000085200000, 0x0000000085300000, 0x0000000085300000|100%|HS|  |TAMS 0x0000000085300000, 0x0000000085200000| Complete 
|  83|0x0000000085300000, 0x0000000085400000, 0x0000000085400000|100%|HC|  |TAMS 0x0000000085400000, 0x0000000085300000| Complete 
|  84|0x0000000085400000, 0x0000000085500000, 0x0000000085500000|100%|HS|  |TAMS 0x0000000085500000, 0x0000000085400000| Complete 
|  85|0x0000000085500000, 0x0000000085600000, 0x0000000085600000|100%|HC|  |TAMS 0x0000000085600000, 0x0000000085500000| Complete 
|  86|0x0000000085600000, 0x0000000085700000, 0x0000000085700000|100%|HC|  |TAMS 0x0000000085700000, 0x0000000085600000| Complete 
|  87|0x0000000085700000, 0x0000000085800000, 0x0000000085800000|100%|HS|  |TAMS 0x0000000085800000, 0x0000000085700000| Complete 
|  88|0x0000000085800000, 0x0000000085900000, 0x0000000085900000|100%|HS|  |TAMS 0x0000000085900000, 0x0000000085800000| Complete 
|  89|0x0000000085900000, 0x0000000085a00000, 0x0000000085a00000|100%|HC|  |TAMS 0x0000000085a00000, 0x0000000085900000| Complete 
|  90|0x0000000085a00000, 0x0000000085b00000, 0x0000000085b00000|100%|HC|  |TAMS 0x0000000085b00000, 0x0000000085a00000| Complete 
|  91|0x0000000085b00000, 0x0000000085c00000, 0x0000000085c00000|100%|HC|  |TAMS 0x0000000085c00000, 0x0000000085b00000| Complete 
|  92|0x0000000085c00000, 0x0000000085d00000, 0x0000000085d00000|100%| O|  |TAMS 0x0000000085d00000, 0x0000000085c00000| Untracked 
|  93|0x0000000085d00000, 0x0000000085e00000, 0x0000000085e00000|100%| O|  |TAMS 0x0000000085e00000, 0x0000000085d00000| Untracked 
|  94|0x0000000085e00000, 0x0000000085f00000, 0x0000000085f00000|100%| O|  |TAMS 0x0000000085f00000, 0x0000000085e00000| Untracked 
|  95|0x0000000085f00000, 0x0000000086000000, 0x0000000086000000|100%| O|  |TAMS 0x0000000085f00000, 0x0000000085f00000| Untracked 
|  96|0x0000000086000000, 0x0000000086100000, 0x0000000086100000|100%| O|  |TAMS 0x0000000086100000, 0x0000000086000000| Untracked 
|  97|0x0000000086100000, 0x0000000086200000, 0x0000000086200000|100%| O|  |TAMS 0x0000000086200000, 0x0000000086100000| Untracked 
|  98|0x0000000086200000, 0x0000000086300000, 0x0000000086300000|100%| O|  |TAMS 0x0000000086300000, 0x0000000086200000| Untracked 
|  99|0x0000000086300000, 0x0000000086400000, 0x0000000086400000|100%| O|  |TAMS 0x0000000086400000, 0x0000000086300000| Untracked 
| 100|0x0000000086400000, 0x0000000086500000, 0x0000000086500000|100%| O|  |TAMS 0x0000000086500000, 0x0000000086400000| Untracked 
| 101|0x0000000086500000, 0x0000000086600000, 0x0000000086600000|100%| O|  |TAMS 0x0000000086600000, 0x0000000086500000| Untracked 
| 102|0x0000000086600000, 0x0000000086700000, 0x0000000086700000|100%| O|  |TAMS 0x0000000086700000, 0x0000000086600000| Untracked 
| 103|0x0000000086700000, 0x0000000086800000, 0x0000000086800000|100%| O|  |TAMS 0x0000000086800000, 0x0000000086700000| Untracked 
| 104|0x0000000086800000, 0x0000000086900000, 0x0000000086900000|100%| O|  |TAMS 0x0000000086900000, 0x0000000086800000| Untracked 
| 105|0x0000000086900000, 0x0000000086a00000, 0x0000000086a00000|100%| O|  |TAMS 0x0000000086a00000, 0x0000000086900000| Untracked 
| 106|0x0000000086a00000, 0x0000000086b00000, 0x0000000086b00000|100%| O|  |TAMS 0x0000000086b00000, 0x0000000086a00000| Untracked 
| 107|0x0000000086b00000, 0x0000000086c00000, 0x0000000086c00000|100%| O|  |TAMS 0x0000000086c00000, 0x0000000086b00000| Untracked 
| 108|0x0000000086c00000, 0x0000000086d00000, 0x0000000086d00000|100%| O|  |TAMS 0x0000000086d00000, 0x0000000086c00000| Untracked 
| 109|0x0000000086d00000, 0x0000000086e00000, 0x0000000086e00000|100%| O|  |TAMS 0x0000000086e00000, 0x0000000086d00000| Untracked 
| 110|0x0000000086e00000, 0x0000000086f00000, 0x0000000086f00000|100%| O|  |TAMS 0x0000000086f00000, 0x0000000086e00000| Untracked 
| 111|0x0000000086f00000, 0x0000000087000000, 0x0000000087000000|100%| O|  |TAMS 0x0000000087000000, 0x0000000086f00000| Untracked 
| 112|0x0000000087000000, 0x0000000087100000, 0x0000000087100000|100%| O|  |TAMS 0x0000000087100000, 0x0000000087000000| Untracked 
| 113|0x0000000087100000, 0x0000000087200000, 0x0000000087200000|100%| O|  |TAMS 0x0000000087200000, 0x0000000087100000| Untracked 
| 114|0x0000000087200000, 0x0000000087300000, 0x0000000087300000|100%| O|  |TAMS 0x0000000087300000, 0x0000000087200000| Untracked 
| 115|0x0000000087300000, 0x0000000087400000, 0x0000000087400000|100%| O|  |TAMS 0x0000000087400000, 0x0000000087300000| Untracked 
| 116|0x0000000087400000, 0x0000000087500000, 0x0000000087500000|100%| O|  |TAMS 0x0000000087500000, 0x0000000087400000| Untracked 
| 117|0x0000000087500000, 0x0000000087600000, 0x0000000087600000|100%| O|  |TAMS 0x0000000087600000, 0x0000000087500000| Untracked 
| 118|0x0000000087600000, 0x0000000087700000, 0x0000000087700000|100%| O|  |TAMS 0x0000000087700000, 0x0000000087600000| Untracked 
| 119|0x0000000087700000, 0x0000000087800000, 0x0000000087800000|100%| O|  |TAMS 0x0000000087800000, 0x0000000087700000| Untracked 
| 120|0x0000000087800000, 0x0000000087900000, 0x0000000087900000|100%| O|  |TAMS 0x0000000087900000, 0x0000000087800000| Untracked 
| 121|0x0000000087900000, 0x0000000087a00000, 0x0000000087a00000|100%| O|  |TAMS 0x0000000087a00000, 0x0000000087900000| Untracked 
| 122|0x0000000087a00000, 0x0000000087b00000, 0x0000000087b00000|100%| O|  |TAMS 0x0000000087b00000, 0x0000000087a00000| Untracked 
| 123|0x0000000087b00000, 0x0000000087c00000, 0x0000000087c00000|100%| O|  |TAMS 0x0000000087c00000, 0x0000000087b00000| Untracked 
| 124|0x0000000087c00000, 0x0000000087d00000, 0x0000000087d00000|100%| O|  |TAMS 0x0000000087d00000, 0x0000000087c00000| Untracked 
| 125|0x0000000087d00000, 0x0000000087e00000, 0x0000000087e00000|100%| O|  |TAMS 0x0000000087e00000, 0x0000000087d00000| Untracked 
| 126|0x0000000087e00000, 0x0000000087f00000, 0x0000000087f00000|100%| O|  |TAMS 0x0000000087f00000, 0x0000000087e00000| Untracked 
| 127|0x0000000087f00000, 0x0000000088000000, 0x0000000088000000|100%| O|  |TAMS 0x0000000088000000, 0x0000000087f00000| Untracked 
| 128|0x0000000088000000, 0x0000000088100000, 0x0000000088100000|100%| O|  |TAMS 0x0000000088100000, 0x0000000088000000| Untracked 
| 129|0x0000000088100000, 0x0000000088200000, 0x0000000088200000|100%| O|  |TAMS 0x0000000088200000, 0x0000000088100000| Untracked 
| 130|0x0000000088200000, 0x0000000088300000, 0x0000000088300000|100%| O|  |TAMS 0x0000000088300000, 0x0000000088200000| Untracked 
| 131|0x0000000088300000, 0x0000000088400000, 0x0000000088400000|100%| O|  |TAMS 0x0000000088400000, 0x0000000088300000| Untracked 
| 132|0x0000000088400000, 0x0000000088500000, 0x0000000088500000|100%| O|  |TAMS 0x0000000088500000, 0x0000000088400000| Untracked 
| 133|0x0000000088500000, 0x0000000088600000, 0x0000000088600000|100%| O|  |TAMS 0x0000000088600000, 0x0000000088500000| Untracked 
| 134|0x0000000088600000, 0x0000000088700000, 0x0000000088700000|100%| O|  |TAMS 0x0000000088700000, 0x0000000088600000| Untracked 
| 135|0x0000000088700000, 0x0000000088800000, 0x0000000088800000|100%| O|  |TAMS 0x0000000088800000, 0x0000000088700000| Untracked 
| 136|0x0000000088800000, 0x0000000088900000, 0x0000000088900000|100%| O|  |TAMS 0x0000000088900000, 0x0000000088800000| Untracked 
| 137|0x0000000088900000, 0x0000000088a00000, 0x0000000088a00000|100%| O|  |TAMS 0x0000000088900000, 0x0000000088900000| Untracked 
| 138|0x0000000088a00000, 0x0000000088b00000, 0x0000000088b00000|100%| O|  |TAMS 0x0000000088a00000, 0x0000000088a00000| Untracked 
| 139|0x0000000088b00000, 0x0000000088c00000, 0x0000000088c00000|100%| O|  |TAMS 0x0000000088b00000, 0x0000000088b00000| Untracked 
| 140|0x0000000088c00000, 0x0000000088d00000, 0x0000000088d00000|100%| O|  |TAMS 0x0000000088d00000, 0x0000000088c00000| Untracked 
| 141|0x0000000088d00000, 0x0000000088e00000, 0x0000000088e00000|100%| O|  |TAMS 0x0000000088e00000, 0x0000000088d00000| Untracked 
| 142|0x0000000088e00000, 0x0000000088f00000, 0x0000000088f00000|100%| O|  |TAMS 0x0000000088f00000, 0x0000000088e00000| Untracked 
| 143|0x0000000088f00000, 0x0000000089000000, 0x0000000089000000|100%| O|  |TAMS 0x0000000088f00000, 0x0000000088f00000| Untracked 
| 144|0x0000000089000000, 0x0000000089100000, 0x0000000089100000|100%| O|  |TAMS 0x0000000089000000, 0x0000000089000000| Untracked 
| 145|0x0000000089100000, 0x0000000089200000, 0x0000000089200000|100%| O|  |TAMS 0x0000000089100000, 0x0000000089100000| Untracked 
| 146|0x0000000089200000, 0x0000000089300000, 0x0000000089300000|100%| O|  |TAMS 0x0000000089300000, 0x0000000089200000| Untracked 
| 147|0x0000000089300000, 0x0000000089400000, 0x0000000089400000|100%| O|  |TAMS 0x0000000089400000, 0x0000000089300000| Untracked 
| 148|0x0000000089400000, 0x0000000089500000, 0x0000000089500000|100%| O|  |TAMS 0x0000000089500000, 0x0000000089400000| Untracked 
| 149|0x0000000089500000, 0x0000000089600000, 0x0000000089600000|100%| O|  |TAMS 0x0000000089600000, 0x0000000089500000| Untracked 
| 150|0x0000000089600000, 0x0000000089700000, 0x0000000089700000|100%| O|  |TAMS 0x0000000089600000, 0x0000000089600000| Untracked 
| 151|0x0000000089700000, 0x0000000089800000, 0x0000000089800000|100%| O|  |TAMS 0x0000000089700000, 0x0000000089700000| Untracked 
| 152|0x0000000089800000, 0x0000000089900000, 0x0000000089900000|100%| O|  |TAMS 0x0000000089800000, 0x0000000089800000| Untracked 
| 153|0x0000000089900000, 0x0000000089a00000, 0x0000000089a00000|100%| O|  |TAMS 0x0000000089900000, 0x0000000089900000| Untracked 
| 154|0x0000000089a00000, 0x0000000089b00000, 0x0000000089b00000|100%| O|  |TAMS 0x0000000089b00000, 0x0000000089a00000| Untracked 
| 155|0x0000000089b00000, 0x0000000089c00000, 0x0000000089c00000|100%| O|  |TAMS 0x0000000089c00000, 0x0000000089b00000| Untracked 
| 156|0x0000000089c00000, 0x0000000089d00000, 0x0000000089d00000|100%| O|  |TAMS 0x0000000089c00000, 0x0000000089c00000| Untracked 
| 157|0x0000000089d00000, 0x0000000089e00000, 0x0000000089e00000|100%| O|  |TAMS 0x0000000089e00000, 0x0000000089d00000| Untracked 
| 158|0x0000000089e00000, 0x0000000089f00000, 0x0000000089f00000|100%| O|  |TAMS 0x0000000089eef600, 0x0000000089e00000| Untracked 
| 159|0x0000000089f00000, 0x000000008a000000, 0x000000008a000000|100%| O|  |TAMS 0x0000000089f00000, 0x0000000089f00000| Untracked 
| 160|0x000000008a000000, 0x000000008a100000, 0x000000008a100000|100%| O|  |TAMS 0x000000008a000000, 0x000000008a000000| Untracked 
| 161|0x000000008a100000, 0x000000008a200000, 0x000000008a200000|100%| O|  |TAMS 0x000000008a100000, 0x000000008a100000| Untracked 
| 162|0x000000008a200000, 0x000000008a300000, 0x000000008a300000|100%| O|  |TAMS 0x000000008a200000, 0x000000008a200000| Untracked 
| 163|0x000000008a300000, 0x000000008a400000, 0x000000008a400000|100%| O|  |TAMS 0x000000008a300000, 0x000000008a300000| Untracked 
| 164|0x000000008a400000, 0x000000008a500000, 0x000000008a500000|100%| O|  |TAMS 0x000000008a400000, 0x000000008a400000| Untracked 
| 165|0x000000008a500000, 0x000000008a600000, 0x000000008a600000|100%| O|  |TAMS 0x000000008a500000, 0x000000008a500000| Untracked 
| 166|0x000000008a600000, 0x000000008a700000, 0x000000008a700000|100%| O|  |TAMS 0x000000008a700000, 0x000000008a600000| Untracked 
| 167|0x000000008a700000, 0x000000008a800000, 0x000000008a800000|100%| O|  |TAMS 0x000000008a800000, 0x000000008a700000| Untracked 
| 168|0x000000008a800000, 0x000000008a900000, 0x000000008a900000|100%| O|  |TAMS 0x000000008a800000, 0x000000008a800000| Untracked 
| 169|0x000000008a900000, 0x000000008aa00000, 0x000000008aa00000|100%| O|  |TAMS 0x000000008a900000, 0x000000008a900000| Untracked 
| 170|0x000000008aa00000, 0x000000008aa60600, 0x000000008ab00000| 37%| O|  |TAMS 0x000000008aa00000, 0x000000008aa00000| Untracked 
| 171|0x000000008ab00000, 0x000000008ab00000, 0x000000008ac00000|  0%| F|  |TAMS 0x000000008ab00000, 0x000000008ab00000| Untracked 
| 172|0x000000008ac00000, 0x000000008ac00000, 0x000000008ad00000|  0%| F|  |TAMS 0x000000008ac00000, 0x000000008ac00000| Untracked 
| 173|0x000000008ad00000, 0x000000008ad00000, 0x000000008ae00000|  0%| F|  |TAMS 0x000000008ad00000, 0x000000008ad00000| Untracked 
| 174|0x000000008ae00000, 0x000000008ae00000, 0x000000008af00000|  0%| F|  |TAMS 0x000000008ae00000, 0x000000008ae00000| Untracked 
| 175|0x000000008af00000, 0x000000008af00000, 0x000000008b000000|  0%| F|  |TAMS 0x000000008af00000, 0x000000008af00000| Untracked 
| 176|0x000000008b000000, 0x000000008b000000, 0x000000008b100000|  0%| F|  |TAMS 0x000000008b000000, 0x000000008b000000| Untracked 
| 177|0x000000008b100000, 0x000000008b100000, 0x000000008b200000|  0%| F|  |TAMS 0x000000008b100000, 0x000000008b100000| Untracked 
| 178|0x000000008b200000, 0x000000008b200000, 0x000000008b300000|  0%| F|  |TAMS 0x000000008b200000, 0x000000008b200000| Untracked 
| 179|0x000000008b300000, 0x000000008b300000, 0x000000008b400000|  0%| F|  |TAMS 0x000000008b300000, 0x000000008b300000| Untracked 
| 180|0x000000008b400000, 0x000000008b400000, 0x000000008b500000|  0%| F|  |TAMS 0x000000008b400000, 0x000000008b400000| Untracked 
| 181|0x000000008b500000, 0x000000008b500000, 0x000000008b600000|  0%| F|  |TAMS 0x000000008b500000, 0x000000008b500000| Untracked 
| 182|0x000000008b600000, 0x000000008b600000, 0x000000008b700000|  0%| F|  |TAMS 0x000000008b600000, 0x000000008b600000| Untracked 
| 183|0x000000008b700000, 0x000000008b700000, 0x000000008b800000|  0%| F|  |TAMS 0x000000008b700000, 0x000000008b700000| Untracked 
| 184|0x000000008b800000, 0x000000008b800000, 0x000000008b900000|  0%| F|  |TAMS 0x000000008b800000, 0x000000008b800000| Untracked 
| 185|0x000000008b900000, 0x000000008b900000, 0x000000008ba00000|  0%| F|  |TAMS 0x000000008b900000, 0x000000008b900000| Untracked 
| 186|0x000000008ba00000, 0x000000008ba00000, 0x000000008bb00000|  0%| F|  |TAMS 0x000000008ba00000, 0x000000008ba00000| Untracked 
| 187|0x000000008bb00000, 0x000000008bb00000, 0x000000008bc00000|  0%| F|  |TAMS 0x000000008bb00000, 0x000000008bb00000| Untracked 
| 188|0x000000008bc00000, 0x000000008bc00000, 0x000000008bd00000|  0%| F|  |TAMS 0x000000008bc00000, 0x000000008bc00000| Untracked 
| 189|0x000000008bd00000, 0x000000008bd00000, 0x000000008be00000|  0%| F|  |TAMS 0x000000008bd00000, 0x000000008bd00000| Untracked 
| 190|0x000000008be00000, 0x000000008be00000, 0x000000008bf00000|  0%| F|  |TAMS 0x000000008be00000, 0x000000008be00000| Untracked 
| 191|0x000000008bf00000, 0x000000008bf00000, 0x000000008c000000|  0%| F|  |TAMS 0x000000008bf00000, 0x000000008bf00000| Untracked 
| 192|0x000000008c000000, 0x000000008c000000, 0x000000008c100000|  0%| F|  |TAMS 0x000000008c000000, 0x000000008c000000| Untracked 
| 193|0x000000008c100000, 0x000000008c100000, 0x000000008c200000|  0%| F|  |TAMS 0x000000008c100000, 0x000000008c100000| Untracked 
| 194|0x000000008c200000, 0x000000008c200000, 0x000000008c300000|  0%| F|  |TAMS 0x000000008c200000, 0x000000008c200000| Untracked 
| 195|0x000000008c300000, 0x000000008c300000, 0x000000008c400000|  0%| F|  |TAMS 0x000000008c300000, 0x000000008c300000| Untracked 
| 196|0x000000008c400000, 0x000000008c400000, 0x000000008c500000|  0%| F|  |TAMS 0x000000008c400000, 0x000000008c400000| Untracked 
| 197|0x000000008c500000, 0x000000008c500000, 0x000000008c600000|  0%| F|  |TAMS 0x000000008c500000, 0x000000008c500000| Untracked 
| 198|0x000000008c600000, 0x000000008c600000, 0x000000008c700000|  0%| F|  |TAMS 0x000000008c600000, 0x000000008c600000| Untracked 
| 199|0x000000008c700000, 0x000000008c700000, 0x000000008c800000|  0%| F|  |TAMS 0x000000008c700000, 0x000000008c700000| Untracked 
| 200|0x000000008c800000, 0x000000008c800000, 0x000000008c900000|  0%| F|  |TAMS 0x000000008c800000, 0x000000008c800000| Untracked 
| 201|0x000000008c900000, 0x000000008c900000, 0x000000008ca00000|  0%| F|  |TAMS 0x000000008c900000, 0x000000008c900000| Untracked 
| 202|0x000000008ca00000, 0x000000008ca00000, 0x000000008cb00000|  0%| F|  |TAMS 0x000000008ca00000, 0x000000008ca00000| Untracked 
| 203|0x000000008cb00000, 0x000000008cb00000, 0x000000008cc00000|  0%| F|  |TAMS 0x000000008cb00000, 0x000000008cb00000| Untracked 
| 204|0x000000008cc00000, 0x000000008cc00000, 0x000000008cd00000|  0%| F|  |TAMS 0x000000008cc00000, 0x000000008cc00000| Untracked 
| 205|0x000000008cd00000, 0x000000008cd00000, 0x000000008ce00000|  0%| F|  |TAMS 0x000000008cd00000, 0x000000008cd00000| Untracked 
| 206|0x000000008ce00000, 0x000000008ce00000, 0x000000008cf00000|  0%| F|  |TAMS 0x000000008ce00000, 0x000000008ce00000| Untracked 
| 207|0x000000008cf00000, 0x000000008cf00000, 0x000000008d000000|  0%| F|  |TAMS 0x000000008cf00000, 0x000000008cf00000| Untracked 
| 208|0x000000008d000000, 0x000000008d000000, 0x000000008d100000|  0%| F|  |TAMS 0x000000008d000000, 0x000000008d000000| Untracked 
| 209|0x000000008d100000, 0x000000008d100000, 0x000000008d200000|  0%| F|  |TAMS 0x000000008d100000, 0x000000008d100000| Untracked 
| 210|0x000000008d200000, 0x000000008d300000, 0x000000008d300000|100%| S|CS|TAMS 0x000000008d200000, 0x000000008d200000| Complete 
| 211|0x000000008d300000, 0x000000008d400000, 0x000000008d400000|100%| S|CS|TAMS 0x000000008d300000, 0x000000008d300000| Complete 
| 212|0x000000008d400000, 0x000000008d400000, 0x000000008d500000|  0%| F|  |TAMS 0x000000008d400000, 0x000000008d400000| Untracked 
| 213|0x000000008d500000, 0x000000008d500000, 0x000000008d600000|  0%| F|  |TAMS 0x000000008d500000, 0x000000008d500000| Untracked 
| 214|0x000000008d600000, 0x000000008d600000, 0x000000008d700000|  0%| F|  |TAMS 0x000000008d600000, 0x000000008d600000| Untracked 
| 215|0x000000008d700000, 0x000000008d700000, 0x000000008d800000|  0%| F|  |TAMS 0x000000008d700000, 0x000000008d700000| Untracked 
| 216|0x000000008d800000, 0x000000008d800000, 0x000000008d900000|  0%| F|  |TAMS 0x000000008d800000, 0x000000008d800000| Untracked 
| 217|0x000000008d900000, 0x000000008d900000, 0x000000008da00000|  0%| F|  |TAMS 0x000000008d900000, 0x000000008d900000| Untracked 
| 218|0x000000008da00000, 0x000000008da00000, 0x000000008db00000|  0%| F|  |TAMS 0x000000008da00000, 0x000000008da00000| Untracked 
| 219|0x000000008db00000, 0x000000008db00000, 0x000000008dc00000|  0%| F|  |TAMS 0x000000008db00000, 0x000000008db00000| Untracked 
| 220|0x000000008dc00000, 0x000000008dc00000, 0x000000008dd00000|  0%| F|  |TAMS 0x000000008dc00000, 0x000000008dc00000| Untracked 
| 221|0x000000008dd00000, 0x000000008dd00000, 0x000000008de00000|  0%| F|  |TAMS 0x000000008dd00000, 0x000000008dd00000| Untracked 
| 222|0x000000008de00000, 0x000000008de00000, 0x000000008df00000|  0%| F|  |TAMS 0x000000008de00000, 0x000000008de00000| Untracked 
| 223|0x000000008df00000, 0x000000008df00000, 0x000000008e000000|  0%| F|  |TAMS 0x000000008df00000, 0x000000008df00000| Untracked 
| 224|0x000000008e000000, 0x000000008e000000, 0x000000008e100000|  0%| F|  |TAMS 0x000000008e000000, 0x000000008e000000| Untracked 
| 225|0x000000008e100000, 0x000000008e100000, 0x000000008e200000|  0%| F|  |TAMS 0x000000008e100000, 0x000000008e100000| Untracked 
| 226|0x000000008e200000, 0x000000008e200000, 0x000000008e300000|  0%| F|  |TAMS 0x000000008e200000, 0x000000008e200000| Untracked 
| 227|0x000000008e300000, 0x000000008e300000, 0x000000008e400000|  0%| F|  |TAMS 0x000000008e300000, 0x000000008e300000| Untracked 
| 228|0x000000008e400000, 0x000000008e400000, 0x000000008e500000|  0%| F|  |TAMS 0x000000008e400000, 0x000000008e400000| Untracked 
| 229|0x000000008e500000, 0x000000008e500000, 0x000000008e600000|  0%| F|  |TAMS 0x000000008e500000, 0x000000008e500000| Untracked 
| 230|0x000000008e600000, 0x000000008e600000, 0x000000008e700000|  0%| F|  |TAMS 0x000000008e600000, 0x000000008e600000| Untracked 
| 231|0x000000008e700000, 0x000000008e700000, 0x000000008e800000|  0%| F|  |TAMS 0x000000008e700000, 0x000000008e700000| Untracked 
| 232|0x000000008e800000, 0x000000008e800000, 0x000000008e900000|  0%| F|  |TAMS 0x000000008e800000, 0x000000008e800000| Untracked 
| 233|0x000000008e900000, 0x000000008e900000, 0x000000008ea00000|  0%| F|  |TAMS 0x000000008e900000, 0x000000008e900000| Untracked 
| 234|0x000000008ea00000, 0x000000008ea00000, 0x000000008eb00000|  0%| F|  |TAMS 0x000000008ea00000, 0x000000008ea00000| Untracked 
| 235|0x000000008eb00000, 0x000000008eb00000, 0x000000008ec00000|  0%| F|  |TAMS 0x000000008eb00000, 0x000000008eb00000| Untracked 
| 236|0x000000008ec00000, 0x000000008ec00000, 0x000000008ed00000|  0%| F|  |TAMS 0x000000008ec00000, 0x000000008ec00000| Untracked 
| 237|0x000000008ed00000, 0x000000008ed00000, 0x000000008ee00000|  0%| F|  |TAMS 0x000000008ed00000, 0x000000008ed00000| Untracked 
| 238|0x000000008ee00000, 0x000000008ee00000, 0x000000008ef00000|  0%| F|  |TAMS 0x000000008ee00000, 0x000000008ee00000| Untracked 
| 239|0x000000008ef00000, 0x000000008ef00000, 0x000000008f000000|  0%| F|  |TAMS 0x000000008ef00000, 0x000000008ef00000| Untracked 
| 240|0x000000008f000000, 0x000000008f000000, 0x000000008f100000|  0%| F|  |TAMS 0x000000008f000000, 0x000000008f000000| Untracked 
| 241|0x000000008f100000, 0x000000008f100000, 0x000000008f200000|  0%| F|  |TAMS 0x000000008f100000, 0x000000008f100000| Untracked 
| 242|0x000000008f200000, 0x000000008f200000, 0x000000008f300000|  0%| F|  |TAMS 0x000000008f200000, 0x000000008f200000| Untracked 
| 243|0x000000008f300000, 0x000000008f300000, 0x000000008f400000|  0%| F|  |TAMS 0x000000008f300000, 0x000000008f300000| Untracked 
| 244|0x000000008f400000, 0x000000008f400000, 0x000000008f500000|  0%| F|  |TAMS 0x000000008f400000, 0x000000008f400000| Untracked 
| 245|0x000000008f500000, 0x000000008f500000, 0x000000008f600000|  0%| F|  |TAMS 0x000000008f500000, 0x000000008f500000| Untracked 
| 246|0x000000008f600000, 0x000000008f600000, 0x000000008f700000|  0%| F|  |TAMS 0x000000008f600000, 0x000000008f600000| Untracked 
| 247|0x000000008f700000, 0x000000008f700000, 0x000000008f800000|  0%| F|  |TAMS 0x000000008f700000, 0x000000008f700000| Untracked 
| 248|0x000000008f800000, 0x000000008f800000, 0x000000008f900000|  0%| F|  |TAMS 0x000000008f800000, 0x000000008f800000| Untracked 
| 249|0x000000008f900000, 0x000000008f900000, 0x000000008fa00000|  0%| F|  |TAMS 0x000000008f900000, 0x000000008f900000| Untracked 
| 250|0x000000008fa00000, 0x000000008fa00000, 0x000000008fb00000|  0%| F|  |TAMS 0x000000008fa00000, 0x000000008fa00000| Untracked 
| 251|0x000000008fb00000, 0x000000008fb00000, 0x000000008fc00000|  0%| F|  |TAMS 0x000000008fb00000, 0x000000008fb00000| Untracked 
| 252|0x000000008fc00000, 0x000000008fc00000, 0x000000008fd00000|  0%| F|  |TAMS 0x000000008fc00000, 0x000000008fc00000| Untracked 
| 253|0x000000008fd00000, 0x000000008fd00000, 0x000000008fe00000|  0%| F|  |TAMS 0x000000008fd00000, 0x000000008fd00000| Untracked 
| 254|0x000000008fe00000, 0x000000008fe00000, 0x000000008ff00000|  0%| F|  |TAMS 0x000000008fe00000, 0x000000008fe00000| Untracked 
| 255|0x000000008ff00000, 0x000000008ff00000, 0x0000000090000000|  0%| F|  |TAMS 0x000000008ff00000, 0x000000008ff00000| Untracked 
| 256|0x0000000090000000, 0x0000000090000000, 0x0000000090100000|  0%| F|  |TAMS 0x0000000090000000, 0x0000000090000000| Untracked 
| 257|0x0000000090100000, 0x0000000090100000, 0x0000000090200000|  0%| F|  |TAMS 0x0000000090100000, 0x0000000090100000| Untracked 
| 258|0x0000000090200000, 0x0000000090200000, 0x0000000090300000|  0%| F|  |TAMS 0x0000000090200000, 0x0000000090200000| Untracked 
| 259|0x0000000090300000, 0x0000000090300000, 0x0000000090400000|  0%| F|  |TAMS 0x0000000090300000, 0x0000000090300000| Untracked 
| 260|0x0000000090400000, 0x0000000090400000, 0x0000000090500000|  0%| F|  |TAMS 0x0000000090400000, 0x0000000090400000| Untracked 
| 261|0x0000000090500000, 0x0000000090500000, 0x0000000090600000|  0%| F|  |TAMS 0x0000000090500000, 0x0000000090500000| Untracked 
| 262|0x0000000090600000, 0x0000000090600000, 0x0000000090700000|  0%| F|  |TAMS 0x0000000090600000, 0x0000000090600000| Untracked 
| 263|0x0000000090700000, 0x0000000090700000, 0x0000000090800000|  0%| F|  |TAMS 0x0000000090700000, 0x0000000090700000| Untracked 
| 264|0x0000000090800000, 0x0000000090800000, 0x0000000090900000|  0%| F|  |TAMS 0x0000000090800000, 0x0000000090800000| Untracked 
| 265|0x0000000090900000, 0x0000000090900000, 0x0000000090a00000|  0%| F|  |TAMS 0x0000000090900000, 0x0000000090900000| Untracked 
| 266|0x0000000090a00000, 0x0000000090a00000, 0x0000000090b00000|  0%| F|  |TAMS 0x0000000090a00000, 0x0000000090a00000| Untracked 
| 267|0x0000000090b00000, 0x0000000090b00000, 0x0000000090c00000|  0%| F|  |TAMS 0x0000000090b00000, 0x0000000090b00000| Untracked 
| 268|0x0000000090c00000, 0x0000000090c00000, 0x0000000090d00000|  0%| F|  |TAMS 0x0000000090c00000, 0x0000000090c00000| Untracked 
| 269|0x0000000090d00000, 0x0000000090d00000, 0x0000000090e00000|  0%| F|  |TAMS 0x0000000090d00000, 0x0000000090d00000| Untracked 
| 270|0x0000000090e00000, 0x0000000090e00000, 0x0000000090f00000|  0%| F|  |TAMS 0x0000000090e00000, 0x0000000090e00000| Untracked 
| 271|0x0000000090f00000, 0x0000000090f00000, 0x0000000091000000|  0%| F|  |TAMS 0x0000000090f00000, 0x0000000090f00000| Untracked 
| 272|0x0000000091000000, 0x0000000091000000, 0x0000000091100000|  0%| F|  |TAMS 0x0000000091000000, 0x0000000091000000| Untracked 
| 273|0x0000000091100000, 0x0000000091100000, 0x0000000091200000|  0%| F|  |TAMS 0x0000000091100000, 0x0000000091100000| Untracked 
| 274|0x0000000091200000, 0x0000000091200000, 0x0000000091300000|  0%| F|  |TAMS 0x0000000091200000, 0x0000000091200000| Untracked 
| 275|0x0000000091300000, 0x0000000091300000, 0x0000000091400000|  0%| F|  |TAMS 0x0000000091300000, 0x0000000091300000| Untracked 
| 276|0x0000000091400000, 0x0000000091400000, 0x0000000091500000|  0%| F|  |TAMS 0x0000000091400000, 0x0000000091400000| Untracked 
| 277|0x0000000091500000, 0x0000000091500000, 0x0000000091600000|  0%| F|  |TAMS 0x0000000091500000, 0x0000000091500000| Untracked 

Card table byte_map: [0x0000012a1a310000,0x0000012a1a710000] _byte_map_base: 0x0000012a19f10000

Marking Bits (Prev, Next): (CMBitMap*) 0x0000012a0743ec78, (CMBitMap*) 0x0000012a0743ecb0
 Prev Bits: [0x0000012a1ab10000, 0x0000012a1cb10000)
 Next Bits: [0x0000012a1cb10000, 0x0000012a1eb10000)

Polling page: 0x0000012a06be0000

Metaspace:

Usage:
  Non-class:    125.12 MB capacity,   122.67 MB ( 98%) used,     1.99 MB (  2%) free+waste,   466.75 KB ( <1%) overhead. 
      Class:     18.83 MB capacity,    17.45 MB ( 93%) used,     1.18 MB (  6%) free+waste,   202.44 KB (  1%) overhead. 
       Both:    143.94 MB capacity,   140.12 MB ( 97%) used,     3.17 MB (  2%) free+waste,   669.19 KB ( <1%) overhead. 

Virtual space:
  Non-class space:      126.00 MB reserved,     125.25 MB (>99%) committed 
      Class space:        1.00 GB reserved,      18.95 MB (  2%) committed 
             Both:        1.12 GB reserved,     144.20 MB ( 13%) committed 

Chunk freelists:
   Non-Class:  10.00 KB
       Class:  0 bytes
        Both:  10.00 KB

MaxMetaspaceSize: 17179869184.00 GB
CompressedClassSpaceSize: 1.00 GB
Initial GC threshold: 20.80 MB
Current GC threshold: 239.71 MB
CDS: off

CodeHeap 'non-profiled nmethods': size=120064Kb used=16207Kb max_used=16207Kb free=103856Kb
 bounds [0x0000012a129d0000, 0x0000012a139c0000, 0x0000012a19f10000]
CodeHeap 'profiled nmethods': size=120000Kb used=49900Kb max_used=50261Kb free=70099Kb
 bounds [0x0000012a0b4a0000, 0x0000012a0e6e0000, 0x0000012a129d0000]
CodeHeap 'non-nmethods': size=5696Kb used=2505Kb max_used=2610Kb free=3190Kb
 bounds [0x0000012a0af10000, 0x0000012a0b1b0000, 0x0000012a0b4a0000]
 total_blobs=22260 nmethods=21213 adapters=957
 compilation: enabled
              stopped_count=0, restarted_count=0
 full_count=0

Compilation events (20 events):
Event: 60.124 Thread 0x0000012a218a1000 24066       3       com.android.tools.r8.ir.conversion.r::a (3422 bytes)
Event: 60.148 Thread 0x0000012a218a1000 nmethod 24066 0x0000012a0e6b8e10 code [0x0000012a0e6baa20, 0x0000012a0e6cc698]
Event: 60.148 Thread 0x0000012a218a1000 24067       2       com.android.tools.r8.graph.L::x (8 bytes)
Event: 60.148 Thread 0x0000012a218a1000 nmethod 24067 0x0000012a0be50110 code [0x0000012a0be502c0, 0x0000012a0be503e8]
Event: 60.150 Thread 0x0000012a218a1000 24068       2       com.android.tools.r8.ir.conversion.r$$Lambda$1555/0x00000001011ca440::get$Lambda (9 bytes)
Event: 60.150 Thread 0x0000012a218a1000 nmethod 24068 0x0000012a0be4fc10 code [0x0000012a0be4fdc0, 0x0000012a0be4ff38]
Event: 60.199 Thread 0x0000012a218a1000 24070       2       com.android.tools.r8.internal.h4::a (38 bytes)
Event: 60.200 Thread 0x0000012a218a1000 nmethod 24070 0x0000012a0bd8ac90 code [0x0000012a0bd8aec0, 0x0000012a0bd8b328]
Event: 60.409 Thread 0x0000012a218a1000 24072       2       com.android.tools.r8.internal.tm::toArray (87 bytes)
Event: 60.409 Thread 0x0000012a218a1000 nmethod 24072 0x0000012a0be8ca10 code [0x0000012a0be8cc40, 0x0000012a0be8cfd8]
Event: 60.497 Thread 0x0000012a218a1000 24075       2       com.android.tools.r8.internal.XD::compare (22 bytes)
Event: 60.497 Thread 0x0000012a218a1000 nmethod 24075 0x0000012a0beede90 code [0x0000012a0beee060, 0x0000012a0beee258]
Event: 60.530 Thread 0x0000012a218a1000 24077       2       com.android.tools.r8.internal.Zy::a (70 bytes)
Event: 60.531 Thread 0x0000012a218a1000 nmethod 24077 0x0000012a0bf40d90 code [0x0000012a0bf40fc0, 0x0000012a0bf41368]
Event: 60.554 Thread 0x0000012a2189f800 nmethod 23819% 0x0000012a139a8010 code [0x0000012a139a9300, 0x0000012a139b1f80]
Event: 60.557 Thread 0x0000012a2189f800 24071       4       com.android.tools.r8.internal.tm::toArray (8 bytes)
Event: 60.562 Thread 0x0000012a2189f800 nmethod 24071 0x0000012a13423a90 code [0x0000012a13423c60, 0x0000012a13424198]
Event: 60.563 Thread 0x0000012a2189f800 24076       4       com.android.tools.r8.internal.tm::toArray (87 bytes)
Event: 60.569 Thread 0x0000012a2189f800 nmethod 24076 0x0000012a1329c610 code [0x0000012a1329c7e0, 0x0000012a1329ceb8]
Event: 60.569 Thread 0x0000012a2189f800 23899 %     4       com.android.tools.r8.ir.regalloc.b::a @ 281 (957 bytes)

GC Heap History (20 events):
Event: 57.402 GC heap after
{Heap after GC invocations=87 (full 0):
 garbage-first heap   total 284672K, used 165010K [0x0000000080000000, 0x0000000100000000)
  region size 1024K, 3 young (3072K), 3 survivors (3072K)
 Metaspace       used 143393K, capacity 147309K, committed 147532K, reserved 1177600K
  class space    used 17862K, capacity 19270K, committed 19276K, reserved 1048576K
}
Event: 57.617 GC heap before
{Heap before GC invocations=87 (full 0):
 garbage-first heap   total 284672K, used 241810K [0x0000000080000000, 0x0000000100000000)
  region size 1024K, 78 young (79872K), 3 survivors (3072K)
 Metaspace       used 143409K, capacity 147317K, committed 147532K, reserved 1177600K
  class space    used 17863K, capacity 19273K, committed 19276K, reserved 1048576K
}
Event: 57.621 GC heap after
{Heap after GC invocations=88 (full 0):
 garbage-first heap   total 284672K, used 166292K [0x0000000080000000, 0x0000000100000000)
  region size 1024K, 4 young (4096K), 4 survivors (4096K)
 Metaspace       used 143409K, capacity 147317K, committed 147532K, reserved 1177600K
  class space    used 17863K, capacity 19273K, committed 19276K, reserved 1048576K
}
Event: 57.848 GC heap before
{Heap before GC invocations=88 (full 0):
 garbage-first heap   total 284672K, used 243092K [0x0000000080000000, 0x0000000100000000)
  region size 1024K, 79 young (80896K), 4 survivors (4096K)
 Metaspace       used 143416K, capacity 147325K, committed 147532K, reserved 1177600K
  class space    used 17865K, capacity 19276K, committed 19276K, reserved 1048576K
}
Event: 57.852 GC heap after
{Heap after GC invocations=89 (full 0):
 garbage-first heap   total 284672K, used 165621K [0x0000000080000000, 0x0000000100000000)
  region size 1024K, 4 young (4096K), 4 survivors (4096K)
 Metaspace       used 143416K, capacity 147325K, committed 147532K, reserved 1177600K
  class space    used 17865K, capacity 19276K, committed 19276K, reserved 1048576K
}
Event: 58.255 GC heap before
{Heap before GC invocations=89 (full 0):
 garbage-first heap   total 284672K, used 243445K [0x0000000080000000, 0x0000000100000000)
  region size 1024K, 81 young (82944K), 4 survivors (4096K)
 Metaspace       used 143439K, capacity 147327K, committed 147660K, reserved 1177600K
  class space    used 17866K, capacity 19277K, committed 19404K, reserved 1048576K
}
Event: 58.257 GC heap after
{Heap after GC invocations=90 (full 0):
 garbage-first heap   total 284672K, used 164244K [0x0000000080000000, 0x0000000100000000)
  region size 1024K, 2 young (2048K), 2 survivors (2048K)
 Metaspace       used 143439K, capacity 147327K, committed 147660K, reserved 1177600K
  class space    used 17866K, capacity 19277K, committed 19404K, reserved 1048576K
}
Event: 58.491 GC heap before
{Heap before GC invocations=90 (full 0):
 garbage-first heap   total 284672K, used 245140K [0x0000000080000000, 0x0000000100000000)
  region size 1024K, 81 young (82944K), 2 survivors (2048K)
 Metaspace       used 143447K, capacity 147327K, committed 147660K, reserved 1177600K
  class space    used 17866K, capacity 19277K, committed 19404K, reserved 1048576K
}
Event: 58.496 GC heap after
{Heap after GC invocations=91 (full 0):
 garbage-first heap   total 284672K, used 166239K [0x0000000080000000, 0x0000000100000000)
  region size 1024K, 4 young (4096K), 4 survivors (4096K)
 Metaspace       used 143447K, capacity 147327K, committed 147660K, reserved 1177600K
  class space    used 17866K, capacity 19277K, committed 19404K, reserved 1048576K
}
Event: 58.699 GC heap before
{Heap before GC invocations=91 (full 0):
 garbage-first heap   total 284672K, used 246111K [0x0000000080000000, 0x0000000100000000)
  region size 1024K, 82 young (83968K), 4 survivors (4096K)
 Metaspace       used 143453K, capacity 147327K, committed 147660K, reserved 1177600K
  class space    used 17866K, capacity 19277K, committed 19404K, reserved 1048576K
}
Event: 58.704 GC heap after
{Heap after GC invocations=92 (full 0):
 garbage-first heap   total 284672K, used 166795K [0x0000000080000000, 0x0000000100000000)
  region size 1024K, 5 young (5120K), 5 survivors (5120K)
 Metaspace       used 143453K, capacity 147327K, committed 147660K, reserved 1177600K
  class space    used 17866K, capacity 19277K, committed 19404K, reserved 1048576K
}
Event: 58.965 GC heap before
{Heap before GC invocations=92 (full 0):
 garbage-first heap   total 284672K, used 244619K [0x0000000080000000, 0x0000000100000000)
  region size 1024K, 82 young (83968K), 5 survivors (5120K)
 Metaspace       used 143462K, capacity 147329K, committed 147660K, reserved 1177600K
  class space    used 17866K, capacity 19277K, committed 19404K, reserved 1048576K
}
Event: 58.980 GC heap after
{Heap after GC invocations=93 (full 0):
 garbage-first heap   total 284672K, used 169298K [0x0000000080000000, 0x0000000100000000)
  region size 1024K, 7 young (7168K), 7 survivors (7168K)
 Metaspace       used 143462K, capacity 147329K, committed 147660K, reserved 1177600K
  class space    used 17866K, capacity 19277K, committed 19404K, reserved 1048576K
}
Event: 59.285 GC heap before
{Heap before GC invocations=93 (full 0):
 garbage-first heap   total 284672K, used 246098K [0x0000000080000000, 0x0000000100000000)
  region size 1024K, 82 young (83968K), 7 survivors (7168K)
 Metaspace       used 143465K, capacity 147329K, committed 147660K, reserved 1177600K
  class space    used 17866K, capacity 19277K, committed 19404K, reserved 1048576K
}
Event: 59.292 GC heap after
{Heap after GC invocations=94 (full 0):
 garbage-first heap   total 284672K, used 169189K [0x0000000080000000, 0x0000000100000000)
  region size 1024K, 6 young (6144K), 6 survivors (6144K)
 Metaspace       used 143465K, capacity 147329K, committed 147660K, reserved 1177600K
  class space    used 17866K, capacity 19277K, committed 19404K, reserved 1048576K
}
Event: 59.484 GC heap before
{Heap before GC invocations=94 (full 0):
 garbage-first heap   total 284672K, used 245989K [0x0000000080000000, 0x0000000100000000)
  region size 1024K, 82 young (83968K), 6 survivors (6144K)
 Metaspace       used 143467K, capacity 147393K, committed 147660K, reserved 1177600K
  class space    used 17866K, capacity 19277K, committed 19404K, reserved 1048576K
}
Event: 59.494 GC heap after
{Heap after GC invocations=95 (full 0):
 garbage-first heap   total 284672K, used 171917K [0x0000000080000000, 0x0000000100000000)
  region size 1024K, 9 young (9216K), 9 survivors (9216K)
 Metaspace       used 143467K, capacity 147393K, committed 147660K, reserved 1177600K
  class space    used 17866K, capacity 19277K, committed 19404K, reserved 1048576K
}
Event: 59.968 GC heap before
{Heap before GC invocations=95 (full 0):
 garbage-first heap   total 284672K, used 245645K [0x0000000080000000, 0x0000000100000000)
  region size 1024K, 81 young (82944K), 9 survivors (9216K)
 Metaspace       used 143473K, capacity 147393K, committed 147660K, reserved 1177600K
  class space    used 17866K, capacity 19277K, committed 19404K, reserved 1048576K
}
Event: 59.983 GC heap after
{Heap after GC invocations=96 (full 0):
 garbage-first heap   total 284672K, used 175230K [0x0000000080000000, 0x0000000100000000)
  region size 1024K, 9 young (9216K), 9 survivors (9216K)
 Metaspace       used 143473K, capacity 147393K, committed 147660K, reserved 1177600K
  class space    used 17866K, capacity 19277K, committed 19404K, reserved 1048576K
}
Event: 60.612 GC heap before
{Heap before GC invocations=96 (full 0):
 garbage-first heap   total 284672K, used 241790K [0x0000000080000000, 0x0000000100000000)
  region size 1024K, 75 young (76800K), 9 survivors (9216K)
 Metaspace       used 143478K, capacity 147396K, committed 147660K, reserved 1177600K
  class space    used 17867K, capacity 19278K, committed 19404K, reserved 1048576K
}

Deoptimization events (20 events):
Event: 60.077 Thread 0x0000012a24671800 DEOPT PACKING pc=0x0000012a136f9ce8 sp=0x000000234f3f9570
Event: 60.077 Thread 0x0000012a24671800 DEOPT UNPACKING pc=0x0000012a0af5a1af sp=0x000000234f3f94b0 mode 2
Event: 60.083 Thread 0x0000012a24671800 DEOPT PACKING pc=0x0000012a0c1450ba sp=0x000000234f3f99d0
Event: 60.083 Thread 0x0000012a24671800 DEOPT UNPACKING pc=0x0000012a0af5a95e sp=0x000000234f3f8fb8 mode 0
Event: 60.095 Thread 0x0000012a24671800 DEOPT PACKING pc=0x0000012a0df715e1 sp=0x000000234f3f9620
Event: 60.095 Thread 0x0000012a24671800 DEOPT UNPACKING pc=0x0000012a0af5a95e sp=0x000000234f3f8cd0 mode 0
Event: 60.123 Thread 0x0000012a24671800 DEOPT PACKING pc=0x0000012a0df3b69f sp=0x000000234f3f9190
Event: 60.123 Thread 0x0000012a24671800 DEOPT UNPACKING pc=0x0000012a0af5a95e sp=0x000000234f3f8a20 mode 0
Event: 60.334 Thread 0x0000012a26ff2000 DEOPT PACKING pc=0x0000012a0dfaaf3a sp=0x000000234e5f8b00
Event: 60.334 Thread 0x0000012a26ff2000 DEOPT UNPACKING pc=0x0000012a0af5a95e sp=0x000000234e5f8140 mode 0
Event: 60.402 Thread 0x0000012a24671800 Uncommon trap: trap_request=0xffffffde fr.pc=0x0000012a136e6f34 relative=0x0000000000000554
Event: 60.402 Thread 0x0000012a24671800 Uncommon trap: reason=class_check action=maybe_recompile pc=0x0000012a136e6f34 method=com.android.tools.r8.internal.tm.toArray([Ljava/lang/Object;)[Ljava/lang/Object; @ 32 c2
Event: 60.402 Thread 0x0000012a24671800 DEOPT PACKING pc=0x0000012a136e6f34 sp=0x000000234f3f9340
Event: 60.402 Thread 0x0000012a24671800 DEOPT UNPACKING pc=0x0000012a0af5a1af sp=0x000000234f3f92e0 mode 2
Event: 60.417 Thread 0x0000012a24671800 DEOPT PACKING pc=0x0000012a0df3b69f sp=0x000000234f3f8f70
Event: 60.417 Thread 0x0000012a24671800 DEOPT UNPACKING pc=0x0000012a0af5a95e sp=0x000000234f3f8800 mode 0
Event: 60.419 Thread 0x0000012a24671800 DEOPT PACKING pc=0x0000012a0e031feb sp=0x000000234f3f9150
Event: 60.419 Thread 0x0000012a24671800 DEOPT UNPACKING pc=0x0000012a0af5a95e sp=0x000000234f3f87f8 mode 0
Event: 60.600 Thread 0x0000012a24671800 DEOPT PACKING pc=0x0000012a0c145aaa sp=0x000000234f3f9780
Event: 60.600 Thread 0x0000012a24671800 DEOPT UNPACKING pc=0x0000012a0af5a95e sp=0x000000234f3f8d60 mode 0

Classes redefined (0 events):
No events

Internal exceptions (20 events):
Event: 56.516 Thread 0x0000012a29458800 Exception <a 'sun/nio/fs/WindowsException'{0x000000008ef296d0}> (0x000000008ef296d0) thrown at [./src/hotspot/share/prims/jni.cpp, line 615]
Event: 56.565 Thread 0x0000012a29458800 Exception <a 'sun/nio/fs/WindowsException'{0x000000008e7439c8}> (0x000000008e7439c8) thrown at [./src/hotspot/share/prims/jni.cpp, line 615]
Event: 56.814 Thread 0x0000012a24cbb800 Exception <a 'sun/nio/fs/WindowsException'{0x00000000908323c8}> (0x00000000908323c8) thrown at [./src/hotspot/share/prims/jni.cpp, line 615]
Event: 56.824 Thread 0x0000012a24cbb800 Exception <a 'sun/nio/fs/WindowsException'{0x00000000906eccc8}> (0x00000000906eccc8) thrown at [./src/hotspot/share/prims/jni.cpp, line 615]
Event: 56.851 Thread 0x0000012a29458800 Exception <a 'sun/nio/fs/WindowsException'{0x000000008fddc128}> (0x000000008fddc128) thrown at [./src/hotspot/share/prims/jni.cpp, line 615]
Event: 56.860 Thread 0x0000012a29458800 Exception <a 'sun/nio/fs/WindowsException'{0x000000008facf570}> (0x000000008facf570) thrown at [./src/hotspot/share/prims/jni.cpp, line 615]
Event: 56.950 Thread 0x0000012a29458800 Exception <a 'sun/nio/fs/WindowsException'{0x000000008f71ce38}> (0x000000008f71ce38) thrown at [./src/hotspot/share/prims/jni.cpp, line 615]
Event: 56.957 Thread 0x0000012a29458800 Exception <a 'sun/nio/fs/WindowsException'{0x000000008edce220}> (0x000000008edce220) thrown at [./src/hotspot/share/prims/jni.cpp, line 615]
Event: 57.151 Thread 0x0000012a29455000 Exception <a 'sun/nio/fs/WindowsException'{0x000000008dbc46c8}> (0x000000008dbc46c8) thrown at [./src/hotspot/share/prims/jni.cpp, line 615]
Event: 57.310 Thread 0x0000012a2945e000 Exception <a 'sun/nio/fs/WindowsException'{0x000000008ead7f30}> (0x000000008ead7f30) thrown at [./src/hotspot/share/prims/jni.cpp, line 615]
Event: 57.467 Thread 0x0000012a24672800 Exception <a 'sun/nio/fs/WindowsException'{0x0000000090146e60}> (0x0000000090146e60) thrown at [./src/hotspot/share/prims/jni.cpp, line 615]
Event: 57.942 Thread 0x0000012a2945e000 Exception <a 'sun/nio/fs/WindowsException'{0x000000008f88c400}> (0x000000008f88c400) thrown at [./src/hotspot/share/prims/jni.cpp, line 615]
Event: 57.943 Thread 0x0000012a29455000 Exception <a 'sun/nio/fs/WindowsException'{0x0000000090079380}> (0x0000000090079380) thrown at [./src/hotspot/share/prims/jni.cpp, line 615]
Event: 57.973 Thread 0x0000012a24672800 Exception <a 'sun/nio/fs/WindowsException'{0x000000008fdd1cb0}> (0x000000008fdd1cb0) thrown at [./src/hotspot/share/prims/jni.cpp, line 615]
Event: 58.251 Thread 0x0000012a2945c800 Exception <a 'sun/nio/fs/WindowsException'{0x000000008c8c5c60}> (0x000000008c8c5c60) thrown at [./src/hotspot/share/prims/jni.cpp, line 615]
Event: 58.594 Thread 0x0000012a24cb7000 Exception <a 'sun/nio/fs/WindowsException'{0x000000008f0608c8}> (0x000000008f0608c8) thrown at [./src/hotspot/share/prims/jni.cpp, line 615]
Event: 58.690 Thread 0x0000012a24cb7000 Exception <a 'sun/nio/fs/WindowsException'{0x000000008c908d38}> (0x000000008c908d38) thrown at [./src/hotspot/share/prims/jni.cpp, line 615]
Event: 58.784 Thread 0x0000012a26ff2000 Exception <a 'sun/nio/fs/WindowsException'{0x000000008fcc3690}> (0x000000008fcc3690) thrown at [./src/hotspot/share/prims/jni.cpp, line 615]
Event: 59.446 Thread 0x0000012a24671800 Exception <a 'sun/nio/fs/WindowsException'{0x000000008dab3768}> (0x000000008dab3768) thrown at [./src/hotspot/share/prims/jni.cpp, line 615]
Event: 60.020 Thread 0x0000012a2945c800 Exception <a 'sun/nio/fs/WindowsException'{0x000000009089dc20}> (0x000000009089dc20) thrown at [./src/hotspot/share/prims/jni.cpp, line 615]

Events (20 events):
Event: 57.852 Executing VM operation: G1CollectForAllocation done
Event: 57.876 loading class com/android/tools/r8/internal/j0
Event: 57.876 loading class com/android/tools/r8/internal/j0 done
Event: 57.879 loading class com/android/tools/r8/internal/uJ
Event: 57.879 loading class com/android/tools/r8/internal/uJ done
Event: 58.255 Executing VM operation: G1CollectForAllocation
Event: 58.257 Executing VM operation: G1CollectForAllocation done
Event: 58.490 Executing VM operation: G1CollectForAllocation
Event: 58.497 Executing VM operation: G1CollectForAllocation done
Event: 58.699 Executing VM operation: G1CollectForAllocation
Event: 58.704 Executing VM operation: G1CollectForAllocation done
Event: 58.948 Executing VM operation: G1CollectForAllocation
Event: 58.980 Executing VM operation: G1CollectForAllocation done
Event: 59.285 Executing VM operation: G1CollectForAllocation
Event: 59.292 Executing VM operation: G1CollectForAllocation done
Event: 59.480 Executing VM operation: G1CollectForAllocation
Event: 59.494 Executing VM operation: G1CollectForAllocation done
Event: 59.964 Executing VM operation: G1CollectForAllocation
Event: 59.983 Executing VM operation: G1CollectForAllocation done
Event: 60.607 Executing VM operation: G1CollectForAllocation


Dynamic libraries:
0x00007ff6bb690000 - 0x00007ff6bb69a000 	D:\Android Studio\jre\bin\java.exe
0x00007ffe0eef0000 - 0x00007ffe0f0e8000 	C:\Windows\SYSTEM32\ntdll.dll
0x00007ffe0d070000 - 0x00007ffe0d12f000 	C:\Windows\System32\KERNEL32.DLL
0x00007ffe0cb60000 - 0x00007ffe0ce32000 	C:\Windows\System32\KERNELBASE.dll
0x00007ffe0c9b0000 - 0x00007ffe0cab0000 	C:\Windows\System32\ucrtbase.dll
0x00007ffe029e0000 - 0x00007ffe029f7000 	D:\Android Studio\jre\bin\VCRUNTIME140.dll
0x00007ffe05cc0000 - 0x00007ffe05cd9000 	D:\Android Studio\jre\bin\jli.dll
0x00007ffe0ec70000 - 0x00007ffe0ee11000 	C:\Windows\System32\USER32.dll
0x00007ffe0cf00000 - 0x00007ffe0cf22000 	C:\Windows\System32\win32u.dll
0x00007ffdfcb20000 - 0x00007ffdfcdba000 	C:\Windows\WinSxS\amd64_microsoft.windows.common-controls_6595b64144ccf1df_6.0.19041.1110_none_60b5254171f9507e\COMCTL32.dll
0x00007ffe0d040000 - 0x00007ffe0d06b000 	C:\Windows\System32\GDI32.dll
0x00007ffe0ded0000 - 0x00007ffe0df6e000 	C:\Windows\System32\msvcrt.dll
0x00007ffe0c7e0000 - 0x00007ffe0c8ef000 	C:\Windows\System32\gdi32full.dll
0x00007ffe0c5e0000 - 0x00007ffe0c67d000 	C:\Windows\System32\msvcp_win.dll
0x00007ffe0de30000 - 0x00007ffe0de62000 	C:\Windows\System32\IMM32.DLL
0x00007ffdf63b0000 - 0x00007ffdf644d000 	D:\Android Studio\jre\bin\msvcp140.dll
0x00007ffdaf640000 - 0x00007ffdb0125000 	D:\Android Studio\jre\bin\server\jvm.dll
0x00007ffe0d690000 - 0x00007ffe0d73e000 	C:\Windows\System32\ADVAPI32.dll
0x00007ffe0dc10000 - 0x00007ffe0dcac000 	C:\Windows\System32\sechost.dll
0x00007ffe0e890000 - 0x00007ffe0e9b5000 	C:\Windows\System32\RPCRT4.dll
0x00007ffe0eea0000 - 0x00007ffe0eea8000 	C:\Windows\System32\PSAPI.DLL
0x00007ffe09da0000 - 0x00007ffe09da9000 	C:\Windows\SYSTEM32\WSOCK32.dll
0x00007ffe0d1b0000 - 0x00007ffe0d21b000 	C:\Windows\System32\WS2_32.dll
0x00007ffdfc800000 - 0x00007ffdfc827000 	C:\Windows\SYSTEM32\WINMM.dll
0x00007ffe06070000 - 0x00007ffe0607a000 	C:\Windows\SYSTEM32\VERSION.dll
0x00007ffe0a4c0000 - 0x00007ffe0a4d2000 	C:\Windows\SYSTEM32\kernel.appcore.dll
0x00007ffe02530000 - 0x00007ffe02541000 	D:\Android Studio\jre\bin\verify.dll
0x00007ffdf5740000 - 0x00007ffdf5924000 	C:\Windows\SYSTEM32\DBGHELP.DLL
0x00007ffdf52b0000 - 0x00007ffdf52e5000 	C:\Windows\SYSTEM32\dbgcore.DLL
0x00007ffe0c8f0000 - 0x00007ffe0c972000 	C:\Windows\System32\bcryptPrimitives.dll
0x00007ffdfc680000 - 0x00007ffdfc6a9000 	D:\Android Studio\jre\bin\java.dll
0x00007ffe08010000 - 0x00007ffe0801b000 	D:\Android Studio\jre\bin\jimage.dll
0x00007ffdfc660000 - 0x00007ffdfc678000 	D:\Android Studio\jre\bin\zip.dll
0x00007ffe0e120000 - 0x00007ffe0e864000 	C:\Windows\System32\SHELL32.dll
0x00007ffe0a6c0000 - 0x00007ffe0ae52000 	C:\Windows\SYSTEM32\windows.storage.dll
0x00007ffe0d740000 - 0x00007ffe0da95000 	C:\Windows\System32\combase.dll
0x00007ffe0bfd0000 - 0x00007ffe0c000000 	C:\Windows\SYSTEM32\Wldp.dll
0x00007ffe0e9c0000 - 0x00007ffe0ea6d000 	C:\Windows\System32\SHCORE.dll
0x00007ffe0ee20000 - 0x00007ffe0ee75000 	C:\Windows\System32\shlwapi.dll
0x00007ffe0c520000 - 0x00007ffe0c53f000 	C:\Windows\SYSTEM32\profapi.dll
0x00007ffdfc5f0000 - 0x00007ffdfc60a000 	D:\Android Studio\jre\bin\net.dll
0x00007ffe076a0000 - 0x00007ffe077ac000 	C:\Windows\SYSTEM32\WINHTTP.dll
0x00007ffe0bcc0000 - 0x00007ffe0bd2a000 	C:\Windows\system32\mswsock.dll
0x00007ffdf93f0000 - 0x00007ffdf9404000 	D:\Android Studio\jre\bin\nio.dll
0x00007ffdf16e0000 - 0x00007ffdf1707000 	C:\Users\posox\.gradle\native\e1d6ef7f7dcc3fd88c89a11ec53ec762bb8ba0a96d01ffa2cd45eb1d1d8dd5c5\windows-amd64\native-platform.dll
0x00007ffdec680000 - 0x00007ffdec7c4000 	C:\Users\posox\.gradle\native\5664cfc778a61ccfe75a443a1ab52a65af34e5dc3c78e0209fed803814484fcb\windows-amd64\native-platform-file-events.dll
0x00007ffe02420000 - 0x00007ffe0242a000 	D:\Android Studio\jre\bin\management.dll
0x00007ffdfc5b0000 - 0x00007ffdfc5bd000 	D:\Android Studio\jre\bin\management_ext.dll
0x00007ffe0beb0000 - 0x00007ffe0bec8000 	C:\Windows\SYSTEM32\CRYPTSP.dll
0x00007ffe0b5e0000 - 0x00007ffe0b614000 	C:\Windows\system32\rsaenh.dll
0x00007ffe0c980000 - 0x00007ffe0c9a7000 	C:\Windows\System32\bcrypt.dll
0x00007ffe0c4e0000 - 0x00007ffe0c50e000 	C:\Windows\SYSTEM32\USERENV.dll
0x00007ffe0bed0000 - 0x00007ffe0bedc000 	C:\Windows\SYSTEM32\CRYPTBASE.dll
0x00007ffe0b9b0000 - 0x00007ffe0b9eb000 	C:\Windows\SYSTEM32\IPHLPAPI.DLL
0x00007ffe0e870000 - 0x00007ffe0e878000 	C:\Windows\System32\NSI.dll
0x00007ffe06e70000 - 0x00007ffe06e87000 	C:\Windows\SYSTEM32\dhcpcsvc6.DLL
0x00007ffe06e50000 - 0x00007ffe06e6d000 	C:\Windows\SYSTEM32\dhcpcsvc.DLL
0x00007ffe0b9f0000 - 0x00007ffe0baba000 	C:\Windows\SYSTEM32\DNSAPI.dll
0x00007ffdf7b30000 - 0x00007ffdf7b57000 	D:\Android Studio\jre\bin\sunec.dll
0x00007ffe05f80000 - 0x00007ffe05f8a000 	C:\Windows\System32\rasadhlp.dll
0x00007ffe05390000 - 0x00007ffe05410000 	C:\Windows\System32\fwpuclnt.dll

dbghelp: loaded successfully - version: 4.0.5 - missing functions: none
symbol engine: initialized successfully - sym options: 0x614 - pdb path: .;D:\Android Studio\jre\bin;C:\Windows\SYSTEM32;C:\Windows\WinSxS\amd64_microsoft.windows.common-controls_6595b64144ccf1df_6.0.19041.1110_none_60b5254171f9507e;D:\Android Studio\jre\bin\server;C:\Users\posox\.gradle\native\e1d6ef7f7dcc3fd88c89a11ec53ec762bb8ba0a96d01ffa2cd45eb1d1d8dd5c5\windows-amd64;C:\Users\posox\.gradle\native\5664cfc778a61ccfe75a443a1ab52a65af34e5dc3c78e0209fed803814484fcb\windows-amd64

VM Arguments:
jvm_args: --add-opens=java.base/java.util=ALL-UNNAMED --add-opens=java.base/java.lang=ALL-UNNAMED --add-opens=java.base/java.lang.invoke=ALL-UNNAMED --add-opens=java.base/java.util=ALL-UNNAMED --add-opens=java.prefs/java.util.prefs=ALL-UNNAMED --add-opens=java.prefs/java.util.prefs=ALL-UNNAMED --add-opens=java.base/java.nio.charset=ALL-UNNAMED --add-opens=java.base/java.net=ALL-UNNAMED --add-opens=java.base/java.util.concurrent.atomic=ALL-UNNAMED -Xmx2048m -Dfile.encoding=UTF-8 -Duser.country=US -Duser.language=en -Duser.variant 
java_command: org.gradle.launcher.daemon.bootstrap.GradleDaemon 7.3.3
java_class_path (initial): C:\Users\posox\.gradle\wrapper\dists\gradle-7.3.3-bin\6a41zxkdtcxs8rphpq6y0069z\gradle-7.3.3\lib\gradle-launcher-7.3.3.jar
Launcher Type: SUN_STANDARD

[Global flags]
     intx CICompilerCount                          = 3                                         {product} {ergonomic}
     uint ConcGCThreads                            = 1                                         {product} {ergonomic}
     uint G1ConcRefinementThreads                  = 4                                         {product} {ergonomic}
   size_t G1HeapRegionSize                         = 1048576                                   {product} {ergonomic}
    uintx GCDrainStackTargetSize                   = 64                                        {product} {ergonomic}
   size_t InitialHeapSize                          = 201326592                                 {product} {ergonomic}
   size_t MarkStackSize                            = 4194304                                   {product} {ergonomic}
   size_t MaxHeapSize                              = 2147483648                                {product} {command line}
   size_t MaxNewSize                               = 1287651328                                {product} {ergonomic}
   size_t MinHeapDeltaBytes                        = 1048576                                   {product} {ergonomic}
    uintx NonNMethodCodeHeapSize                   = 5830732                                {pd product} {ergonomic}
    uintx NonProfiledCodeHeapSize                  = 122913754                              {pd product} {ergonomic}
    uintx ProfiledCodeHeapSize                     = 122913754                              {pd product} {ergonomic}
    uintx ReservedCodeCacheSize                    = 251658240                              {pd product} {ergonomic}
     bool SegmentedCodeCache                       = true                                      {product} {ergonomic}
     bool UseCompressedClassPointers               = true                                 {lp64_product} {ergonomic}
     bool UseCompressedOops                        = true                                 {lp64_product} {ergonomic}
     bool UseG1GC                                  = true                                      {product} {ergonomic}
     bool UseLargePagesIndividualAllocation        = false                                  {pd product} {ergonomic}

Logging:
Log output configuration:
 #0: stdout all=warning uptime,level,tags
 #1: stderr all=off uptime,level,tags

Environment Variables:
JAVA_HOME=C:\Program Files\Java\jdk-18.0.2.1
PATH=C:\Program Files\Common Files\Oracle\Java\javapath;C:\Windows\system32;C:\Windows;C:\Windows\System32\Wbem;C:\Windows\System32\WindowsPowerShell\v1.0\;C:\Windows\System32\OpenSSH\;C:\Program Files\Git\cmd;C:\Program Files\Java\jdk-18.0.2.1\bin;;C:\Program Files (x86)\NVIDIA Corporation\PhysX\Common;C:\Users\posox\AppData\Local\Microsoft\WindowsApps;
USERNAME=posox
OS=Windows_NT
PROCESSOR_IDENTIFIER=Intel64 Family 6 Model 60 Stepping 3, GenuineIntel



---------------  S Y S T E M  ---------------

OS: Windows 10 , 64 bit Build 19041 (10.0.19041.2364)
OS uptime: 1 days 4:10 hours

CPU:total 4 (initial active 4) (4 cores per cpu, 1 threads per core) family 6 model 60 stepping 3 microcode 0x27, cmov, cx8, fxsr, mmx, sse, sse2, sse3, ssse3, sse4.1, sse4.2, popcnt, avx, avx2, aes, clmul, erms, lzcnt, tsc, tscinvbit, bmi1, bmi2, fma

Memory: 4k page, system-wide physical 12175M (747M free)
TotalPageFile size 14223M (AvailPageFile size 57M)
current process WorkingSet (physical memory assigned to process): 710M, peak: 733M
current process commit charge ("private bytes"): 740M, peak: 820M

vm_info: OpenJDK 64-Bit Server VM (11.0.12+7-b1504.28-7817840) for windows-amd64 JRE (11.0.12+7-b1504.28-7817840), built on Oct 13 2021 22:12:33 by "builder" with MS VC++ 14.0 (VS2015)

END.
